{
  "stats": {
    "suites": 1,
    "tests": 7,
    "passes": 3,
    "pending": 0,
    "failures": 4,
    "start": "2023-06-09T13:26:39.410Z",
    "end": "2023-06-09T13:28:58.348Z",
    "duration": 138938,
    "testsRegistered": 7,
    "passPercent": 42.857142857142854,
    "pendingPercent": 0,
    "other": 0,
    "hasOther": false,
    "skipped": 0,
    "hasSkipped": false
  },
  "results": [
    {
      "uuid": "833e36d2-71f5-4f8a-9cc1-f28eaa513ac1",
      "title": "",
      "fullFile": "cypress\\e2e\\auth\\auth.spec.cy.js",
      "file": "cypress\\e2e\\auth\\auth.spec.cy.js",
      "beforeHooks": [],
      "afterHooks": [],
      "tests": [],
      "suites": [
        {
          "uuid": "d5de2858-73a8-4fb7-a167-46ca3eb69472",
          "title": "login page tests",
          "fullFile": "",
          "file": "",
          "beforeHooks": [],
          "afterHooks": [],
          "tests": [
            {
              "title": "it should successfully visit the login page",
              "fullTitle": "login page tests it should successfully visit the login page",
              "timedOut": null,
              "duration": 6235,
              "state": "passed",
              "speed": "medium",
              "pass": true,
              "fail": false,
              "pending": false,
              "context": null,
              "code": "cy.visit('/');\ncy.contains(_authSelectors.authSelectors.loginHeading).should(\"be.visible\");\ncy.get(_authSelectors.authSelectors.welcomeText).should(\"exist\");",
              "err": {},
              "uuid": "8d526817-cd71-4365-ba6f-82bb62c12830",
              "parentUUID": "d5de2858-73a8-4fb7-a167-46ca3eb69472",
              "isHook": false,
              "skipped": false
            },
            {
              "title": "it should successfully sign in a registered user with valid email and password",
              "fullTitle": "login page tests it should successfully sign in a registered user with valid email and password",
              "timedOut": null,
              "duration": 32117,
              "state": "failed",
              "speed": null,
              "pass": false,
              "fail": true,
              "pending": false,
              "context": null,
              "code": "cy.visit('/');\ncy.get(_authSelectors.authSelectors.emailId).type(_authdata.default.email);\ncy.get(_authSelectors.authSelectors.passwordId).type(_authdata.default.password);\ncy.get(_authSelectors.authSelectors.signInbutton).click();\ncy.get(_authSelectors.authSelectors.welcomeUser).should('be.visible');\ncy.contains(_authSelectors.authSelectors.welcomeMsg1, {\n  matchCase: false\n}).should(\"be.visible\");\ncy.contains(_authSelectors.authSelectors.welcomeMsg2, {\n  matchCase: false\n}).should(\"be.visible\");",
              "err": {
                "message": "AssertionError: Timed out retrying after 30000ms: Expected to find element: `label.v-label:nth(1)`, but never found it.",
                "estack": "AssertionError: Timed out retrying after 30000ms: Expected to find element: `label.v-label:nth(1)`, but never found it.\n    at Context.eval (webpack:///./cypress/e2e/auth/auth.spec.cy.js:16:38)",
                "diff": null
              },
              "uuid": "0cfcc8d8-f8b7-4270-bdbe-1c3d4804af94",
              "parentUUID": "d5de2858-73a8-4fb7-a167-46ca3eb69472",
              "isHook": false,
              "skipped": false
            },
            {
              "title": "it should successfully sign in a registered user with valid username and password",
              "fullTitle": "login page tests it should successfully sign in a registered user with valid username and password",
              "timedOut": null,
              "duration": 32153,
              "state": "failed",
              "speed": null,
              "pass": false,
              "fail": true,
              "pending": false,
              "context": null,
              "code": "cy.visit('/');\ncy.get(_authSelectors.authSelectors.emailId).type(_authdata.default.username);\ncy.get(_authSelectors.authSelectors.passwordId).type(_authdata.default.password);\ncy.get(_authSelectors.authSelectors.signInbutton).click();\ncy.get(_authSelectors.authSelectors.welcomeUser).should('be.visible');\ncy.contains(_authSelectors.authSelectors.welcomeMsg1, {\n  matchCase: false\n}).should(\"be.visible\");\ncy.contains(_authSelectors.authSelectors.welcomeMsg2, {\n  matchCase: false\n}).should(\"be.visible\");",
              "err": {
                "message": "AssertionError: Timed out retrying after 30000ms: Expected to find element: `label.v-label:nth(1)`, but never found it.",
                "estack": "AssertionError: Timed out retrying after 30000ms: Expected to find element: `label.v-label:nth(1)`, but never found it.\n    at Context.eval (webpack:///./cypress/e2e/auth/auth.spec.cy.js:27:38)",
                "diff": null
              },
              "uuid": "6cff9a2b-02fb-44da-ac7b-c4b366f7031a",
              "parentUUID": "d5de2858-73a8-4fb7-a167-46ca3eb69472",
              "isHook": false,
              "skipped": false
            },
            {
              "title": "should prompt for required field for the username or email input field",
              "fullTitle": "login page tests should prompt for required field for the username or email input field",
              "timedOut": null,
              "duration": 1737,
              "state": "passed",
              "speed": "fast",
              "pass": true,
              "fail": false,
              "pending": false,
              "context": null,
              "code": "cy.visit('/');\ncy.get(_authSelectors.authSelectors.passwordId).type(_authdata.default.password);\ncy.get(_authSelectors.authSelectors.signInbutton).click();\ncy.get(_authSelectors.authSelectors.requiredEmailError).next().should(\"have.text\", \"This field is required\", {\n  matchCase: false\n}).and(\"have.css\", \"color\", \"rgb(239, 68, 68)\");",
              "err": {},
              "uuid": "db270f8a-9ab7-436d-8b01-f4a2af991c70",
              "parentUUID": "d5de2858-73a8-4fb7-a167-46ca3eb69472",
              "isHook": false,
              "skipped": false
            },
            {
              "title": "should prompt for required field for the password input field",
              "fullTitle": "login page tests should prompt for required field for the password input field",
              "timedOut": null,
              "duration": 1320,
              "state": "passed",
              "speed": "fast",
              "pass": true,
              "fail": false,
              "pending": false,
              "context": null,
              "code": "cy.visit('/');\ncy.get(_authSelectors.authSelectors.emailId).type(_authdata.default.email);\ncy.get(_authSelectors.authSelectors.signInbutton).click();\ncy.get(_authSelectors.authSelectors.requiredPasswordError).should(\"have.text\", \"This field is required\", {\n  matchCase: false\n}).and(\"have.css\", \"color\", \"rgb(239, 68, 68)\");",
              "err": {},
              "uuid": "4965aa26-915a-409f-af9b-7569e1265faf",
              "parentUUID": "d5de2858-73a8-4fb7-a167-46ca3eb69472",
              "isHook": false,
              "skipped": false
            },
            {
              "title": "should prompt for Invalid credentials error when an unregistered email is used with a valid password",
              "fullTitle": "login page tests should prompt for Invalid credentials error when an unregistered email is used with a valid password",
              "timedOut": null,
              "duration": 31905,
              "state": "failed",
              "speed": null,
              "pass": false,
              "fail": true,
              "pending": false,
              "context": null,
              "code": "cy.visit('/');\ncy.get(_authSelectors.authSelectors.emailId).type(_authdata.default.invalidEmail);\ncy.get(_authSelectors.authSelectors.passwordId).type(_authdata.default.password);\ncy.get(_authSelectors.authSelectors.signInbutton).click();\ncy.contains(_authSelectors.authSelectors.credentialError, {\n  matchCase: false\n}).should(\"be.visible\").and(\"have.css\", \"color\", \"rgb(239, 68, 68)\");",
              "err": {
                "message": "AssertionError: Timed out retrying after 30000ms: Expected to find content: 'Invalid credentials' but never did.",
                "estack": "AssertionError: Timed out retrying after 30000ms: Expected to find content: 'Invalid credentials' but never did.\n    at Context.eval (webpack:///./cypress/e2e/auth/auth.spec.cy.js:59:7)",
                "diff": null
              },
              "uuid": "e9f9162b-820a-41e1-b6c7-24859a724f51",
              "parentUUID": "d5de2858-73a8-4fb7-a167-46ca3eb69472",
              "isHook": false,
              "skipped": false
            },
            {
              "title": "should prompt for Invalid credentials error when a registered email is used with an invalid password",
              "fullTitle": "login page tests should prompt for Invalid credentials error when a registered email is used with an invalid password",
              "timedOut": null,
              "duration": 33131,
              "state": "failed",
              "speed": null,
              "pass": false,
              "fail": true,
              "pending": false,
              "context": null,
              "code": "cy.visit('/');\ncy.get(_authSelectors.authSelectors.emailId).type(_authdata.default.email);\ncy.get(_authSelectors.authSelectors.passwordId).type(_authdata.default.invalidPassword);\ncy.get(_authSelectors.authSelectors.signInbutton).click();\ncy.contains(_authSelectors.authSelectors.credentialError, {\n  matchCase: false\n}).should(\"be.visible\").and(\"have.css\", \"color\", \"rgb(239, 68, 68)\");",
              "err": {
                "message": "AssertionError: Timed out retrying after 30000ms: Expected to find content: 'Invalid credentials' but never did.",
                "estack": "AssertionError: Timed out retrying after 30000ms: Expected to find content: 'Invalid credentials' but never did.\n    at Context.eval (webpack:///./cypress/e2e/auth/auth.spec.cy.js:68:7)",
                "diff": null
              },
              "uuid": "c36baa90-4575-41f8-9d17-25f41919ea40",
              "parentUUID": "d5de2858-73a8-4fb7-a167-46ca3eb69472",
              "isHook": false,
              "skipped": false
            }
          ],
          "suites": [],
          "passes": [
            "8d526817-cd71-4365-ba6f-82bb62c12830",
            "db270f8a-9ab7-436d-8b01-f4a2af991c70",
            "4965aa26-915a-409f-af9b-7569e1265faf"
          ],
          "failures": [
            "0cfcc8d8-f8b7-4270-bdbe-1c3d4804af94",
            "6cff9a2b-02fb-44da-ac7b-c4b366f7031a",
            "e9f9162b-820a-41e1-b6c7-24859a724f51",
            "c36baa90-4575-41f8-9d17-25f41919ea40"
          ],
          "pending": [],
          "skipped": [],
          "duration": 138598,
          "root": false,
          "rootEmpty": false,
          "_timeout": 2000
        }
      ],
      "passes": [],
      "failures": [],
      "pending": [],
      "skipped": [],
      "duration": 0,
      "root": true,
      "rootEmpty": true,
      "_timeout": 2000
    }
  ],
  "meta": {
    "mocha": {
      "version": "7.0.1"
    },
    "mochawesome": {
      "options": {
        "quiet": false,
        "reportFilename": "mochawesome",
        "saveHtml": true,
        "saveJson": true,
        "consoleReporter": "spec",
        "useInlineDiffs": false,
        "code": true
      },
      "version": "7.1.3"
    },
    "marge": {
      "options": {
        "reportDir": "cypress/reports/mocha",
        "overwrite": false,
        "html": true,
        "json": true
      },
      "version": "6.2.0"
    }
  }
}