{
  "stats": {
    "suites": 1,
    "tests": 3,
    "passes": 3,
    "pending": 0,
    "failures": 0,
    "start": "2023-06-09T12:08:21.968Z",
    "end": "2023-06-09T12:09:03.459Z",
    "duration": 41491,
    "testsRegistered": 3,
    "passPercent": 100,
    "pendingPercent": 0,
    "other": 0,
    "hasOther": false,
    "skipped": 0,
    "hasSkipped": false
  },
  "results": [
    {
      "uuid": "60f76bf7-b02d-4b35-a7d0-8bc7eef23f15",
      "title": "",
      "fullFile": "cypress\\e2e\\HR\\taskareas.spec.cy.js",
      "file": "cypress\\e2e\\HR\\taskareas.spec.cy.js",
      "beforeHooks": [],
      "afterHooks": [],
      "tests": [],
      "suites": [
        {
          "uuid": "b6aa0040-8e4d-43fd-8702-2c58e76d1893",
          "title": "HR configuration Task Areas tests",
          "fullFile": "",
          "file": "",
          "beforeHooks": [],
          "afterHooks": [],
          "tests": [
            {
              "title": "adds a task area to the HR Configuration page by the admin",
              "fullTitle": "HR configuration Task Areas tests adds a task area to the HR Configuration page by the admin",
              "timedOut": null,
              "duration": 21165,
              "state": "passed",
              "speed": "slow",
              "pass": true,
              "fail": false,
              "pending": false,
              "context": null,
              "code": "cy.AdminLogin();\ncy.get(_hrSelectors.HRSelectors.accordionIcon).eq(0).click();\ncy.contains(_hrSelectors.HRSelectors.settingsTab, {\n  matchCase: false\n}).click();\ncy.contains(_hrSelectors.HRSelectors.hrconfigTab, {\n  matchCase: false\n}).click();\ncy.get(_hrSelectors.HRSelectors.addButton).eq(0).click();\ncy.contains(\"Add Task Area\", {\n  matchCase: false\n}).should('be.visible');\ncy.get(_hrSelectors.HRSelectors.taskInput).type(_faker.faker.word.noun());\ncy.get(_hrSelectors.HRSelectors.addTaskButton).eq(3).click();\n// cy.contains('Task Area added successfully', {matchCase:false}).should('be.visible')",
              "err": {},
              "uuid": "96234f3a-4f48-47c9-b019-b1d08a9e74a2",
              "parentUUID": "b6aa0040-8e4d-43fd-8702-2c58e76d1893",
              "isHook": false,
              "skipped": false
            },
            {
              "title": "edits a task area",
              "fullTitle": "HR configuration Task Areas tests edits a task area",
              "timedOut": null,
              "duration": 10752,
              "state": "passed",
              "speed": "slow",
              "pass": true,
              "fail": false,
              "pending": false,
              "context": null,
              "code": "cy.AdminLogin();\ncy.get(_hrSelectors.HRSelectors.accordionIcon).eq(0).click();\ncy.contains(_hrSelectors.HRSelectors.settingsTab, {\n  matchCase: false\n}).click();\ncy.contains(_hrSelectors.HRSelectors.hrconfigTab, {\n  matchCase: false\n}).click();\ncy.get(_hrSelectors.HRSelectors.editIcon).first().click();\ncy.contains('Edit', {\n  matchCase: false\n}).click();\ncy.get(_hrSelectors.HRSelectors.taskInput).clear().type(_faker.faker.word.noun());\ncy.contains('button', 'Update', {\n  matchCase: false\n}).click();\n// cy.contains('Task Area updated successfully', {matchCase:false}).should('be.visible');",
              "err": {},
              "uuid": "ad9264f2-86b6-4dce-b96f-4afd947f070f",
              "parentUUID": "b6aa0040-8e4d-43fd-8702-2c58e76d1893",
              "isHook": false,
              "skipped": false
            },
            {
              "title": "delete a task area",
              "fullTitle": "HR configuration Task Areas tests delete a task area",
              "timedOut": null,
              "duration": 9453,
              "state": "passed",
              "speed": "medium",
              "pass": true,
              "fail": false,
              "pending": false,
              "context": null,
              "code": "cy.AdminLogin();\ncy.get(_hrSelectors.HRSelectors.accordionIcon).eq(0).click();\ncy.contains(_hrSelectors.HRSelectors.settingsTab, {\n  matchCase: false\n}).click();\ncy.contains(_hrSelectors.HRSelectors.hrconfigTab, {\n  matchCase: false\n}).click();\ncy.get(_hrSelectors.HRSelectors.editIcon).first().click();\ncy.contains(\"Delete\", {\n  matchCase: false\n}).click();\ncy.contains(\"button\", \"Replace and delete\", {\n  matchCase: false\n}).click();\n// cy.contains('Task Area deleted successfully', {matchCase:false}).should('be.visible');",
              "err": {},
              "uuid": "126a90ef-a765-4e74-a8d6-b9fe166a704e",
              "parentUUID": "b6aa0040-8e4d-43fd-8702-2c58e76d1893",
              "isHook": false,
              "skipped": false
            }
          ],
          "suites": [],
          "passes": [
            "96234f3a-4f48-47c9-b019-b1d08a9e74a2",
            "ad9264f2-86b6-4dce-b96f-4afd947f070f",
            "126a90ef-a765-4e74-a8d6-b9fe166a704e"
          ],
          "failures": [],
          "pending": [],
          "skipped": [],
          "duration": 41370,
          "root": false,
          "rootEmpty": false,
          "_timeout": 2000
        }
      ],
      "passes": [],
      "failures": [],
      "pending": [],
      "skipped": [],
      "duration": 0,
      "root": true,
      "rootEmpty": true,
      "_timeout": 2000
    }
  ],
  "meta": {
    "mocha": {
      "version": "7.0.1"
    },
    "mochawesome": {
      "options": {
        "quiet": false,
        "reportFilename": "mochawesome",
        "saveHtml": true,
        "saveJson": true,
        "consoleReporter": "spec",
        "useInlineDiffs": false,
        "code": true
      },
      "version": "7.1.3"
    },
    "marge": {
      "options": {
        "reportDir": "cypress/reports/mocha",
        "overwrite": false,
        "html": true,
        "json": true
      },
      "version": "6.2.0"
    }
  }
}