{
  "stats": {
    "suites": 1,
    "tests": 7,
    "passes": 7,
    "pending": 0,
    "failures": 0,
    "start": "2023-06-09T11:52:55.158Z",
    "end": "2023-06-09T11:53:50.452Z",
    "duration": 55294,
    "testsRegistered": 7,
    "passPercent": 100,
    "pendingPercent": 0,
    "other": 0,
    "hasOther": false,
    "skipped": 0,
    "hasSkipped": false
  },
  "results": [
    {
      "uuid": "d0d1895d-560d-45ba-8173-98f7a4908f78",
      "title": "",
      "fullFile": "cypress\\e2e\\auth\\auth.spec.cy.js",
      "file": "cypress\\e2e\\auth\\auth.spec.cy.js",
      "beforeHooks": [],
      "afterHooks": [],
      "tests": [],
      "suites": [
        {
          "uuid": "0d90cc31-8ca3-4225-ba0d-aab2031e5b49",
          "title": "login page tests",
          "fullFile": "",
          "file": "",
          "beforeHooks": [],
          "afterHooks": [],
          "tests": [
            {
              "title": "it should successfully visit the login page",
              "fullTitle": "login page tests it should successfully visit the login page",
              "timedOut": null,
              "duration": 37812,
              "state": "passed",
              "speed": "slow",
              "pass": true,
              "fail": false,
              "pending": false,
              "context": null,
              "code": "cy.visit('/');\ncy.contains(_authSelectors.authSelectors.loginHeading).should(\"be.visible\");\ncy.get(_authSelectors.authSelectors.welcomeText).should(\"exist\");",
              "err": {},
              "uuid": "8bebc5e1-2f64-4e61-830b-836f175dcef5",
              "parentUUID": "0d90cc31-8ca3-4225-ba0d-aab2031e5b49",
              "isHook": false,
              "skipped": false
            },
            {
              "title": "it should successfully sign in a registered user with valid email and password",
              "fullTitle": "login page tests it should successfully sign in a registered user with valid email and password",
              "timedOut": null,
              "duration": 4334,
              "state": "passed",
              "speed": "fast",
              "pass": true,
              "fail": false,
              "pending": false,
              "context": null,
              "code": "cy.visit('/');\ncy.get(_authSelectors.authSelectors.emailId).type(_authdata.default.email);\ncy.get(_authSelectors.authSelectors.passwordId).type(_authdata.default.password);\ncy.get(_authSelectors.authSelectors.signInbutton).click();\ncy.get(_authSelectors.authSelectors.welcomeUser).should('be.visible');\ncy.contains(_authSelectors.authSelectors.welcomeMsg1, {\n  matchCase: false\n}).should(\"be.visible\");\ncy.contains(_authSelectors.authSelectors.welcomeMsg2, {\n  matchCase: false\n}).should(\"be.visible\");",
              "err": {},
              "uuid": "f5a1bdcd-8339-45ed-97c9-fa3d0c876640",
              "parentUUID": "0d90cc31-8ca3-4225-ba0d-aab2031e5b49",
              "isHook": false,
              "skipped": false
            },
            {
              "title": "it should successfully sign in a registered user with valid username and password",
              "fullTitle": "login page tests it should successfully sign in a registered user with valid username and password",
              "timedOut": null,
              "duration": 3958,
              "state": "passed",
              "speed": "fast",
              "pass": true,
              "fail": false,
              "pending": false,
              "context": null,
              "code": "cy.visit('/');\ncy.get(_authSelectors.authSelectors.emailId).type(_authdata.default.username);\ncy.get(_authSelectors.authSelectors.passwordId).type(_authdata.default.password);\ncy.get(_authSelectors.authSelectors.signInbutton).click();\ncy.get(_authSelectors.authSelectors.welcomeUser).should('be.visible');\ncy.contains(_authSelectors.authSelectors.welcomeMsg1, {\n  matchCase: false\n}).should(\"be.visible\");\ncy.contains(_authSelectors.authSelectors.welcomeMsg2, {\n  matchCase: false\n}).should(\"be.visible\");",
              "err": {},
              "uuid": "c96fb227-f97f-408a-b766-7d5c83569fcc",
              "parentUUID": "0d90cc31-8ca3-4225-ba0d-aab2031e5b49",
              "isHook": false,
              "skipped": false
            },
            {
              "title": "should prompt for required field for the username or email input field",
              "fullTitle": "login page tests should prompt for required field for the username or email input field",
              "timedOut": null,
              "duration": 2011,
              "state": "passed",
              "speed": "fast",
              "pass": true,
              "fail": false,
              "pending": false,
              "context": null,
              "code": "cy.visit('/');\ncy.get(_authSelectors.authSelectors.passwordId).type(_authdata.default.password);\ncy.get(_authSelectors.authSelectors.signInbutton).click();\ncy.get(_authSelectors.authSelectors.requiredEmailError).next().should(\"have.text\", \"This field is required\", {\n  matchCase: false\n}).and(\"have.css\", \"color\", \"rgb(239, 68, 68)\");",
              "err": {},
              "uuid": "cc9b0387-5e7f-4a93-8ded-f491c74052d8",
              "parentUUID": "0d90cc31-8ca3-4225-ba0d-aab2031e5b49",
              "isHook": false,
              "skipped": false
            },
            {
              "title": "should prompt for required field for the password input field",
              "fullTitle": "login page tests should prompt for required field for the password input field",
              "timedOut": null,
              "duration": 1693,
              "state": "passed",
              "speed": "fast",
              "pass": true,
              "fail": false,
              "pending": false,
              "context": null,
              "code": "cy.visit('/');\ncy.get(_authSelectors.authSelectors.emailId).type(_authdata.default.email);\ncy.get(_authSelectors.authSelectors.signInbutton).click();\ncy.get(_authSelectors.authSelectors.requiredPasswordError).should(\"have.text\", \"This field is required\", {\n  matchCase: false\n}).and(\"have.css\", \"color\", \"rgb(239, 68, 68)\");",
              "err": {},
              "uuid": "ed1daac2-9e40-48d7-8542-0f4dafd2adea",
              "parentUUID": "0d90cc31-8ca3-4225-ba0d-aab2031e5b49",
              "isHook": false,
              "skipped": false
            },
            {
              "title": "should prompt for Invalid credentials error when an unregistered email is used with a valid password",
              "fullTitle": "login page tests should prompt for Invalid credentials error when an unregistered email is used with a valid password",
              "timedOut": null,
              "duration": 2053,
              "state": "passed",
              "speed": "fast",
              "pass": true,
              "fail": false,
              "pending": false,
              "context": null,
              "code": "cy.visit('/');\ncy.get(_authSelectors.authSelectors.emailId).type(_authdata.default.invalidEmail);\ncy.get(_authSelectors.authSelectors.passwordId).type(_authdata.default.password);\ncy.get(_authSelectors.authSelectors.signInbutton).click();\ncy.contains(_authSelectors.authSelectors.credentialError, {\n  matchCase: false\n}).should(\"be.visible\").and(\"have.css\", \"color\", \"rgb(239, 68, 68)\");",
              "err": {},
              "uuid": "b0577dd3-e0a9-4523-8e28-f1430573dbd6",
              "parentUUID": "0d90cc31-8ca3-4225-ba0d-aab2031e5b49",
              "isHook": false,
              "skipped": false
            },
            {
              "title": "should prompt for Invalid credentials error when a registered email is used with an invalid password",
              "fullTitle": "login page tests should prompt for Invalid credentials error when a registered email is used with an invalid password",
              "timedOut": null,
              "duration": 3167,
              "state": "passed",
              "speed": "fast",
              "pass": true,
              "fail": false,
              "pending": false,
              "context": null,
              "code": "cy.visit('/');\ncy.get(_authSelectors.authSelectors.emailId).type(_authdata.default.email);\ncy.get(_authSelectors.authSelectors.passwordId).type(_authdata.default.invalidPassword);\ncy.get(_authSelectors.authSelectors.signInbutton).click();\ncy.contains(_authSelectors.authSelectors.credentialError, {\n  matchCase: false\n}).should(\"be.visible\").and(\"have.css\", \"color\", \"rgb(239, 68, 68)\");",
              "err": {},
              "uuid": "e762b57c-9e7c-4e5a-8584-6f28e1aa1045",
              "parentUUID": "0d90cc31-8ca3-4225-ba0d-aab2031e5b49",
              "isHook": false,
              "skipped": false
            }
          ],
          "suites": [],
          "passes": [
            "8bebc5e1-2f64-4e61-830b-836f175dcef5",
            "f5a1bdcd-8339-45ed-97c9-fa3d0c876640",
            "c96fb227-f97f-408a-b766-7d5c83569fcc",
            "cc9b0387-5e7f-4a93-8ded-f491c74052d8",
            "ed1daac2-9e40-48d7-8542-0f4dafd2adea",
            "b0577dd3-e0a9-4523-8e28-f1430573dbd6",
            "e762b57c-9e7c-4e5a-8584-6f28e1aa1045"
          ],
          "failures": [],
          "pending": [],
          "skipped": [],
          "duration": 55028,
          "root": false,
          "rootEmpty": false,
          "_timeout": 2000
        }
      ],
      "passes": [],
      "failures": [],
      "pending": [],
      "skipped": [],
      "duration": 0,
      "root": true,
      "rootEmpty": true,
      "_timeout": 2000
    }
  ],
  "meta": {
    "mocha": {
      "version": "7.0.1"
    },
    "mochawesome": {
      "options": {
        "quiet": false,
        "reportFilename": "mochawesome",
        "saveHtml": true,
        "saveJson": true,
        "consoleReporter": "spec",
        "useInlineDiffs": false,
        "code": true
      },
      "version": "7.1.3"
    },
    "marge": {
      "options": {
        "reportDir": "cypress/reports/mocha",
        "overwrite": false,
        "html": true
      },
      "version": "6.2.0"
    }
  }
}