{
  "stats": {
    "suites": 1,
    "tests": 1,
    "passes": 0,
    "pending": 0,
    "failures": 1,
    "start": "2023-06-14T11:35:58.564Z",
    "end": "2023-06-14T11:36:46.381Z",
    "duration": 47817,
    "testsRegistered": 1,
    "passPercent": 0,
    "pendingPercent": 0,
    "other": 0,
    "hasOther": false,
    "skipped": 0,
    "hasSkipped": false
  },
  "results": [
    {
      "uuid": "23e5d03a-b377-4b77-a60f-5a0632671664",
      "title": "",
      "fullFile": "cypress\\e2e\\HR\\employees.spec.cy.js",
      "file": "cypress\\e2e\\HR\\employees.spec.cy.js",
      "beforeHooks": [],
      "afterHooks": [],
      "tests": [],
      "suites": [
        {
          "uuid": "df66cf41-eebc-41c9-a4f7-014d70f4fbec",
          "title": "Perform crud operations for employees module",
          "fullFile": "",
          "file": "",
          "beforeHooks": [],
          "afterHooks": [],
          "tests": [
            {
              "title": "creates or add employee to the platform",
              "fullTitle": "Perform crud operations for employees module creates or add employee to the platform",
              "timedOut": null,
              "duration": 47606,
              "state": "failed",
              "speed": null,
              "pass": false,
              "fail": true,
              "pending": false,
              "context": null,
              "code": "// Personal information section\ncy.AdminLogin();\ncy.wait(3000);\ncy.reload();\ncy.get(_hrSelectors.HRSelectors.accordionIcon).eq(0).click();\ncy.get(\".v-list-item-title\").eq(2).click();\ncy.get(\".v-list-item-title\").eq(3).click();\ncy.url().should(\"contain\", \"/employees\");\ncy.get(\"[data-v-50b16f5d]\").eq(0).click();\ncy.get('[name=\"1\"]').type(_faker.faker.person.middleName());\ncy.get('[name=\"2\"]').type(_faker.faker.person.firstName());\ncy.get('[name=\"3\"]').type(_faker.faker.person.lastName());\ncy.get('[name=\"4\"]').type(_faker.faker.person.middleName());\ncy.get('[name=\"5\"]').type(birthday.toString());\ncy.get('[placeholder=\"Select gender\"]').select(gender);\ncy.get('[placeholder=\"Select country\"]').select(country);\ncy.get('[placeholder=\"Select citizenship\"]').select(citizen);\ncy.get('[name=\"6\"]').type(_faker.faker.internet.email());\ncy.get('[placeholder=\"Select civil status\"]').select(maritalstatus);\ncy.get('[type=\"checkbox\"]').check();\ncy.get(\"span[data-v-50b16f5d]\").click();\ncy.contains(\"Personal information created successfully\", {\n  matchCase: false\n}).should(\"exist\");\n// Contact information section\ncy.get('[placeholder=\"0343 1234 23\"]').eq(0).type(_faker.faker.phone.number());\ncy.get('[placeholder=\"0343 1234 23\"]').eq(1).type(_faker.faker.phone.number());\ncy.get('[name=\"6\"]').eq(1).type(_faker.faker.internet.email());\ncy.get('#7').type(_faker.faker.location.streetAddress());\ncy.get('#8').type(_faker.faker.location.zipCode());\ncy.get('#9').type(_faker.faker.location.city());\ncy.get(\"select[data-v-4d86c427]\").select(country);\ncy.get(\"span[data-v-50b16f5d]\").eq(1).click();\n// Employment information section\ncy.get(\"[placeholder='Select employment type']\").select(typeofEmployment);\ncy.get(\"[placeholder='Select probation period']\").select(probationTime);\ncy.get(\"[placeholder='Add access level']\").select(employeeAccess);\ncy.contains('Add Position', {\n  matchCase: false\n}).click();\ncy.get(\"select[data-v-4d86c427]\").eq(1).select(userPosition);\ncy.get(\"select[data-v-4d86c427]\").eq(2).select(company);\ncy.get(\"select[data-v-4d86c427]\").eq(3).select(team);\ncy.get('#input-field').type(hoursWorked);\ncy.get('#start-date').type(startDate.toString());\ncy.get('#end-date').type(endDate.toString());\ncy.get(\"span[data-v-50b16f5d]\").eq(3).click();\ncy.contains(\"Position added successfully\", {\n  matchCase: false\n}).should('exist');\ncy.get(\"span[data-v-50b16f5d]\").eq(2).click();\n// Qualification section\n//  education\ncy.get(\"span[data-v-50b16f5d]\").eq(0).click();\ncy.get('input[id=\"input-field\"]').eq(0).invoke('removeAttr', 'disabled').type(university);\ncy.get('input[id=\"input-field\"]').eq(1).type(course);\ncy.get(\"button[data-v-50b16f5d]\").eq(4).click();\n// language\ncy.get(\"span[data-v-50b16f5d]\").eq(1).click();\ncy.get(\"select[data-v-4d86c427]\").select(language);\ncy.get(\"select[data-v-3a2a3aa8]\").eq(0).select(proficiencyLevel);\ncy.get(\"select[data-v-3a2a3aa8]\").eq(1).select(proficiencyLevel);\ncy.get(\"select[data-v-3a2a3aa8]\").eq(2).select(proficiencyLevel);\ncy.get(\"button[data-v-50b16f5d]\").eq(4).click();\ncy.contains(\"User language added successfully\", {\n  matchCase: false\n}).should(\"exist\");\n//  experience\ncy.get(\"button[data-v-50b16f5d]\").eq(2).click();\ncy.get('input[placeholder=\"ICON\"]').type(_faker.faker.company.name());\ncy.get('input[placeholder=\"Cologne\"]').type(_faker.faker.location.city());\ncy.get('input[placeholder=\"Solution Architect\"]').type(_faker.faker.person.jobTitle());\ncy.get(\"input[data-v-0b993928]\").eq(0).type(startDate.toString());\ncy.get('#end-date').type(endDate.toString());\ncy.get(\"button[data-v-50b16f5d]\").eq(4).click();\ncy.contains(\"User professional experience added successfully\", {\n  matchCase: false\n}).should(\"exist\");",
              "err": {
                "message": "CypressError: Timed out retrying after 30000ms: `cy.select()` matched more than one `option` by value or text: `Dominican`\n\nhttps://on.cypress.io/select",
                "estack": "CypressError: Timed out retrying after 30000ms: `cy.select()` matched more than one `option` by value or text: `Dominican`\n\nhttps://on.cypress.io/select\n    at getOptions (https://icon.amalitech-dev.net/__cypress/runner/cypress_runner.js:142865:80)\n    at tryCatcher (https://icon.amalitech-dev.net/__cypress/runner/cypress_runner.js:18744:23)\n    at Promise.attempt.Promise.try (https://icon.amalitech-dev.net/__cypress/runner/cypress_runner.js:16018:29)\n    at retryOptions (https://icon.amalitech-dev.net/__cypress/runner/cypress_runner.js:142904:67)\n    at tryCatcher (https://icon.amalitech-dev.net/__cypress/runner/cypress_runner.js:18744:23)\n    at Promise.attempt.Promise.try (https://icon.amalitech-dev.net/__cypress/runner/cypress_runner.js:16018:29)\n    at whenStable (https://icon.amalitech-dev.net/__cypress/runner/cypress_runner.js:156168:65)\n    at <unknown> (https://icon.amalitech-dev.net/__cypress/runner/cypress_runner.js:155609:14)\n    at tryCatcher (https://icon.amalitech-dev.net/__cypress/runner/cypress_runner.js:18744:23)\n    at Promise._settlePromiseFromHandler (https://icon.amalitech-dev.net/__cypress/runner/cypress_runner.js:16679:31)\n    at Promise._settlePromise (https://icon.amalitech-dev.net/__cypress/runner/cypress_runner.js:16736:18)\n    at Promise._settlePromise0 (https://icon.amalitech-dev.net/__cypress/runner/cypress_runner.js:16781:10)\n    at Promise._settlePromises (https://icon.amalitech-dev.net/__cypress/runner/cypress_runner.js:16861:18)\n    at Promise._fulfill (https://icon.amalitech-dev.net/__cypress/runner/cypress_runner.js:16805:18)\n    at <unknown> (https://icon.amalitech-dev.net/__cypress/runner/cypress_runner.js:18419:46)\nFrom Your Spec Code:\n    at Context.eval (webpack:///./cypress/e2e/HR/employees.spec.cy.js:51:49)",
                "diff": null
              },
              "uuid": "162ae070-d78b-418e-b2c9-0383e5d56c65",
              "parentUUID": "df66cf41-eebc-41c9-a4f7-014d70f4fbec",
              "isHook": false,
              "skipped": false
            }
          ],
          "suites": [],
          "passes": [],
          "failures": [
            "162ae070-d78b-418e-b2c9-0383e5d56c65"
          ],
          "pending": [],
          "skipped": [],
          "duration": 47606,
          "root": false,
          "rootEmpty": false,
          "_timeout": 2000
        }
      ],
      "passes": [],
      "failures": [],
      "pending": [],
      "skipped": [],
      "duration": 0,
      "root": true,
      "rootEmpty": true,
      "_timeout": 2000
    }
  ],
  "meta": {
    "mocha": {
      "version": "7.0.1"
    },
    "mochawesome": {
      "options": {
        "quiet": false,
        "reportFilename": "mochawesome",
        "saveHtml": true,
        "saveJson": true,
        "consoleReporter": "spec",
        "useInlineDiffs": false,
        "code": true
      },
      "version": "7.1.3"
    },
    "marge": {
      "options": {
        "reportDir": "cypress/reports/mocha",
        "overwrite": false,
        "html": true,
        "json": true
      },
      "version": "6.2.0"
    }
  }
}