{
  "stats": {
    "suites": 1,
    "tests": 3,
    "passes": 0,
    "pending": 0,
    "failures": 3,
    "start": "2023-06-09T13:24:40.683Z",
    "end": "2023-06-09T13:26:25.365Z",
    "duration": 104682,
    "testsRegistered": 3,
    "passPercent": 0,
    "pendingPercent": 0,
    "other": 0,
    "hasOther": false,
    "skipped": 0,
    "hasSkipped": false
  },
  "results": [
    {
      "uuid": "a947bc67-9139-4e63-8269-c98230d7e934",
      "title": "",
      "fullFile": "cypress\\e2e\\HR\\taskareas.spec.cy.js",
      "file": "cypress\\e2e\\HR\\taskareas.spec.cy.js",
      "beforeHooks": [],
      "afterHooks": [],
      "tests": [],
      "suites": [
        {
          "uuid": "0430cfa8-307b-493e-aa81-df6dec73fc25",
          "title": "HR configuration Task Areas tests",
          "fullFile": "",
          "file": "",
          "beforeHooks": [],
          "afterHooks": [],
          "tests": [
            {
              "title": "adds a task area to the HR Configuration page by the admin",
              "fullTitle": "HR configuration Task Areas tests adds a task area to the HR Configuration page by the admin",
              "timedOut": null,
              "duration": 39025,
              "state": "failed",
              "speed": null,
              "pass": false,
              "fail": true,
              "pending": false,
              "context": null,
              "code": "cy.AdminLogin();\ncy.get(_hrSelectors.HRSelectors.accordionIcon).eq(0).click();\ncy.contains(_hrSelectors.HRSelectors.settingsTab, {\n  matchCase: false\n}).click();\ncy.contains(_hrSelectors.HRSelectors.hrconfigTab, {\n  matchCase: false\n}).click();\ncy.get(_hrSelectors.HRSelectors.addButton).eq(0).click();\ncy.contains(\"Add Task Area\", {\n  matchCase: false\n}).should('be.visible');\ncy.get(_hrSelectors.HRSelectors.taskInput).type(_faker.faker.word.noun());\ncy.get(_hrSelectors.HRSelectors.addTaskButton).eq(3).click();\n// cy.contains('Task Area added successfully', {matchCase:false}).should('be.visible')",
              "err": {
                "message": "AssertionError: Timed out retrying after 30000ms: Expected to find element: `.v-btn__content`, but never found it.",
                "estack": "AssertionError: Timed out retrying after 30000ms: Expected to find element: `.v-btn__content`, but never found it.\n    at Context.eval (webpack:///./cypress/e2e/HR/taskareas.spec.cy.js:7:7)",
                "diff": null
              },
              "uuid": "16388ac0-5a58-432a-8b07-277b671d6e5f",
              "parentUUID": "0430cfa8-307b-493e-aa81-df6dec73fc25",
              "isHook": false,
              "skipped": false
            },
            {
              "title": "edits a task area",
              "fullTitle": "HR configuration Task Areas tests edits a task area",
              "timedOut": null,
              "duration": 32802,
              "state": "failed",
              "speed": null,
              "pass": false,
              "fail": true,
              "pending": false,
              "context": null,
              "code": "cy.AdminLogin();\ncy.get(_hrSelectors.HRSelectors.accordionIcon).eq(0).click();\ncy.contains(_hrSelectors.HRSelectors.settingsTab, {\n  matchCase: false\n}).click();\ncy.contains(_hrSelectors.HRSelectors.hrconfigTab, {\n  matchCase: false\n}).click();\ncy.get(_hrSelectors.HRSelectors.editIcon).first().click();\ncy.contains('Edit', {\n  matchCase: false\n}).click();\ncy.get(_hrSelectors.HRSelectors.taskInput).clear().type(_faker.faker.word.noun());\ncy.contains('button', 'Update', {\n  matchCase: false\n}).click();\n// cy.contains('Task Area updated successfully', {matchCase:false}).should('be.visible');",
              "err": {
                "message": "AssertionError: Timed out retrying after 30000ms: Expected to find element: `.v-btn__content`, but never found it.",
                "estack": "AssertionError: Timed out retrying after 30000ms: Expected to find element: `.v-btn__content`, but never found it.\n    at Context.eval (webpack:///./cypress/e2e/HR/taskareas.spec.cy.js:19:7)",
                "diff": null
              },
              "uuid": "948f97e1-f2d0-464d-b4b7-bc39ae958279",
              "parentUUID": "0430cfa8-307b-493e-aa81-df6dec73fc25",
              "isHook": false,
              "skipped": false
            },
            {
              "title": "delete a task area",
              "fullTitle": "HR configuration Task Areas tests delete a task area",
              "timedOut": null,
              "duration": 32633,
              "state": "failed",
              "speed": null,
              "pass": false,
              "fail": true,
              "pending": false,
              "context": null,
              "code": "cy.AdminLogin();\ncy.get(_hrSelectors.HRSelectors.accordionIcon).eq(0).click();\ncy.contains(_hrSelectors.HRSelectors.settingsTab, {\n  matchCase: false\n}).click();\ncy.contains(_hrSelectors.HRSelectors.hrconfigTab, {\n  matchCase: false\n}).click();\ncy.get(_hrSelectors.HRSelectors.editIcon).first().click();\ncy.contains(\"Delete\", {\n  matchCase: false\n}).click();\ncy.contains(\"button\", \"Replace and delete\", {\n  matchCase: false\n}).click();\n// cy.contains('Task Area deleted successfully', {matchCase:false}).should('be.visible');",
              "err": {
                "message": "AssertionError: Timed out retrying after 30000ms: Expected to find element: `.v-btn__content`, but never found it.",
                "estack": "AssertionError: Timed out retrying after 30000ms: Expected to find element: `.v-btn__content`, but never found it.\n    at Context.eval (webpack:///./cypress/e2e/HR/taskareas.spec.cy.js:31:6)",
                "diff": null
              },
              "uuid": "9d0d1cfc-06ed-4d23-a6c4-610a9a4a6ad8",
              "parentUUID": "0430cfa8-307b-493e-aa81-df6dec73fc25",
              "isHook": false,
              "skipped": false
            }
          ],
          "suites": [],
          "passes": [],
          "failures": [
            "16388ac0-5a58-432a-8b07-277b671d6e5f",
            "948f97e1-f2d0-464d-b4b7-bc39ae958279",
            "9d0d1cfc-06ed-4d23-a6c4-610a9a4a6ad8"
          ],
          "pending": [],
          "skipped": [],
          "duration": 104460,
          "root": false,
          "rootEmpty": false,
          "_timeout": 2000
        }
      ],
      "passes": [],
      "failures": [],
      "pending": [],
      "skipped": [],
      "duration": 0,
      "root": true,
      "rootEmpty": true,
      "_timeout": 2000
    }
  ],
  "meta": {
    "mocha": {
      "version": "7.0.1"
    },
    "mochawesome": {
      "options": {
        "quiet": false,
        "reportFilename": "mochawesome",
        "saveHtml": true,
        "saveJson": true,
        "consoleReporter": "spec",
        "useInlineDiffs": false,
        "code": true
      },
      "version": "7.1.3"
    },
    "marge": {
      "options": {
        "reportDir": "cypress/reports/mocha",
        "overwrite": false,
        "html": true,
        "json": true
      },
      "version": "6.2.0"
    }
  }
}