{
  "stats": {
    "suites": 1,
    "tests": 3,
    "passes": 2,
    "pending": 0,
    "failures": 1,
    "start": "2023-06-14T11:58:05.639Z",
    "end": "2023-06-14T11:59:37.600Z",
    "duration": 91961,
    "testsRegistered": 3,
    "passPercent": 66.66666666666666,
    "pendingPercent": 0,
    "other": 0,
    "hasOther": false,
    "skipped": 0,
    "hasSkipped": false
  },
  "results": [
    {
      "uuid": "2c6b9e6c-65d3-4d99-a975-c48a63c44b4a",
      "title": "",
      "fullFile": "cypress\\e2e\\HR-Config\\taskareas.spec.cy.js",
      "file": "cypress\\e2e\\HR-Config\\taskareas.spec.cy.js",
      "beforeHooks": [],
      "afterHooks": [],
      "tests": [],
      "suites": [
        {
          "uuid": "2b9f2296-a479-43e2-b8b6-a85e3fb9b5d0",
          "title": "HR configuration Task Areas tests",
          "fullFile": "",
          "file": "",
          "beforeHooks": [],
          "afterHooks": [],
          "tests": [
            {
              "title": "adds a task area to the HR Configuration page by the admin",
              "fullTitle": "HR configuration Task Areas tests adds a task area to the HR Configuration page by the admin",
              "timedOut": null,
              "duration": 39506,
              "state": "passed",
              "speed": "slow",
              "pass": true,
              "fail": false,
              "pending": false,
              "context": null,
              "code": "cy.AdminLogin();\ncy.get(_hrSelectors.HRSelectors.accordionIcon).eq(0).click();\ncy.contains(_hrSelectors.HRSelectors.settingsTab, {\n  matchCase: false\n}).click();\ncy.contains(_hrSelectors.HRSelectors.hrconfigTab, {\n  matchCase: false\n}).click();\ncy.get(_hrSelectors.HRSelectors.addButton).eq(0).click();\ncy.contains(\"Add Task Area\", {\n  matchCase: false\n}).should('exist');\ncy.get(_hrSelectors.HRSelectors.taskInput).type(_faker.faker.word.noun());\ncy.get(_hrSelectors.HRSelectors.addTaskButton).eq(3).click();\ncy.contains('Task Area added successfully', {\n  matchCase: false\n}).should('exist');",
              "err": {},
              "uuid": "86cb9811-8e7a-4594-b7d5-7f0ac20b3748",
              "parentUUID": "2b9f2296-a479-43e2-b8b6-a85e3fb9b5d0",
              "isHook": false,
              "skipped": false
            },
            {
              "title": "edits a task area",
              "fullTitle": "HR configuration Task Areas tests edits a task area",
              "timedOut": null,
              "duration": 12180,
              "state": "passed",
              "speed": "slow",
              "pass": true,
              "fail": false,
              "pending": false,
              "context": null,
              "code": "cy.AdminLogin();\ncy.get(_hrSelectors.HRSelectors.accordionIcon).eq(0).click();\ncy.contains(_hrSelectors.HRSelectors.settingsTab, {\n  matchCase: false\n}).click();\ncy.contains(_hrSelectors.HRSelectors.hrconfigTab, {\n  matchCase: false\n}).click();\ncy.get(_hrSelectors.HRSelectors.editIcon).first().click();\ncy.contains('Edit', {\n  matchCase: false\n}).click();\ncy.get(_hrSelectors.HRSelectors.taskInput).clear().type(_faker.faker.word.noun());\ncy.contains('button', 'Update', {\n  matchCase: false\n}).click();\ncy.contains('Task Area updated successfully', {\n  matchCase: false\n}).should('exist');",
              "err": {},
              "uuid": "3cdfd7f1-6a52-400c-a8c6-caec45072bf1",
              "parentUUID": "2b9f2296-a479-43e2-b8b6-a85e3fb9b5d0",
              "isHook": false,
              "skipped": false
            },
            {
              "title": "delete a task area",
              "fullTitle": "HR configuration Task Areas tests delete a task area",
              "timedOut": null,
              "duration": 39989,
              "state": "failed",
              "speed": null,
              "pass": false,
              "fail": true,
              "pending": false,
              "context": null,
              "code": "cy.AdminLogin();\ncy.get(_hrSelectors.HRSelectors.accordionIcon).eq(0).click();\ncy.contains(_hrSelectors.HRSelectors.settingsTab, {\n  matchCase: false\n}).click();\ncy.contains(_hrSelectors.HRSelectors.hrconfigTab, {\n  matchCase: false\n}).click();\ncy.get(_hrSelectors.HRSelectors.editIcon).first().click();\ncy.contains(\"Delete\", {\n  matchCase: false\n}).click();\ncy.contains(\"button\", \"Replace and delete\", {\n  matchCase: false\n}).click();\ncy.contains('Task Area deleted successfully', {\n  matchCase: false\n}).should('exist');",
              "err": {
                "message": "AssertionError: Timed out retrying after 30000ms: Expected to find content: 'Task Area deleted successfully' but never did.",
                "estack": "AssertionError: Timed out retrying after 30000ms: Expected to find content: 'Task Area deleted successfully' but never did.\n    at Context.eval (webpack:///./cypress/e2e/HR-Config/taskareas.spec.cy.js:37:68)",
                "diff": null
              },
              "uuid": "32f01798-3ce1-4859-a70b-ca4014de136d",
              "parentUUID": "2b9f2296-a479-43e2-b8b6-a85e3fb9b5d0",
              "isHook": false,
              "skipped": false
            }
          ],
          "suites": [],
          "passes": [
            "86cb9811-8e7a-4594-b7d5-7f0ac20b3748",
            "3cdfd7f1-6a52-400c-a8c6-caec45072bf1"
          ],
          "failures": [
            "32f01798-3ce1-4859-a70b-ca4014de136d"
          ],
          "pending": [],
          "skipped": [],
          "duration": 91675,
          "root": false,
          "rootEmpty": false,
          "_timeout": 2000
        }
      ],
      "passes": [],
      "failures": [],
      "pending": [],
      "skipped": [],
      "duration": 0,
      "root": true,
      "rootEmpty": true,
      "_timeout": 2000
    }
  ],
  "meta": {
    "mocha": {
      "version": "7.0.1"
    },
    "mochawesome": {
      "options": {
        "quiet": false,
        "reportFilename": "mochawesome",
        "saveHtml": true,
        "saveJson": true,
        "consoleReporter": "spec",
        "useInlineDiffs": false,
        "code": true
      },
      "version": "7.1.3"
    },
    "marge": {
      "options": {
        "reportDir": "cypress/reports/mocha",
        "overwrite": false,
        "html": true,
        "json": true
      },
      "version": "6.2.0"
    }
  }
}