{
  "stats": {
    "suites": 1,
    "tests": 1,
    "passes": 1,
    "pending": 0,
    "failures": 0,
    "start": "2023-08-08T08:43:11.312Z",
    "end": "2023-08-08T08:43:21.217Z",
    "duration": 9905,
    "testsRegistered": 1,
    "passPercent": 100,
    "pendingPercent": 0,
    "other": 0,
    "hasOther": false,
    "skipped": 0,
    "hasSkipped": false
  },
  "results": [
    {
      "uuid": "62f4e3bc-4104-45ca-acb7-c5c98a7a411b",
      "title": "",
      "fullFile": "cypress\\e2e\\Access\\deleteAccess.spec.cy.js",
      "file": "cypress\\e2e\\Access\\deleteAccess.spec.cy.js",
      "beforeHooks": [],
      "afterHooks": [],
      "tests": [],
      "suites": [
        {
          "uuid": "b1b6662e-f7d9-402e-bc93-12d7111d8a39",
          "title": "Perform delete actions for access role",
          "fullFile": "",
          "file": "",
          "beforeHooks": [],
          "afterHooks": [],
          "tests": [
            {
              "title": "delete access role",
              "fullTitle": "Perform delete actions for access role delete access role",
              "timedOut": null,
              "duration": 9498,
              "state": "passed",
              "speed": "medium",
              "pass": true,
              "fail": false,
              "pending": false,
              "context": null,
              "code": "cy.AdminLogin();\n// cy.get(HRSelectors.accordionIcon).eq(0).click();\ncy.contains(_hrSelectors.HRSelectors.settingsTab, {\n  matchCase: false\n}).click();\ncy.get(\"div.v-list-item-title\").eq(11).click();\ncy.get(\"svg[id='dotIcon']\").last().click();\ncy.contains(\" Delete \", {\n  matchCase: false\n}).click();\ncy.get(\"[type='button']\").last().click();",
              "err": {},
              "uuid": "83277fd3-b8a4-4241-8d07-af52cefb11ee",
              "parentUUID": "b1b6662e-f7d9-402e-bc93-12d7111d8a39",
              "isHook": false,
              "skipped": false
            }
          ],
          "suites": [],
          "passes": [
            "83277fd3-b8a4-4241-8d07-af52cefb11ee"
          ],
          "failures": [],
          "pending": [],
          "skipped": [],
          "duration": 9498,
          "root": false,
          "rootEmpty": false,
          "_timeout": 2000
        }
      ],
      "passes": [],
      "failures": [],
      "pending": [],
      "skipped": [],
      "duration": 0,
      "root": true,
      "rootEmpty": true,
      "_timeout": 2000
    }
  ],
  "meta": {
    "mocha": {
      "version": "7.0.1"
    },
    "mochawesome": {
      "options": {
        "quiet": false,
        "reportFilename": "mochawesome",
        "saveHtml": false,
        "saveJson": true,
        "consoleReporter": "spec",
        "useInlineDiffs": false,
        "code": true
      },
      "version": "7.1.3"
    },
    "marge": {
      "options": {
        "reportDir": "cypress\\reports\\mochawesome\\.jsons",
        "overwrite": false,
        "html": false,
        "json": true
      },
      "version": "6.2.0"
    }
  }
}