{
  "stats": {
    "suites": 1,
    "tests": 1,
    "passes": 0,
    "pending": 0,
    "failures": 1,
    "start": "2023-08-08T08:41:40.946Z",
    "end": "2023-08-08T08:42:15.143Z",
    "duration": 34197,
    "testsRegistered": 1,
    "passPercent": 0,
    "pendingPercent": 0,
    "other": 0,
    "hasOther": false,
    "skipped": 0,
    "hasSkipped": false
  },
  "results": [
    {
      "uuid": "baf7e5fb-e7d8-47a7-898c-11e3091cd5df",
      "title": "",
      "fullFile": "cypress\\e2e\\HR\\updateEmployees.spec.cy.js",
      "file": "cypress\\e2e\\HR\\updateEmployees.spec.cy.js",
      "beforeHooks": [],
      "afterHooks": [],
      "tests": [],
      "suites": [
        {
          "uuid": "99385aab-75d4-4563-b06f-89393332617c",
          "title": "Perform update actions on employees",
          "fullFile": "",
          "file": "",
          "beforeHooks": [],
          "afterHooks": [],
          "tests": [
            {
              "title": "edits employee information",
              "fullTitle": "Perform update actions on employees edits employee information",
              "timedOut": null,
              "duration": 33957,
              "state": "failed",
              "speed": null,
              "pass": false,
              "fail": true,
              "pending": false,
              "context": null,
              "code": "// login and individual employee page\ncy.AdminLogin();\ncy.wait(3000);\ncy.reload();\n// cy.get(HRSelectors.accordionIcon).eq(0).click();\ncy.get(\".v-list-item-title\").eq(2).click();\ncy.get(\".v-list-item-title\").eq(3).click();\ncy.url().should(\"contain\", \"/employees\");\ncy.get(\"tbody>:nth-child(3)\").click();\n//  Personal Info section\ncy.contains(\"button\", \"Edit Profile\", {\n  matchCase: false\n}).click({\n  force: true\n});\ncy.get('[name=\"5\"]').type(birthday.toString());\ncy.get('[placeholder=\"Select gender\"]').select(gender);\ncy.get('[placeholder=\"Select country of birth\"]').select(country);\ncy.get('[placeholder=\"Select citizenship\"]').select(citizen);\ncy.get('[placeholder=\"Select civil status\"]').select(maritalstatus);\ncy.contains(\"span\", \"save changes\", {\n  matchCase: false\n}).parent(\"button\").click();\ncy.contains(\"Employee information updated successfully\", {\n  matchCase: false\n}).should(\"exist\");\n// contact section\ncy.get(\"button.tab-button\").eq(1).click();\ncy.get(\"input#contact_phone\").clear().type(_faker.faker.phone.number());\ncy.get(\"input#emailAddress\").clear().type(_faker.faker.internet.email());\ncy.get(\"input#contact_postalCode\").clear().type(_faker.faker.location.zipCode());\ncy.contains(\"span\", \"save changes\", {\n  matchCase: false\n}).parent(\"button\").click();\ncy.contains(\"Employee information updated successfully\", {\n  matchCase: false\n}).should(\"exist\");\n// employment section\ncy.get(\"button.tab-button\").eq(2).click();\ncy.get(\"[placeholder='Select employment type']\").select(typeofEmployment);\ncy.get(\"[placeholder='Select probation period']\").select(probationTime);\ncy.get(\"[placeholder='Add access level']\").select(employeeAccess);\ncy.contains(\"span\", \"Add Position\", {\n  matchCase: false\n}).parent(\"button\").click();\ncy.get(\"[placeholder='Select a position']\").select(userPosition);\ncy.get(\"[placeholder='Select a company']\").select(company);\ncy.get(\"[placeholder='Select a team']\").select(team);\ncy.get(\"#employment_workTime\").type(hoursWorked);\ncy.get(\"#start-date\").type(startDate.toString());\ncy.get(\"#end-date\").type(endDate.toString());\ncy.get(\"[type='button']\").last().click();\ncy.contains(\"Position added successfully\", {\n  matchCase: false\n}).should(\"exist\");\ncy.contains(\"span\", \"save changes\", {\n  matchCase: false\n}).parent(\"button\").click();\ncy.wait(3000);\n//  cy.contains(\"Employee information updated successfully\", {\n//    matchCase: false,\n//  }).should(\"exist\");\n// Qualification section\n//  education\ncy.get(\"button.tab-button\").eq(3).click();\ncy.contains(\"span\", \"Add Education\", {\n  matchCase: false\n}).parent('button').click();\ncy.get(\"#institution\").invoke(\"removeAttr\", \"disabled\").type(university);\n// cy.wait(3000)\n// cy.get(\"[placeholder='Enter degree/diploma/certificate title']\").type(course);\n// cy.get(\"[type='button'\").last().click();\n// language\ncy.contains(\"span\", \"Add Language\", {\n  matchCase: false\n}).parent('button').click();\ncy.get(\"[placeholder='Select language']\").select(language);\ncy.get(\"[placeholder='Select reading proficiency']\").select(proficiencyLevel);\ncy.get(\"[placeholder='Select speaking proficiency']\").select(proficiencyLevel);\ncy.get(\"[placeholder='Select writing proficiency']\").select(proficiencyLevel);\ncy.get(\"[type='button']\").last().click();\ncy.contains(\"User language added successfully\", {\n  matchCase: false\n}).should(\"exist\");\n//  experience\ncy.contains(\"span\", \"Add Experience\", {\n  matchCase: false\n}).parent('button').click();\ncy.get('input[placeholder=\"Enter company name\"]').type(_faker.faker.company.name());\ncy.get('input[placeholder=\"Enter location name\"]').type(_faker.faker.location.city());\ncy.get('input[placeholder=\"Enter job title\"]').type(_faker.faker.person.jobTitle());\ncy.get(\"[type='date']\").first().type(startDate.toString());\ncy.get(\"#end-date\").type(endDate.toString());\ncy.get(\"[data-cy='btn_experience']\").click();\ncy.contains(\"User professional experience added successfully\", {\n  matchCase: false\n}).should(\"exist\");",
              "err": {
                "message": "CypressError: `cy.type()` failed because it targeted a disabled element.\n\nThe element typed into was:\n\n  > <input data-v-0114d351=\"\" type=\"text\" name=\"institution\" id=\"institution\" class=\"\" placeholder=\"Enter institution name\" validation=\"\">\n\nEnsure the element does not have an attribute named `disabled` before typing into it.\n\nhttps://on.cypress.io/type",
                "estack": "CypressError: `cy.type()` failed because it targeted a disabled element.\n\nThe element typed into was:\n\n  > <input data-v-0114d351=\"\" type=\"text\" name=\"institution\" id=\"institution\" class=\"\" placeholder=\"Enter institution name\" validation=\"\">\n\nEnsure the element does not have an attribute named `disabled` before typing into it.\n\nhttps://on.cypress.io/type\n    at <unknown> (https://icon.amalitech-dev.net/__cypress/runner/cypress_runner.js:144126:86)\n    at tryCatcher (https://icon.amalitech-dev.net/__cypress/runner/cypress_runner.js:18744:23)\n    at Promise._settlePromiseFromHandler (https://icon.amalitech-dev.net/__cypress/runner/cypress_runner.js:16679:31)\n    at Promise._settlePromise (https://icon.amalitech-dev.net/__cypress/runner/cypress_runner.js:16736:18)\n    at Promise._settlePromise0 (https://icon.amalitech-dev.net/__cypress/runner/cypress_runner.js:16781:10)\n    at Promise._settlePromises (https://icon.amalitech-dev.net/__cypress/runner/cypress_runner.js:16861:18)\n    at _drainQueueStep (https://icon.amalitech-dev.net/__cypress/runner/cypress_runner.js:13451:12)\n    at _drainQueue (https://icon.amalitech-dev.net/__cypress/runner/cypress_runner.js:13444:9)\n    at ../../node_modules/bluebird/js/release/async.js.Async._drainQueues (https://icon.amalitech-dev.net/__cypress/runner/cypress_runner.js:13460:5)\n    at Async.drainQueues (https://icon.amalitech-dev.net/__cypress/runner/cypress_runner.js:13330:14)\nFrom Your Spec Code:\n    at Context.eval (webpack:///./cypress/e2e/HR/updateEmployees.spec.cy.js:117:60)",
                "diff": null
              },
              "uuid": "e24d1f72-ba72-4bd5-98f6-01a5ee6a8496",
              "parentUUID": "99385aab-75d4-4563-b06f-89393332617c",
              "isHook": false,
              "skipped": false
            }
          ],
          "suites": [],
          "passes": [],
          "failures": [
            "e24d1f72-ba72-4bd5-98f6-01a5ee6a8496"
          ],
          "pending": [],
          "skipped": [],
          "duration": 33957,
          "root": false,
          "rootEmpty": false,
          "_timeout": 2000
        }
      ],
      "passes": [],
      "failures": [],
      "pending": [],
      "skipped": [],
      "duration": 0,
      "root": true,
      "rootEmpty": true,
      "_timeout": 2000
    }
  ],
  "meta": {
    "mocha": {
      "version": "7.0.1"
    },
    "mochawesome": {
      "options": {
        "quiet": false,
        "reportFilename": "mochawesome",
        "saveHtml": false,
        "saveJson": true,
        "consoleReporter": "spec",
        "useInlineDiffs": false,
        "code": true
      },
      "version": "7.1.3"
    },
    "marge": {
      "options": {
        "reportDir": "cypress\\reports\\mochawesome\\.jsons",
        "overwrite": false,
        "html": false,
        "json": true
      },
      "version": "6.2.0"
    }
  }
}