{
  "stats": {
    "suites": 1,
    "tests": 3,
    "passes": 0,
    "pending": 0,
    "failures": 3,
    "start": "2023-07-14T11:17:33.217Z",
    "end": "2023-07-14T11:19:58.086Z",
    "duration": 144869,
    "testsRegistered": 3,
    "passPercent": 0,
    "pendingPercent": 0,
    "other": 0,
    "hasOther": false,
    "skipped": 0,
    "hasSkipped": false
  },
  "results": [
    {
      "uuid": "587aaa67-b078-4407-abcc-ea84063e6d6f",
      "title": "",
      "fullFile": "cypress/e2e/HR-Config/taskareas.spec.cy.js",
      "file": "cypress/e2e/HR-Config/taskareas.spec.cy.js",
      "beforeHooks": [],
      "afterHooks": [],
      "tests": [],
      "suites": [
        {
          "uuid": "f02263b0-6b59-46a4-bd2e-99d9c2b04c5b",
          "title": "HR configuration Task Areas tests",
          "fullFile": "",
          "file": "",
          "beforeHooks": [],
          "afterHooks": [],
          "tests": [
            {
              "title": "adds a task area to the HR Configuration page by the admin",
              "fullTitle": "HR configuration Task Areas tests adds a task area to the HR Configuration page by the admin",
              "timedOut": null,
              "duration": 58388,
              "state": "failed",
              "speed": null,
              "pass": false,
              "fail": true,
              "pending": false,
              "context": null,
              "code": "cy.AdminLogin();\ncy.get(_hrSelectors.HRSelectors.accordionIcon).eq(0).click();\ncy.contains(_hrSelectors.HRSelectors.settingsTab, {\n  matchCase: false\n}).click();\ncy.contains(_hrSelectors.HRSelectors.hrconfigTab, {\n  matchCase: false\n}).click();\ncy.get(_hrSelectors.HRSelectors.addButton).eq(0).click();\ncy.contains(\"Add Task Area\", {\n  matchCase: false\n}).should('exist');\ncy.get(_hrSelectors.HRSelectors.taskInput).type(_faker.faker.word.noun());\ncy.get(_hrSelectors.HRSelectors.addTaskButton).eq(3).click();\ncy.contains('Task Area added successfully', {\n  matchCase: false\n}).should('exist');",
              "err": {
                "message": "CypressError: Timed out retrying after 30050ms: `cy.click()` failed because this element is not visible:\n\n`<div class=\"v-list-item-title\">Settings</div>`\n\nThis element `<div.v-list-item-title>` is not visible because it has an effective width and height of: `0 x 32` pixels.\n\nFix this problem, or use `{force: true}` to disable error checking.\n\nhttps://on.cypress.io/element-cannot-be-interacted-with",
                "estack": "CypressError: Timed out retrying after 30050ms: `cy.click()` failed because this element is not visible:\n\n`<div class=\"v-list-item-title\">Settings</div>`\n\nThis element `<div.v-list-item-title>` is not visible because it has an effective width and height of: `0 x 32` pixels.\n\nFix this problem, or use `{force: true}` to disable error checking.\n\nhttps://on.cypress.io/element-cannot-be-interacted-with\n    at runVisibilityCheck (https://icon.amalitech-dev.net/__cypress/runner/cypress_runner.js:161650:66)\n    at Object.isStrictlyVisible (https://icon.amalitech-dev.net/__cypress/runner/cypress_runner.js:161664:10)\n    at runAllChecks (https://icon.amalitech-dev.net/__cypress/runner/cypress_runner.js:140048:26)\n    at retryActionability (https://icon.amalitech-dev.net/__cypress/runner/cypress_runner.js:140116:16)\n    at tryCatcher (https://icon.amalitech-dev.net/__cypress/runner/cypress_runner.js:18744:23)\n    at Promise.attempt.Promise.try (https://icon.amalitech-dev.net/__cypress/runner/cypress_runner.js:16018:29)\n    at whenStable (https://icon.amalitech-dev.net/__cypress/runner/cypress_runner.js:156400:65)\n    at <unknown> (https://icon.amalitech-dev.net/__cypress/runner/cypress_runner.js:155841:14)\n    at tryCatcher (https://icon.amalitech-dev.net/__cypress/runner/cypress_runner.js:18744:23)\n    at Promise._settlePromiseFromHandler (https://icon.amalitech-dev.net/__cypress/runner/cypress_runner.js:16679:31)\n    at Promise._settlePromise (https://icon.amalitech-dev.net/__cypress/runner/cypress_runner.js:16736:18)\n    at Promise._settlePromise0 (https://icon.amalitech-dev.net/__cypress/runner/cypress_runner.js:16781:10)\n    at Promise._settlePromises (https://icon.amalitech-dev.net/__cypress/runner/cypress_runner.js:16861:18)\n    at Promise._fulfill (https://icon.amalitech-dev.net/__cypress/runner/cypress_runner.js:16805:18)\n    at <unknown> (https://icon.amalitech-dev.net/__cypress/runner/cypress_runner.js:18419:46)\nFrom Your Spec Code:\n    at Context.eval (webpack:///./cypress/e2e/HR-Config/taskareas.spec.cy.js:8:60)",
                "diff": null
              },
              "uuid": "d0f5a470-8b4a-4db3-8de7-0e7fb3ba6f34",
              "parentUUID": "f02263b0-6b59-46a4-bd2e-99d9c2b04c5b",
              "isHook": false,
              "skipped": false
            },
            {
              "title": "edits a task area",
              "fullTitle": "HR configuration Task Areas tests edits a task area",
              "timedOut": null,
              "duration": 45339,
              "state": "failed",
              "speed": null,
              "pass": false,
              "fail": true,
              "pending": false,
              "context": null,
              "code": "cy.AdminLogin();\ncy.get(_hrSelectors.HRSelectors.accordionIcon).eq(0).click();\ncy.contains(_hrSelectors.HRSelectors.settingsTab, {\n  matchCase: false\n}).click();\ncy.contains(_hrSelectors.HRSelectors.hrconfigTab, {\n  matchCase: false\n}).click();\ncy.get(_hrSelectors.HRSelectors.editIcon).first().click();\ncy.contains('Edit', {\n  matchCase: false\n}).click();\ncy.get(_hrSelectors.HRSelectors.taskInput).clear().type(_faker.faker.word.noun());\ncy.contains('button', 'Update', {\n  matchCase: false\n}).click();\ncy.contains('Task Area updated successfully', {\n  matchCase: false\n}).should('exist');",
              "err": {
                "message": "CypressError: Timed out retrying after 30050ms: `cy.click()` failed because this element is not visible:\n\n`<div class=\"v-list-item-title\">Settings</div>`\n\nThis element `<div.v-list-item-title>` is not visible because it has an effective width and height of: `0 x 32` pixels.\n\nFix this problem, or use `{force: true}` to disable error checking.\n\nhttps://on.cypress.io/element-cannot-be-interacted-with",
                "estack": "CypressError: Timed out retrying after 30050ms: `cy.click()` failed because this element is not visible:\n\n`<div class=\"v-list-item-title\">Settings</div>`\n\nThis element `<div.v-list-item-title>` is not visible because it has an effective width and height of: `0 x 32` pixels.\n\nFix this problem, or use `{force: true}` to disable error checking.\n\nhttps://on.cypress.io/element-cannot-be-interacted-with\n    at runVisibilityCheck (https://icon.amalitech-dev.net/__cypress/runner/cypress_runner.js:161650:66)\n    at Object.isStrictlyVisible (https://icon.amalitech-dev.net/__cypress/runner/cypress_runner.js:161664:10)\n    at runAllChecks (https://icon.amalitech-dev.net/__cypress/runner/cypress_runner.js:140048:26)\n    at retryActionability (https://icon.amalitech-dev.net/__cypress/runner/cypress_runner.js:140116:16)\n    at tryCatcher (https://icon.amalitech-dev.net/__cypress/runner/cypress_runner.js:18744:23)\n    at Promise.attempt.Promise.try (https://icon.amalitech-dev.net/__cypress/runner/cypress_runner.js:16018:29)\n    at whenStable (https://icon.amalitech-dev.net/__cypress/runner/cypress_runner.js:156400:65)\n    at <unknown> (https://icon.amalitech-dev.net/__cypress/runner/cypress_runner.js:155841:14)\n    at tryCatcher (https://icon.amalitech-dev.net/__cypress/runner/cypress_runner.js:18744:23)\n    at Promise._settlePromiseFromHandler (https://icon.amalitech-dev.net/__cypress/runner/cypress_runner.js:16679:31)\n    at Promise._settlePromise (https://icon.amalitech-dev.net/__cypress/runner/cypress_runner.js:16736:18)\n    at Promise._settlePromise0 (https://icon.amalitech-dev.net/__cypress/runner/cypress_runner.js:16781:10)\n    at Promise._settlePromises (https://icon.amalitech-dev.net/__cypress/runner/cypress_runner.js:16861:18)\n    at Promise._fulfill (https://icon.amalitech-dev.net/__cypress/runner/cypress_runner.js:16805:18)\n    at <unknown> (https://icon.amalitech-dev.net/__cypress/runner/cypress_runner.js:18419:46)\nFrom Your Spec Code:\n    at Context.eval (webpack:///./cypress/e2e/HR-Config/taskareas.spec.cy.js:20:60)",
                "diff": null
              },
              "uuid": "a419829e-277a-4e1e-bd1f-d7a3768f3c36",
              "parentUUID": "f02263b0-6b59-46a4-bd2e-99d9c2b04c5b",
              "isHook": false,
              "skipped": false
            },
            {
              "title": "delete a task area",
              "fullTitle": "HR configuration Task Areas tests delete a task area",
              "timedOut": null,
              "duration": 40386,
              "state": "failed",
              "speed": null,
              "pass": false,
              "fail": true,
              "pending": false,
              "context": null,
              "code": "cy.AdminLogin();\ncy.get(_hrSelectors.HRSelectors.accordionIcon).eq(0).click();\ncy.contains(_hrSelectors.HRSelectors.settingsTab, {\n  matchCase: false\n}).click();\ncy.contains(_hrSelectors.HRSelectors.hrconfigTab, {\n  matchCase: false\n}).click();\ncy.get(_hrSelectors.HRSelectors.editIcon).first().click();\ncy.contains(\"Delete\", {\n  matchCase: false\n}).click();\ncy.contains(\"button\", \"Replace and delete\", {\n  matchCase: false\n}).click();\ncy.contains('Task Area deleted successfully', {\n  matchCase: false\n}).should('exist');",
              "err": {
                "message": "CypressError: Timed out retrying after 30050ms: `cy.click()` failed because this element is not visible:\n\n`<div class=\"v-list-item-title\">Settings</div>`\n\nThis element `<div.v-list-item-title>` is not visible because it has an effective width and height of: `0 x 32` pixels.\n\nFix this problem, or use `{force: true}` to disable error checking.\n\nhttps://on.cypress.io/element-cannot-be-interacted-with",
                "estack": "CypressError: Timed out retrying after 30050ms: `cy.click()` failed because this element is not visible:\n\n`<div class=\"v-list-item-title\">Settings</div>`\n\nThis element `<div.v-list-item-title>` is not visible because it has an effective width and height of: `0 x 32` pixels.\n\nFix this problem, or use `{force: true}` to disable error checking.\n\nhttps://on.cypress.io/element-cannot-be-interacted-with\n    at runVisibilityCheck (https://icon.amalitech-dev.net/__cypress/runner/cypress_runner.js:161650:66)\n    at Object.isStrictlyVisible (https://icon.amalitech-dev.net/__cypress/runner/cypress_runner.js:161664:10)\n    at runAllChecks (https://icon.amalitech-dev.net/__cypress/runner/cypress_runner.js:140048:26)\n    at retryActionability (https://icon.amalitech-dev.net/__cypress/runner/cypress_runner.js:140116:16)\n    at tryCatcher (https://icon.amalitech-dev.net/__cypress/runner/cypress_runner.js:18744:23)\n    at Promise.attempt.Promise.try (https://icon.amalitech-dev.net/__cypress/runner/cypress_runner.js:16018:29)\n    at whenStable (https://icon.amalitech-dev.net/__cypress/runner/cypress_runner.js:156400:65)\n    at <unknown> (https://icon.amalitech-dev.net/__cypress/runner/cypress_runner.js:155841:14)\n    at tryCatcher (https://icon.amalitech-dev.net/__cypress/runner/cypress_runner.js:18744:23)\n    at Promise._settlePromiseFromHandler (https://icon.amalitech-dev.net/__cypress/runner/cypress_runner.js:16679:31)\n    at Promise._settlePromise (https://icon.amalitech-dev.net/__cypress/runner/cypress_runner.js:16736:18)\n    at Promise._settlePromise0 (https://icon.amalitech-dev.net/__cypress/runner/cypress_runner.js:16781:10)\n    at Promise._settlePromises (https://icon.amalitech-dev.net/__cypress/runner/cypress_runner.js:16861:18)\n    at Promise._fulfill (https://icon.amalitech-dev.net/__cypress/runner/cypress_runner.js:16805:18)\n    at <unknown> (https://icon.amalitech-dev.net/__cypress/runner/cypress_runner.js:18419:46)\nFrom Your Spec Code:\n    at Context.eval (webpack:///./cypress/e2e/HR-Config/taskareas.spec.cy.js:32:62)",
                "diff": null
              },
              "uuid": "ad3bdec6-cacc-42ef-a3c9-2683ed7f53da",
              "parentUUID": "f02263b0-6b59-46a4-bd2e-99d9c2b04c5b",
              "isHook": false,
              "skipped": false
            }
          ],
          "suites": [],
          "passes": [],
          "failures": [
            "d0f5a470-8b4a-4db3-8de7-0e7fb3ba6f34",
            "a419829e-277a-4e1e-bd1f-d7a3768f3c36",
            "ad3bdec6-cacc-42ef-a3c9-2683ed7f53da"
          ],
          "pending": [],
          "skipped": [],
          "duration": 144113,
          "root": false,
          "rootEmpty": false,
          "_timeout": 2000
        }
      ],
      "passes": [],
      "failures": [],
      "pending": [],
      "skipped": [],
      "duration": 0,
      "root": true,
      "rootEmpty": true,
      "_timeout": 2000
    }
  ],
  "meta": {
    "mocha": {
      "version": "7.0.1"
    },
    "mochawesome": {
      "options": {
        "quiet": false,
        "reportFilename": "mochawesome",
        "saveHtml": false,
        "saveJson": true,
        "consoleReporter": "spec",
        "useInlineDiffs": false,
        "code": true
      },
      "version": "7.1.3"
    },
    "marge": {
      "options": {
        "reportDir": "cypress/reports/mochawesome/.jsons",
        "overwrite": false,
        "html": false,
        "json": true
      },
      "version": "6.2.0"
    }
  }
}