{
  "stats": {
    "suites": 1,
    "tests": 1,
    "passes": 1,
    "pending": 0,
    "failures": 0,
    "start": "2023-07-14T11:06:28.737Z",
    "end": "2023-07-14T11:07:15.371Z",
    "duration": 46634,
    "testsRegistered": 1,
    "passPercent": 100,
    "pendingPercent": 0,
    "other": 0,
    "hasOther": false,
    "skipped": 0,
    "hasSkipped": false
  },
  "results": [
    {
      "uuid": "2c5e2f5a-a627-4f79-b84e-0f63b78d4dea",
      "title": "",
      "fullFile": "cypress/e2e/Access/editAccessRole.spec.cy.js",
      "file": "cypress/e2e/Access/editAccessRole.spec.cy.js",
      "beforeHooks": [],
      "afterHooks": [],
      "tests": [],
      "suites": [
        {
          "uuid": "92fce56f-01ae-4c88-8e1c-19c409a0438a",
          "title": "Perform edit actions for access role",
          "fullFile": "",
          "file": "",
          "beforeHooks": [],
          "afterHooks": [],
          "tests": [
            {
              "title": "should delete an access role",
              "fullTitle": "Perform edit actions for access role should delete an access role",
              "timedOut": null,
              "duration": 46322,
              "state": "passed",
              "speed": "slow",
              "pass": true,
              "fail": false,
              "pending": false,
              "context": null,
              "code": "cy.AdminLogin();\n// cy.get(HRSelectors.accordionIcon).eq(0).click();\ncy.contains(_hrSelectors.HRSelectors.settingsTab, {\n  matchCase: false\n}).click();\ncy.get(\"div.v-list-item-title\").eq(11).click();\ncy.get(\"svg[data-v-2c033c97]\").last().click();\ncy.get(\"div.v-list-item\").eq(5).click();\ncy.get('input[placeholder=\"Role Title\"]').clear().type(_faker.faker.person.jobArea() + \" \" + 'Role');\ncy.get(\"button[data-v-50b16f5d]\").click();",
              "err": {},
              "uuid": "fe097f7b-cae2-4f3b-bb2c-3fa7647e0829",
              "parentUUID": "92fce56f-01ae-4c88-8e1c-19c409a0438a",
              "isHook": false,
              "skipped": false
            }
          ],
          "suites": [],
          "passes": [
            "fe097f7b-cae2-4f3b-bb2c-3fa7647e0829"
          ],
          "failures": [],
          "pending": [],
          "skipped": [],
          "duration": 46322,
          "root": false,
          "rootEmpty": false,
          "_timeout": 2000
        }
      ],
      "passes": [],
      "failures": [],
      "pending": [],
      "skipped": [],
      "duration": 0,
      "root": true,
      "rootEmpty": true,
      "_timeout": 2000
    }
  ],
  "meta": {
    "mocha": {
      "version": "7.0.1"
    },
    "mochawesome": {
      "options": {
        "quiet": false,
        "reportFilename": "mochawesome",
        "saveHtml": false,
        "saveJson": true,
        "consoleReporter": "spec",
        "useInlineDiffs": false,
        "code": true
      },
      "version": "7.1.3"
    },
    "marge": {
      "options": {
        "reportDir": "cypress/reports/mochawesome/.jsons",
        "overwrite": false,
        "html": false,
        "json": true
      },
      "version": "6.2.0"
    }
  }
}