{
  "stats": {
    "suites": 1,
    "tests": 1,
    "passes": 0,
    "pending": 0,
    "failures": 1,
    "start": "2023-07-14T11:04:41.500Z",
    "end": "2023-07-14T11:05:47.734Z",
    "duration": 66234,
    "testsRegistered": 1,
    "passPercent": 0,
    "pendingPercent": 0,
    "other": 0,
    "hasOther": false,
    "skipped": 0,
    "hasSkipped": false
  },
  "results": [
    {
      "uuid": "fbda6d49-1332-48b1-aa39-edcbe8678417",
      "title": "",
      "fullFile": "cypress/e2e/Access/deleteAccess.spec.cy.js",
      "file": "cypress/e2e/Access/deleteAccess.spec.cy.js",
      "beforeHooks": [],
      "afterHooks": [],
      "tests": [],
      "suites": [
        {
          "uuid": "6ebdb674-ea0d-492a-86b3-84e877d53e1c",
          "title": "Perform delete actions for access role",
          "fullFile": "",
          "file": "",
          "beforeHooks": [],
          "afterHooks": [],
          "tests": [
            {
              "title": "delete access role",
              "fullTitle": "Perform delete actions for access role delete access role",
              "timedOut": null,
              "duration": 65920,
              "state": "failed",
              "speed": null,
              "pass": false,
              "fail": true,
              "pending": false,
              "context": null,
              "code": "cy.AdminLogin();\n// cy.get(HRSelectors.accordionIcon).eq(0).click();\ncy.contains(_hrSelectors.HRSelectors.settingsTab, {\n  matchCase: false\n}).click();\ncy.get(\"div.v-list-item-title\").eq(11).click();\ncy.get(\"svg[data-v-2c033c97]\").last().click();\ncy.contains(\"Delete\", {\n  matchCase: false\n}).click();\ncy.get(\"button[data-v-97ccaf3e]\").click();",
              "err": {
                "message": "AssertionError: Timed out retrying after 30000ms: Expected to find content: 'Settings' but never did.",
                "estack": "AssertionError: Timed out retrying after 30000ms: Expected to find content: 'Settings' but never did.\n    at Context.eval (webpack:///./cypress/e2e/Access/deleteAccess.spec.cy.js:7:7)",
                "diff": null
              },
              "uuid": "066b6db0-af97-43f4-98c6-32d167b94f95",
              "parentUUID": "6ebdb674-ea0d-492a-86b3-84e877d53e1c",
              "isHook": false,
              "skipped": false
            }
          ],
          "suites": [],
          "passes": [],
          "failures": [
            "066b6db0-af97-43f4-98c6-32d167b94f95"
          ],
          "pending": [],
          "skipped": [],
          "duration": 65920,
          "root": false,
          "rootEmpty": false,
          "_timeout": 2000
        }
      ],
      "passes": [],
      "failures": [],
      "pending": [],
      "skipped": [],
      "duration": 0,
      "root": true,
      "rootEmpty": true,
      "_timeout": 2000
    }
  ],
  "meta": {
    "mocha": {
      "version": "7.0.1"
    },
    "mochawesome": {
      "options": {
        "quiet": false,
        "reportFilename": "mochawesome",
        "saveHtml": false,
        "saveJson": true,
        "consoleReporter": "spec",
        "useInlineDiffs": false,
        "code": true
      },
      "version": "7.1.3"
    },
    "marge": {
      "options": {
        "reportDir": "cypress/reports/mochawesome/.jsons",
        "overwrite": false,
        "html": false,
        "json": true
      },
      "version": "6.2.0"
    }
  }
}