{
  "stats": {
    "suites": 1,
    "tests": 1,
    "passes": 0,
    "pending": 0,
    "failures": 1,
    "start": "2023-07-13T15:48:49.095Z",
    "end": "2023-07-13T15:49:38.982Z",
    "duration": 49887,
    "testsRegistered": 1,
    "passPercent": 0,
    "pendingPercent": 0,
    "other": 0,
    "hasOther": false,
    "skipped": 0,
    "hasSkipped": false
  },
  "results": [
    {
      "uuid": "893d20ef-783e-47b4-8e94-bd9d537e15eb",
      "title": "",
      "fullFile": "cypress\\e2e\\Access\\deleteAccess.spec.cy.js",
      "file": "cypress\\e2e\\Access\\deleteAccess.spec.cy.js",
      "beforeHooks": [],
      "afterHooks": [],
      "tests": [],
      "suites": [
        {
          "uuid": "6f3b4ec3-e444-4c9c-8b3b-93f5d188e2a4",
          "title": "Perform delete actions for access role",
          "fullFile": "",
          "file": "",
          "beforeHooks": [],
          "afterHooks": [],
          "tests": [
            {
              "title": "delete access role",
              "fullTitle": "Perform delete actions for access role delete access role",
              "timedOut": null,
              "duration": 49684,
              "state": "failed",
              "speed": null,
              "pass": false,
              "fail": true,
              "pending": false,
              "context": null,
              "code": "cy.AdminLogin();\ncy.get(_hrSelectors.HRSelectors.accordionIcon).eq(0).click();\ncy.contains(_hrSelectors.HRSelectors.settingsTab, {\n  matchCase: false\n}).click();\ncy.get(\"div.v-list-item-title\").eq(3).click();\ncy.get(\"svg[data-v-2c033c97]\").last().click();\ncy.contains(\"Delete\", {\n  matchCase: false\n}).click();\ncy.get(\"button[data-v-68743f0f]\").click();",
              "err": {
                "message": "CypressError: Timed out retrying after 30050ms: `cy.click()` failed because this element is not visible:\n\n`<div class=\"v-list-item-title\">Settings</div>`\n\nThis element `<div.v-list-item-title>` is not visible because it has an effective width and height of: `0 x 32` pixels.\n\nFix this problem, or use `{force: true}` to disable error checking.\n\nhttps://on.cypress.io/element-cannot-be-interacted-with",
                "estack": "CypressError: Timed out retrying after 30050ms: `cy.click()` failed because this element is not visible:\n\n`<div class=\"v-list-item-title\">Settings</div>`\n\nThis element `<div.v-list-item-title>` is not visible because it has an effective width and height of: `0 x 32` pixels.\n\nFix this problem, or use `{force: true}` to disable error checking.\n\nhttps://on.cypress.io/element-cannot-be-interacted-with\n    at runVisibilityCheck (https://icon.amalitech-dev.net/__cypress/runner/cypress_runner.js:161390:66)\n    at Object.isStrictlyVisible (https://icon.amalitech-dev.net/__cypress/runner/cypress_runner.js:161404:10)\n    at runAllChecks (https://icon.amalitech-dev.net/__cypress/runner/cypress_runner.js:139986:26)\n    at retryActionability (https://icon.amalitech-dev.net/__cypress/runner/cypress_runner.js:140054:16)\n    at tryCatcher (https://icon.amalitech-dev.net/__cypress/runner/cypress_runner.js:18744:23)\n    at Promise.attempt.Promise.try (https://icon.amalitech-dev.net/__cypress/runner/cypress_runner.js:16018:29)\n    at whenStable (https://icon.amalitech-dev.net/__cypress/runner/cypress_runner.js:156168:65)\n    at <unknown> (https://icon.amalitech-dev.net/__cypress/runner/cypress_runner.js:155609:14)\n    at tryCatcher (https://icon.amalitech-dev.net/__cypress/runner/cypress_runner.js:18744:23)\n    at Promise._settlePromiseFromHandler (https://icon.amalitech-dev.net/__cypress/runner/cypress_runner.js:16679:31)\n    at Promise._settlePromise (https://icon.amalitech-dev.net/__cypress/runner/cypress_runner.js:16736:18)\n    at Promise._settlePromise0 (https://icon.amalitech-dev.net/__cypress/runner/cypress_runner.js:16781:10)\n    at Promise._settlePromises (https://icon.amalitech-dev.net/__cypress/runner/cypress_runner.js:16861:18)\n    at Promise._fulfill (https://icon.amalitech-dev.net/__cypress/runner/cypress_runner.js:16805:18)\n    at <unknown> (https://icon.amalitech-dev.net/__cypress/runner/cypress_runner.js:18419:46)\nFrom Your Spec Code:\n    at Context.eval (webpack:///./cypress/e2e/Access/deleteAccess.spec.cy.js:7:63)",
                "diff": null
              },
              "uuid": "ce29aa87-f16f-420f-8951-deee70ce2d89",
              "parentUUID": "6f3b4ec3-e444-4c9c-8b3b-93f5d188e2a4",
              "isHook": false,
              "skipped": false
            }
          ],
          "suites": [],
          "passes": [],
          "failures": [
            "ce29aa87-f16f-420f-8951-deee70ce2d89"
          ],
          "pending": [],
          "skipped": [],
          "duration": 49684,
          "root": false,
          "rootEmpty": false,
          "_timeout": 2000
        }
      ],
      "passes": [],
      "failures": [],
      "pending": [],
      "skipped": [],
      "duration": 0,
      "root": true,
      "rootEmpty": true,
      "_timeout": 2000
    }
  ],
  "meta": {
    "mocha": {
      "version": "7.0.1"
    },
    "mochawesome": {
      "options": {
        "quiet": false,
        "reportFilename": "mochawesome",
        "saveHtml": false,
        "saveJson": true,
        "consoleReporter": "spec",
        "useInlineDiffs": false,
        "code": true
      },
      "version": "7.1.3"
    },
    "marge": {
      "options": {
        "reportDir": "cypress\\reports\\mochawesome\\.jsons",
        "overwrite": false,
        "html": false,
        "json": true
      },
      "version": "6.2.0"
    }
  }
}