
{
  "stats": {
    "suites": 8,
    "tests": 16,
    "passes": 15,
    "pending": 0,
    "failures": 1,
    "testsRegistered": 16,
    "passPercent": 93.75,
    "pendingPercent": 0,
    "other": 0,
    "hasOther": false,
    "skipped": 0,
    "hasSkipped": false,
    "start": "2023-08-08T08:38:53.514Z",
    "end": "2023-08-08T08:43:54.753Z",
    "duration": 301239
  },
  "results": [
    {
      "uuid": "e33ee290-b57e-487d-bb4f-df3cf041f402",
      "title": "",
      "fullFile": "cypress\\e2e\\HR-Config\\taskareas.spec.cy.js",
      "file": "cypress\\e2e\\HR-Config\\taskareas.spec.cy.js",
      "beforeHooks": [],
      "afterHooks": [],
      "tests": [],
      "suites": [
        {
          "uuid": "b6611617-c54a-412e-8ced-c80ef89d00ed",
          "title": "HR configuration Task Areas tests",
          "fullFile": "",
          "file": "",
          "beforeHooks": [],
          "afterHooks": [],
          "tests": [
            {
              "title": "adds a task area to the HR Configuration page by the admin",
              "fullTitle": "HR configuration Task Areas tests adds a task area to the HR Configuration page by the admin",
              "timedOut": null,
              "duration": 12778,
              "state": "passed",
              "speed": "slow",
              "pass": true,
              "fail": false,
              "pending": false,
              "context": null,
              "code": "cy.AdminLogin();\n//  cy.get(HRSelectors.accordionIcon).eq(0).click();\ncy.contains(_hrSelectors.HRSelectors.settingsTab, {\n  matchCase: false\n}).click();\ncy.contains(_hrSelectors.HRSelectors.hrconfigTab, {\n  matchCase: false\n}).click();\ncy.contains(\"span\", \"Add\").parent('button').click();\ncy.contains(\"Add Task Area\", {\n  matchCase: false\n}).should('exist');\ncy.get(_hrSelectors.HRSelectors.taskInput).type(_faker.faker.word.noun());\ncy.get(\"[type='button']\").last().click();\n//  cy.contains('Task Area added successfully', {matchCase:false}).should('exist')",
              "err": {},
              "uuid": "f9677501-cd74-4a75-9566-c329f6e6548f",
              "parentUUID": "b6611617-c54a-412e-8ced-c80ef89d00ed",
              "isHook": false,
              "skipped": false
            },
            {
              "title": "edits a task area",
              "fullTitle": "HR configuration Task Areas tests edits a task area",
              "timedOut": null,
              "duration": 8563,
              "state": "passed",
              "speed": "medium",
              "pass": true,
              "fail": false,
              "pending": false,
              "context": null,
              "code": "cy.AdminLogin();\n//  cy.get(HRSelectors.accordionIcon).eq(0).click();\ncy.contains(_hrSelectors.HRSelectors.settingsTab, {\n  matchCase: false\n}).click();\ncy.contains(_hrSelectors.HRSelectors.hrconfigTab, {\n  matchCase: false\n}).click();\ncy.get(_hrSelectors.HRSelectors.editIcon).first().click();\ncy.contains('Edit', {\n  matchCase: false\n}).click();\ncy.get(_hrSelectors.HRSelectors.taskInput).clear().type(_faker.faker.word.noun());\ncy.contains('button', 'Update', {\n  matchCase: false\n}).click();\n//  cy.contains('Task Area updated successfully', {matchCase:false}).should('exist');",
              "err": {},
              "uuid": "c9a80548-5955-4c6a-8035-a77810a63ca3",
              "parentUUID": "b6611617-c54a-412e-8ced-c80ef89d00ed",
              "isHook": false,
              "skipped": false
            },
            {
              "title": "delete a task area",
              "fullTitle": "HR configuration Task Areas tests delete a task area",
              "timedOut": null,
              "duration": 5868,
              "state": "passed",
              "speed": "medium",
              "pass": true,
              "fail": false,
              "pending": false,
              "context": null,
              "code": "cy.AdminLogin();\n// cy.get(HRSelectors.accordionIcon).eq(0).click();\ncy.contains(_hrSelectors.HRSelectors.settingsTab, {\n  matchCase: false\n}).click();\ncy.contains(_hrSelectors.HRSelectors.hrconfigTab, {\n  matchCase: false\n}).click();\ncy.get(_hrSelectors.HRSelectors.editIcon).first().click();\ncy.contains(\"Delete\", {\n  matchCase: false\n}).click();\ncy.contains(\"button\", \"Replace and delete\", {\n  matchCase: false\n}).click();\n// cy.contains('Task Area deleted successfully', {matchCase:false}).should('exist');",
              "err": {},
              "uuid": "54218bc7-9437-43e8-9ea2-14fdd812ba0b",
              "parentUUID": "b6611617-c54a-412e-8ced-c80ef89d00ed",
              "isHook": false,
              "skipped": false
            }
          ],
          "suites": [],
          "passes": [
            "f9677501-cd74-4a75-9566-c329f6e6548f",
            "c9a80548-5955-4c6a-8035-a77810a63ca3",
            "54218bc7-9437-43e8-9ea2-14fdd812ba0b"
          ],
          "failures": [],
          "pending": [],
          "skipped": [],
          "duration": 27209,
          "root": false,
          "rootEmpty": false,
          "_timeout": 2000
        }
      ],
      "passes": [],
      "failures": [],
      "pending": [],
      "skipped": [],
      "duration": 0,
      "root": true,
      "rootEmpty": true,
      "_timeout": 2000
    },
    {
      "uuid": "904984c3-c3cb-4c31-a076-6c23dc416236",
      "title": "",
      "fullFile": "cypress\\e2e\\HR\\createEmployees.spec.cy.js",
      "file": "cypress\\e2e\\HR\\createEmployees.spec.cy.js",
      "beforeHooks": [],
      "afterHooks": [],
      "tests": [],
      "suites": [
        {
          "uuid": "5c5b13a3-0385-4cc3-bdf1-be6f54da8943",
          "title": "Add employee to the to the system",
          "fullFile": "",
          "file": "",
          "beforeHooks": [],
          "afterHooks": [],
          "tests": [
            {
              "title": "creates or add employee to the platform",
              "fullTitle": "Add employee to the to the system creates or add employee to the platform",
              "timedOut": null,
              "duration": 47987,
              "state": "passed",
              "speed": "slow",
              "pass": true,
              "fail": false,
              "pending": false,
              "context": null,
              "code": "// Personal information section\ncy.AdminLogin();\ncy.wait(3000);\ncy.reload();\n// cy.get(HRSelectors.accordionIcon).eq(0).click();\ncy.get(\".v-list-item-title\").eq(2).click();\ncy.get(\".v-list-item-title\").eq(3).click();\ncy.url().should(\"contain\", \"/employees\");\ncy.get(\"[type='button']\").last().click();\ncy.get('[name=\"1\"]').type(_faker.faker.person.middleName());\ncy.get('[placeholder=\"Enter first name\"]', {\n  matchCase: false\n}).type(_faker.faker.person.firstName());\ncy.get('[name=\"3\"]').type(_faker.faker.person.lastName());\ncy.get('[name=\"4\"]').type(_faker.faker.person.middleName());\ncy.get('[name=\"5\"]').type(birthday.toString());\ncy.get('[placeholder=\"Select gender\"]').select(gender);\ncy.get('[placeholder=\"Select country of birth\"]').select(country);\ncy.get('[placeholder=\"Select citizenship\"]').select(citizen);\ncy.get('[name=\"6\"]').type(_faker.faker.internet.email());\ncy.get('[placeholder=\"Select civil status\"]').select(maritalstatus);\ncy.get('[type=\"checkbox\"]').check();\ncy.get(\"[data-cy='btn_saveAndContinue']\").click();\ncy.contains(\"Personal information created successfully\", {\n  matchCase: false\n}).should(\"exist\");\n// Contact information section\ncy.get('[placeholder=\"Enter phone number\"]').type(_faker.faker.phone.number());\ncy.get('[placeholder=\"Enter mobile number\"]').type(_faker.faker.phone.number());\ncy.get(\"#emailAddress\").type(_faker.faker.internet.email());\ncy.get(\"#emergencyPhone\").type(_faker.faker.location.streetAddress());\ncy.get(\"#contact_postalCode\").type(_faker.faker.location.zipCode());\ncy.get(\"#contact_City\").type(_faker.faker.location.city());\ncy.get(\"#contact_Country>:nth-child(2)>:nth(0)\").as(\"Country\");\ncy.get(\"@Country\").select(country);\ncy.get(\"[type='button']\").last().click();\n// Employment information section\ncy.get(\"[placeholder='Select employment type']\").select(typeofEmployment);\ncy.get(\"[placeholder='Select probation period']\").select(probationTime);\ncy.get(\"[placeholder='Add access level']\").select(employeeAccess);\ncy.contains(\"Add Position\", {\n  matchCase: false\n}).click();\ncy.get(\"[placeholder='Select a position']\").select(userPosition);\ncy.get(\"[placeholder='Select a company']\").select(company);\ncy.get(\"[placeholder='Select a team']\").select(team);\ncy.get(\"#employment_workTime\").type(hoursWorked);\ncy.get(\"#start-date\").type(startDate.toString());\ncy.get(\"#end-date\").type(endDate.toString());\ncy.get(\"[type='button']\").last().click();\ncy.contains(\"Position added successfully\", {\n  matchCase: false\n}).should(\"exist\");\ncy.get(\"[type='button']\").last().click();\ncy.wait(5000);\n// Qualification section\n//  education\ncy.get(\"[type='button']\").eq(4).click();\ncy.get(\"#institution\").eq(0).invoke(\"removeAttr\", \"disabled\").type(university);\ncy.get(\"#course\").type(course);\ncy.get(\"[type='button'\").last().click();\n// language\ncy.get(\"[type='button']\").eq(5).click();\ncy.get(\"[placeholder='Select language']\").select(language);\ncy.get(\"[placeholder='Select reading proficiency']\").select(proficiencyLevel);\ncy.get(\"[placeholder='Select speaking proficiency']\").select(proficiencyLevel);\ncy.get(\"[placeholder='Select writing proficiency']\").select(proficiencyLevel);\ncy.get(\"[type='button']\").last().click();\ncy.contains(\"User language added successfully\", {\n  matchCase: false\n}).should(\"exist\");\n//  experience\ncy.get(\"[type='button']\").eq(6).click();\ncy.get('input[placeholder=\"Enter company name\"]').type(_faker.faker.company.name());\ncy.get('input[placeholder=\"Enter location name\"]').type(_faker.faker.location.city());\ncy.get('input[placeholder=\"Enter job title\"]').type(_faker.faker.person.jobTitle());\ncy.get(\"[type='date']\").first().type(startDate.toString());\ncy.get('#end-date').type(endDate.toString());\ncy.get(\"[data-cy='btn_experience']\").click();\ncy.contains(\"User professional experience added successfully\", {\n  matchCase: false\n}).should(\"exist\");\ncy.contains('span', 'Finish').parent('button').click();\ncy.url().should(\"eq\", _urls.iconUrls.employeesUrl);",
              "err": {},
              "uuid": "3206ff11-e74c-4853-91fc-f09c557d3f6a",
              "parentUUID": "5c5b13a3-0385-4cc3-bdf1-be6f54da8943",
              "isHook": false,
              "skipped": false
            }
          ],
          "suites": [],
          "passes": [
            "3206ff11-e74c-4853-91fc-f09c557d3f6a"
          ],
          "failures": [],
          "pending": [],
          "skipped": [],
          "duration": 47987,
          "root": false,
          "rootEmpty": false,
          "_timeout": 2000
        }
      ],
      "passes": [],
      "failures": [],
      "pending": [],
      "skipped": [],
      "duration": 0,
      "root": true,
      "rootEmpty": true,
      "_timeout": 2000
    },
    {
      "uuid": "673121ee-4ef1-4e31-a0c9-ffd40e59c18e",
      "title": "",
      "fullFile": "cypress\\e2e\\HR\\others.spec.cy.js",
      "file": "cypress\\e2e\\HR\\others.spec.cy.js",
      "beforeHooks": [],
      "afterHooks": [],
      "tests": [],
      "suites": [
        {
          "uuid": "7bc0d9b3-05d5-49bb-82e5-37a8ea0d514d",
          "title": "Other functionalities on employees module",
          "fullFile": "",
          "file": "",
          "beforeHooks": [],
          "afterHooks": [],
          "tests": [
            {
              "title": "search by filters",
              "fullTitle": "Other functionalities on employees module search by filters",
              "timedOut": null,
              "duration": 13096,
              "state": "passed",
              "speed": "slow",
              "pass": true,
              "fail": false,
              "pending": false,
              "context": null,
              "code": "cy.AdminLogin();\ncy.wait(3000);\ncy.reload();\n// cy.get(HRSelectors.accordionIcon).eq(0).click();\ncy.get(\".v-list-item-title\").eq(2).click();\ncy.get(\".v-list-item-title\").eq(3).click();\ncy.url().should(\"contain\", \"/employees\");\ncy.get(\".select\").eq(0).select(userPosition);\ncy.get(\".select\").eq(1).select(company);\ncy.get(\".select\").eq(2).select(typeofEmployment);\ncy.get(\".select\").eq(3).select(team);\ncy.get(\".select\").eq(4).select(status);",
              "err": {},
              "uuid": "831723b0-c967-42ac-b4e4-a4b352286754",
              "parentUUID": "7bc0d9b3-05d5-49bb-82e5-37a8ea0d514d",
              "isHook": false,
              "skipped": false
            }
          ],
          "suites": [],
          "passes": [
            "831723b0-c967-42ac-b4e4-a4b352286754"
          ],
          "failures": [],
          "pending": [],
          "skipped": [],
          "duration": 13096,
          "root": false,
          "rootEmpty": false,
          "_timeout": 2000
        }
      ],
      "passes": [],
      "failures": [],
      "pending": [],
      "skipped": [],
      "duration": 0,
      "root": true,
      "rootEmpty": true,
      "_timeout": 2000
    },
    {
      "uuid": "baf7e5fb-e7d8-47a7-898c-11e3091cd5df",
      "title": "",
      "fullFile": "cypress\\e2e\\HR\\updateEmployees.spec.cy.js",
      "file": "cypress\\e2e\\HR\\updateEmployees.spec.cy.js",
      "beforeHooks": [],
      "afterHooks": [],
      "tests": [],
      "suites": [
        {
          "uuid": "99385aab-75d4-4563-b06f-89393332617c",
          "title": "Perform update actions on employees",
          "fullFile": "",
          "file": "",
          "beforeHooks": [],
          "afterHooks": [],
          "tests": [
            {
              "title": "edits employee information",
              "fullTitle": "Perform update actions on employees edits employee information",
              "timedOut": null,
              "duration": 33957,
              "state": "failed",
              "speed": null,
              "pass": false,
              "fail": true,
              "pending": false,
              "context": null,
              "code": "// login and individual employee page\ncy.AdminLogin();\ncy.wait(3000);\ncy.reload();\n// cy.get(HRSelectors.accordionIcon).eq(0).click();\ncy.get(\".v-list-item-title\").eq(2).click();\ncy.get(\".v-list-item-title\").eq(3).click();\ncy.url().should(\"contain\", \"/employees\");\ncy.get(\"tbody>:nth-child(3)\").click();\n//  Personal Info section\ncy.contains(\"button\", \"Edit Profile\", {\n  matchCase: false\n}).click({\n  force: true\n});\ncy.get('[name=\"5\"]').type(birthday.toString());\ncy.get('[placeholder=\"Select gender\"]').select(gender);\ncy.get('[placeholder=\"Select country of birth\"]').select(country);\ncy.get('[placeholder=\"Select citizenship\"]').select(citizen);\ncy.get('[placeholder=\"Select civil status\"]').select(maritalstatus);\ncy.contains(\"span\", \"save changes\", {\n  matchCase: false\n}).parent(\"button\").click();\ncy.contains(\"Employee information updated successfully\", {\n  matchCase: false\n}).should(\"exist\");\n// contact section\ncy.get(\"button.tab-button\").eq(1).click();\ncy.get(\"input#contact_phone\").clear().type(_faker.faker.phone.number());\ncy.get(\"input#emailAddress\").clear().type(_faker.faker.internet.email());\ncy.get(\"input#contact_postalCode\").clear().type(_faker.faker.location.zipCode());\ncy.contains(\"span\", \"save changes\", {\n  matchCase: false\n}).parent(\"button\").click();\ncy.contains(\"Employee information updated successfully\", {\n  matchCase: false\n}).should(\"exist\");\n// employment section\ncy.get(\"button.tab-button\").eq(2).click();\ncy.get(\"[placeholder='Select employment type']\").select(typeofEmployment);\ncy.get(\"[placeholder='Select probation period']\").select(probationTime);\ncy.get(\"[placeholder='Add access level']\").select(employeeAccess);\ncy.contains(\"span\", \"Add Position\", {\n  matchCase: false\n}).parent(\"button\").click();\ncy.get(\"[placeholder='Select a position']\").select(userPosition);\ncy.get(\"[placeholder='Select a company']\").select(company);\ncy.get(\"[placeholder='Select a team']\").select(team);\ncy.get(\"#employment_workTime\").type(hoursWorked);\ncy.get(\"#start-date\").type(startDate.toString());\ncy.get(\"#end-date\").type(endDate.toString());\ncy.get(\"[type='button']\").last().click();\ncy.contains(\"Position added successfully\", {\n  matchCase: false\n}).should(\"exist\");\ncy.contains(\"span\", \"save changes\", {\n  matchCase: false\n}).parent(\"button\").click();\ncy.wait(3000);\n//  cy.contains(\"Employee information updated successfully\", {\n//    matchCase: false,\n//  }).should(\"exist\");\n// Qualification section\n//  education\ncy.get(\"button.tab-button\").eq(3).click();\ncy.contains(\"span\", \"Add Education\", {\n  matchCase: false\n}).parent('button').click();\ncy.get(\"#institution\").invoke(\"removeAttr\", \"disabled\").type(university);\n// cy.wait(3000)\n// cy.get(\"[placeholder='Enter degree/diploma/certificate title']\").type(course);\n// cy.get(\"[type='button'\").last().click();\n// language\ncy.contains(\"span\", \"Add Language\", {\n  matchCase: false\n}).parent('button').click();\ncy.get(\"[placeholder='Select language']\").select(language);\ncy.get(\"[placeholder='Select reading proficiency']\").select(proficiencyLevel);\ncy.get(\"[placeholder='Select speaking proficiency']\").select(proficiencyLevel);\ncy.get(\"[placeholder='Select writing proficiency']\").select(proficiencyLevel);\ncy.get(\"[type='button']\").last().click();\ncy.contains(\"User language added successfully\", {\n  matchCase: false\n}).should(\"exist\");\n//  experience\ncy.contains(\"span\", \"Add Experience\", {\n  matchCase: false\n}).parent('button').click();\ncy.get('input[placeholder=\"Enter company name\"]').type(_faker.faker.company.name());\ncy.get('input[placeholder=\"Enter location name\"]').type(_faker.faker.location.city());\ncy.get('input[placeholder=\"Enter job title\"]').type(_faker.faker.person.jobTitle());\ncy.get(\"[type='date']\").first().type(startDate.toString());\ncy.get(\"#end-date\").type(endDate.toString());\ncy.get(\"[data-cy='btn_experience']\").click();\ncy.contains(\"User professional experience added successfully\", {\n  matchCase: false\n}).should(\"exist\");",
              "err": {
                "message": "CypressError: `cy.type()` failed because it targeted a disabled element.\n\nThe element typed into was:\n\n  > <input data-v-0114d351=\"\" type=\"text\" name=\"institution\" id=\"institution\" class=\"\" placeholder=\"Enter institution name\" validation=\"\">\n\nEnsure the element does not have an attribute named `disabled` before typing into it.\n\nhttps://on.cypress.io/type",
                "estack": "CypressError: `cy.type()` failed because it targeted a disabled element.\n\nThe element typed into was:\n\n  > <input data-v-0114d351=\"\" type=\"text\" name=\"institution\" id=\"institution\" class=\"\" placeholder=\"Enter institution name\" validation=\"\">\n\nEnsure the element does not have an attribute named `disabled` before typing into it.\n\nhttps://on.cypress.io/type\n    at <unknown> (https://icon.amalitech-dev.net/__cypress/runner/cypress_runner.js:144126:86)\n    at tryCatcher (https://icon.amalitech-dev.net/__cypress/runner/cypress_runner.js:18744:23)\n    at Promise._settlePromiseFromHandler (https://icon.amalitech-dev.net/__cypress/runner/cypress_runner.js:16679:31)\n    at Promise._settlePromise (https://icon.amalitech-dev.net/__cypress/runner/cypress_runner.js:16736:18)\n    at Promise._settlePromise0 (https://icon.amalitech-dev.net/__cypress/runner/cypress_runner.js:16781:10)\n    at Promise._settlePromises (https://icon.amalitech-dev.net/__cypress/runner/cypress_runner.js:16861:18)\n    at _drainQueueStep (https://icon.amalitech-dev.net/__cypress/runner/cypress_runner.js:13451:12)\n    at _drainQueue (https://icon.amalitech-dev.net/__cypress/runner/cypress_runner.js:13444:9)\n    at ../../node_modules/bluebird/js/release/async.js.Async._drainQueues (https://icon.amalitech-dev.net/__cypress/runner/cypress_runner.js:13460:5)\n    at Async.drainQueues (https://icon.amalitech-dev.net/__cypress/runner/cypress_runner.js:13330:14)\nFrom Your Spec Code:\n    at Context.eval (webpack:///./cypress/e2e/HR/updateEmployees.spec.cy.js:117:60)",
                "diff": null
              },
              "uuid": "e24d1f72-ba72-4bd5-98f6-01a5ee6a8496",
              "parentUUID": "99385aab-75d4-4563-b06f-89393332617c",
              "isHook": false,
              "skipped": false
            }
          ],
          "suites": [],
          "passes": [],
          "failures": [
            "e24d1f72-ba72-4bd5-98f6-01a5ee6a8496"
          ],
          "pending": [],
          "skipped": [],
          "duration": 33957,
          "root": false,
          "rootEmpty": false,
          "_timeout": 2000
        }
      ],
      "passes": [],
      "failures": [],
      "pending": [],
      "skipped": [],
      "duration": 0,
      "root": true,
      "rootEmpty": true,
      "_timeout": 2000
    },
    {
      "uuid": "0b8c5b17-29fb-4d56-a5c6-4b42e1bb9fb2",
      "title": "",
      "fullFile": "cypress\\e2e\\Access\\addAccess.spec.cy.js",
      "file": "cypress\\e2e\\Access\\addAccess.spec.cy.js",
      "beforeHooks": [],
      "afterHooks": [],
      "tests": [],
      "suites": [
        {
          "uuid": "623505a5-045f-4471-b5a1-16c68be5f9e8",
          "title": "Create a new access role",
          "fullFile": "",
          "file": "",
          "beforeHooks": [],
          "afterHooks": [],
          "tests": [
            {
              "title": "add a new access role to the system by admin",
              "fullTitle": "Create a new access role add a new access role to the system by admin",
              "timedOut": null,
              "duration": 25814,
              "state": "passed",
              "speed": "slow",
              "pass": true,
              "fail": false,
              "pending": false,
              "context": null,
              "code": "cy.AdminLogin();\n// cy.get(HRSelectors.accordionIcon).eq(0).click()\ncy.contains(_hrSelectors.HRSelectors.settingsTab, {\n  matchCase: false\n}).click();\ncy.get(\"div.v-list-item-title\").eq(11).click();\ncy.get(\"[type='button']\").eq(4).click();\ncy.get('input[placeholder=\"Role Title\"]').type(_faker.faker.person.jobArea());\n// Employee module roles\ncy.get(\".access_level>:nth-child(1)>:nth-child(3)\").as('Canedit');\ncy.get('@Canedit').eq(0).click();\ncy.get(\".access_level>:nth-child(1)>:nth-child(2)\").as('Canview');\ncy.get('@Canview').eq(1).click();\ncy.get(\"@Canview\").eq(2).click();\ncy.get(\"@Canview\").eq(3).click();\ncy.get(\"@Canview\").eq(4).click();\ncy.get(\"@Canview\").eq(5).click();\n// // Leave module roles\ncy.get(\"@Canedit\").eq(6).click();\ncy.get(\"@Canview\").eq(7).click();\ncy.get(\"@Canview\").eq(8).click();\ncy.get(\"@Canview\").eq(9).click();\n// Experts & Partners module\n// Experts\ncy.get(\"@Canedit\").eq(10).click();\ncy.get(\"@Canedit\").eq(11).click();\ncy.get(\"@Canview\").eq(12).click();\ncy.get(\"@Canview\").eq(13).click();\ncy.get(\"@Canview\").eq(14).click();\ncy.get(\"@Canview\").eq(15).click();\n// Partners\ncy.get(\"@Canedit\").eq(16).click({\n  force: true\n});\ncy.get(\"@Canview\").eq(17).click();\ncy.get(\"@Canview\").eq(18).click();\ncy.get(\"@Canview\").eq(19).click();\ncy.get(\"@Canview\").eq(20).click();\ncy.get(\"@Canview\").eq(21).click();\n// Projects\ncy.get(\"@Canedit\").eq(22).click({\n  force: true\n});\ncy.get(\"@Canview\").eq(23).click();\ncy.get(\"@Canview\").eq(24).click();\ncy.get(\"@Canview\").eq(25).click();\ncy.get('[type=\"button\"]').eq(5).click();",
              "err": {},
              "uuid": "fd69e215-ff37-450e-945b-f7fc04015173",
              "parentUUID": "623505a5-045f-4471-b5a1-16c68be5f9e8",
              "isHook": false,
              "skipped": false
            }
          ],
          "suites": [],
          "passes": [
            "fd69e215-ff37-450e-945b-f7fc04015173"
          ],
          "failures": [],
          "pending": [],
          "skipped": [],
          "duration": 25814,
          "root": false,
          "rootEmpty": false,
          "_timeout": 2000
        }
      ],
      "passes": [],
      "failures": [],
      "pending": [],
      "skipped": [],
      "duration": 0,
      "root": true,
      "rootEmpty": true,
      "_timeout": 2000
    },
    {
      "uuid": "62f4e3bc-4104-45ca-acb7-c5c98a7a411b",
      "title": "",
      "fullFile": "cypress\\e2e\\Access\\deleteAccess.spec.cy.js",
      "file": "cypress\\e2e\\Access\\deleteAccess.spec.cy.js",
      "beforeHooks": [],
      "afterHooks": [],
      "tests": [],
      "suites": [
        {
          "uuid": "b1b6662e-f7d9-402e-bc93-12d7111d8a39",
          "title": "Perform delete actions for access role",
          "fullFile": "",
          "file": "",
          "beforeHooks": [],
          "afterHooks": [],
          "tests": [
            {
              "title": "delete access role",
              "fullTitle": "Perform delete actions for access role delete access role",
              "timedOut": null,
              "duration": 9498,
              "state": "passed",
              "speed": "medium",
              "pass": true,
              "fail": false,
              "pending": false,
              "context": null,
              "code": "cy.AdminLogin();\n// cy.get(HRSelectors.accordionIcon).eq(0).click();\ncy.contains(_hrSelectors.HRSelectors.settingsTab, {\n  matchCase: false\n}).click();\ncy.get(\"div.v-list-item-title\").eq(11).click();\ncy.get(\"svg[id='dotIcon']\").last().click();\ncy.contains(\" Delete \", {\n  matchCase: false\n}).click();\ncy.get(\"[type='button']\").last().click();",
              "err": {},
              "uuid": "83277fd3-b8a4-4241-8d07-af52cefb11ee",
              "parentUUID": "b1b6662e-f7d9-402e-bc93-12d7111d8a39",
              "isHook": false,
              "skipped": false
            }
          ],
          "suites": [],
          "passes": [
            "83277fd3-b8a4-4241-8d07-af52cefb11ee"
          ],
          "failures": [],
          "pending": [],
          "skipped": [],
          "duration": 9498,
          "root": false,
          "rootEmpty": false,
          "_timeout": 2000
        }
      ],
      "passes": [],
      "failures": [],
      "pending": [],
      "skipped": [],
      "duration": 0,
      "root": true,
      "rootEmpty": true,
      "_timeout": 2000
    },
    {
      "uuid": "dbdb9457-97ef-4b8c-ad11-c5ee94416830",
      "title": "",
      "fullFile": "cypress\\e2e\\Access\\editAccessRole.spec.cy.js",
      "file": "cypress\\e2e\\Access\\editAccessRole.spec.cy.js",
      "beforeHooks": [],
      "afterHooks": [],
      "tests": [],
      "suites": [
        {
          "uuid": "dbe02c75-9694-4db5-83c7-4a8d0aa6de74",
          "title": "Perform edit actions for access role",
          "fullFile": "",
          "file": "",
          "beforeHooks": [],
          "afterHooks": [],
          "tests": [
            {
              "title": "should delete an access role",
              "fullTitle": "Perform edit actions for access role should delete an access role",
              "timedOut": null,
              "duration": 16739,
              "state": "passed",
              "speed": "slow",
              "pass": true,
              "fail": false,
              "pending": false,
              "context": null,
              "code": "cy.AdminLogin();\n// cy.get(HRSelectors.accordionIcon).eq(0).click();\ncy.contains(_hrSelectors.HRSelectors.settingsTab, {\n  matchCase: false\n}).click();\ncy.get(\"div.v-list-item-title\").eq(11).click();\ncy.get(\"svg[id='dotIcon']\").last().click();\ncy.get(\"[class='v-list-item__content']\").eq(15).click();\ncy.get('input[placeholder=\"Role Title\"]').clear().type(_faker.faker.person.jobArea() + \" \" + 'Role');\ncy.get(\"[type='button']\").last().click();",
              "err": {},
              "uuid": "bbe9faee-d624-4c99-a0af-9a62eff6f946",
              "parentUUID": "dbe02c75-9694-4db5-83c7-4a8d0aa6de74",
              "isHook": false,
              "skipped": false
            }
          ],
          "suites": [],
          "passes": [
            "bbe9faee-d624-4c99-a0af-9a62eff6f946"
          ],
          "failures": [],
          "pending": [],
          "skipped": [],
          "duration": 16739,
          "root": false,
          "rootEmpty": false,
          "_timeout": 2000
        }
      ],
      "passes": [],
      "failures": [],
      "pending": [],
      "skipped": [],
      "duration": 0,
      "root": true,
      "rootEmpty": true,
      "_timeout": 2000
    },
    {
      "uuid": "54fa1bad-6ef9-488e-a8d3-64086ccf6fa2",
      "title": "",
      "fullFile": "cypress\\e2e\\Auth\\auth.spec.cy.js",
      "file": "cypress\\e2e\\Auth\\auth.spec.cy.js",
      "beforeHooks": [],
      "afterHooks": [],
      "tests": [],
      "suites": [
        {
          "uuid": "d2254cd4-35b0-40ef-8d4c-8f2e6b82f4ea",
          "title": "login page tests",
          "fullFile": "",
          "file": "",
          "beforeHooks": [],
          "afterHooks": [],
          "tests": [
            {
              "title": "it should successfully visit the login page",
              "fullTitle": "login page tests it should successfully visit the login page",
              "timedOut": null,
              "duration": 8116,
              "state": "passed",
              "speed": "medium",
              "pass": true,
              "fail": false,
              "pending": false,
              "context": null,
              "code": "cy.visit(_urls.iconUrls.loginUrl);\ncy.contains(_authSelectors.authSelectors.loginHeading).should(\"exist\");\ncy.get(_authSelectors.authSelectors.welcomeText).should(\"exist\");",
              "err": {},
              "uuid": "2ed0409e-f143-496b-8248-2204fa25cfff",
              "parentUUID": "d2254cd4-35b0-40ef-8d4c-8f2e6b82f4ea",
              "isHook": false,
              "skipped": false
            },
            {
              "title": "it should successfully sign in a registered user with valid email and password",
              "fullTitle": "login page tests it should successfully sign in a registered user with valid email and password",
              "timedOut": null,
              "duration": 4892,
              "state": "passed",
              "speed": "fast",
              "pass": true,
              "fail": false,
              "pending": false,
              "context": null,
              "code": "cy.visit(_urls.iconUrls.loginUrl);\ncy.get(_authSelectors.authSelectors.emailId).type(_authdata.default.email);\ncy.get(_authSelectors.authSelectors.passwordId).type(_authdata.default.password);\ncy.get(_authSelectors.authSelectors.signInbutton).click();\ncy.url().should('eq', _urls.iconUrls.homeUrl);",
              "err": {},
              "uuid": "316be9fe-fb8f-406b-8ee4-7c383260c5b3",
              "parentUUID": "d2254cd4-35b0-40ef-8d4c-8f2e6b82f4ea",
              "isHook": false,
              "skipped": false
            },
            {
              "title": "it should successfully sign in a registered user with valid username and password",
              "fullTitle": "login page tests it should successfully sign in a registered user with valid username and password",
              "timedOut": null,
              "duration": 4943,
              "state": "passed",
              "speed": "fast",
              "pass": true,
              "fail": false,
              "pending": false,
              "context": null,
              "code": "cy.visit(_urls.iconUrls.loginUrl);\ncy.get(_authSelectors.authSelectors.emailId).type(_authdata.default.username);\ncy.get(_authSelectors.authSelectors.passwordId).type(_authdata.default.password);\ncy.get(_authSelectors.authSelectors.signInbutton).click();\ncy.url().should('eq', _urls.iconUrls.homeUrl);",
              "err": {},
              "uuid": "c04cf34d-db4e-4824-801b-835ff301816b",
              "parentUUID": "d2254cd4-35b0-40ef-8d4c-8f2e6b82f4ea",
              "isHook": false,
              "skipped": false
            },
            {
              "title": "should prompt for required field for the username or email input field",
              "fullTitle": "login page tests should prompt for required field for the username or email input field",
              "timedOut": null,
              "duration": 3051,
              "state": "passed",
              "speed": "fast",
              "pass": true,
              "fail": false,
              "pending": false,
              "context": null,
              "code": "cy.visit(_urls.iconUrls.loginUrl);\ncy.get(_authSelectors.authSelectors.passwordId).type(_authdata.default.password);\ncy.get(_authSelectors.authSelectors.signInbutton).click();\ncy.get(_authSelectors.authSelectors.requiredEmailError).should(\"have.text\", \"This field is required\", {\n  matchCase: false\n}).and(\"have.css\", \"color\", \"rgb(239, 68, 68)\");",
              "err": {},
              "uuid": "d2c33b1f-9680-4c41-a3f5-b348ffb90314",
              "parentUUID": "d2254cd4-35b0-40ef-8d4c-8f2e6b82f4ea",
              "isHook": false,
              "skipped": false
            },
            {
              "title": "should prompt for required field for the password input field",
              "fullTitle": "login page tests should prompt for required field for the password input field",
              "timedOut": null,
              "duration": 2790,
              "state": "passed",
              "speed": "fast",
              "pass": true,
              "fail": false,
              "pending": false,
              "context": null,
              "code": "cy.visit(_urls.iconUrls.loginUrl);\ncy.get(_authSelectors.authSelectors.emailId).type(_authdata.default.email);\ncy.get(_authSelectors.authSelectors.signInbutton).click();\ncy.get(_authSelectors.authSelectors.requiredPasswordError).should(\"have.text\", \"This field is required\", {\n  matchCase: false\n}).and(\"have.css\", \"color\", \"rgb(239, 68, 68)\");",
              "err": {},
              "uuid": "383e1a9b-57c9-4ef5-aed2-dcbeddc67106",
              "parentUUID": "d2254cd4-35b0-40ef-8d4c-8f2e6b82f4ea",
              "isHook": false,
              "skipped": false
            },
            {
              "title": "should prompt for Invalid credentials error when an unregistered email is used with a valid password",
              "fullTitle": "login page tests should prompt for Invalid credentials error when an unregistered email is used with a valid password",
              "timedOut": null,
              "duration": 2679,
              "state": "passed",
              "speed": "fast",
              "pass": true,
              "fail": false,
              "pending": false,
              "context": null,
              "code": "cy.visit(_urls.iconUrls.loginUrl);\ncy.get(_authSelectors.authSelectors.emailId).type(_authdata.default.invalidEmail);\ncy.get(_authSelectors.authSelectors.passwordId).type(_authdata.default.password);\ncy.get(_authSelectors.authSelectors.signInbutton).click();\ncy.contains(_authSelectors.authSelectors.credentialError, {\n  matchCase: false\n}).should(\"exist\").and(\"have.css\", \"color\", \"rgb(239, 68, 68)\");",
              "err": {},
              "uuid": "54c21acc-8dd9-4db8-b859-c494b25896bc",
              "parentUUID": "d2254cd4-35b0-40ef-8d4c-8f2e6b82f4ea",
              "isHook": false,
              "skipped": false
            },
            {
              "title": "should prompt for Invalid credentials error when a registered email is used with an invalid password",
              "fullTitle": "login page tests should prompt for Invalid credentials error when a registered email is used with an invalid password",
              "timedOut": null,
              "duration": 2218,
              "state": "passed",
              "speed": "fast",
              "pass": true,
              "fail": false,
              "pending": false,
              "context": null,
              "code": "cy.visit(_urls.iconUrls.loginUrl);\ncy.get(_authSelectors.authSelectors.emailId).type(_authdata.default.email);\ncy.get(_authSelectors.authSelectors.passwordId).type(_authdata.default.invalidPassword);\ncy.get(_authSelectors.authSelectors.signInbutton).click();\ncy.contains(_authSelectors.authSelectors.credentialError, {\n  matchCase: false\n}).should(\"exist\").and(\"have.css\", \"color\", \"rgb(239, 68, 68)\");",
              "err": {},
              "uuid": "f267a19c-5ed9-43b7-a5b4-4e2b9e02eec1",
              "parentUUID": "d2254cd4-35b0-40ef-8d4c-8f2e6b82f4ea",
              "isHook": false,
              "skipped": false
            }
          ],
          "suites": [],
          "passes": [
            "2ed0409e-f143-496b-8248-2204fa25cfff",
            "316be9fe-fb8f-406b-8ee4-7c383260c5b3",
            "c04cf34d-db4e-4824-801b-835ff301816b",
            "d2c33b1f-9680-4c41-a3f5-b348ffb90314",
            "383e1a9b-57c9-4ef5-aed2-dcbeddc67106",
            "54c21acc-8dd9-4db8-b859-c494b25896bc",
            "f267a19c-5ed9-43b7-a5b4-4e2b9e02eec1"
          ],
          "failures": [],
          "pending": [],
          "skipped": [],
          "duration": 28689,
          "root": false,
          "rootEmpty": false,
          "_timeout": 2000
        }
      ],
      "passes": [],
      "failures": [],
      "pending": [],
      "skipped": [],
      "duration": 0,
      "root": true,
      "rootEmpty": true,
      "_timeout": 2000
    }
  ],
  "meta": {
    "mocha": {
      "version": "7.0.1"
    },
    "mochawesome": {
      "options": {
        "quiet": false,
        "reportFilename": "mochawesome",
        "saveHtml": false,
        "saveJson": true,
        "consoleReporter": "spec",
        "useInlineDiffs": false,
        "code": true
      },
      "version": "7.1.3"
    },
    "marge": {
      "options": {
        "reportDir": "cypress\\reports\\mochawesome\\.jsons",
        "overwrite": false,
        "html": false,
        "json": true
      },
      "version": "6.2.0"
    }
  }
}