
{
  "stats": {
    "suites": 8,
    "tests": 21,
    "passes": 5,
    "pending": 0,
    "failures": 16,
    "testsRegistered": 21,
    "passPercent": 23.80952380952381,
    "pendingPercent": 0,
    "other": 0,
    "hasOther": false,
    "skipped": 0,
    "hasSkipped": false,
    "start": "2023-07-13T15:47:57.066Z",
    "end": "2023-07-13T16:02:53.362Z",
    "duration": 896296
  },
  "results": [
    {
      "uuid": "893d20ef-783e-47b4-8e94-bd9d537e15eb",
      "title": "",
      "fullFile": "cypress\\e2e\\Access\\deleteAccess.spec.cy.js",
      "file": "cypress\\e2e\\Access\\deleteAccess.spec.cy.js",
      "beforeHooks": [],
      "afterHooks": [],
      "tests": [],
      "suites": [
        {
          "uuid": "6f3b4ec3-e444-4c9c-8b3b-93f5d188e2a4",
          "title": "Perform delete actions for access role",
          "fullFile": "",
          "file": "",
          "beforeHooks": [],
          "afterHooks": [],
          "tests": [
            {
              "title": "delete access role",
              "fullTitle": "Perform delete actions for access role delete access role",
              "timedOut": null,
              "duration": 49684,
              "state": "failed",
              "speed": null,
              "pass": false,
              "fail": true,
              "pending": false,
              "context": null,
              "code": "cy.AdminLogin();\ncy.get(_hrSelectors.HRSelectors.accordionIcon).eq(0).click();\ncy.contains(_hrSelectors.HRSelectors.settingsTab, {\n  matchCase: false\n}).click();\ncy.get(\"div.v-list-item-title\").eq(3).click();\ncy.get(\"svg[data-v-2c033c97]\").last().click();\ncy.contains(\"Delete\", {\n  matchCase: false\n}).click();\ncy.get(\"button[data-v-68743f0f]\").click();",
              "err": {
                "message": "CypressError: Timed out retrying after 30050ms: `cy.click()` failed because this element is not visible:\n\n`<div class=\"v-list-item-title\">Settings</div>`\n\nThis element `<div.v-list-item-title>` is not visible because it has an effective width and height of: `0 x 32` pixels.\n\nFix this problem, or use `{force: true}` to disable error checking.\n\nhttps://on.cypress.io/element-cannot-be-interacted-with",
                "estack": "CypressError: Timed out retrying after 30050ms: `cy.click()` failed because this element is not visible:\n\n`<div class=\"v-list-item-title\">Settings</div>`\n\nThis element `<div.v-list-item-title>` is not visible because it has an effective width and height of: `0 x 32` pixels.\n\nFix this problem, or use `{force: true}` to disable error checking.\n\nhttps://on.cypress.io/element-cannot-be-interacted-with\n    at runVisibilityCheck (https://icon.amalitech-dev.net/__cypress/runner/cypress_runner.js:161390:66)\n    at Object.isStrictlyVisible (https://icon.amalitech-dev.net/__cypress/runner/cypress_runner.js:161404:10)\n    at runAllChecks (https://icon.amalitech-dev.net/__cypress/runner/cypress_runner.js:139986:26)\n    at retryActionability (https://icon.amalitech-dev.net/__cypress/runner/cypress_runner.js:140054:16)\n    at tryCatcher (https://icon.amalitech-dev.net/__cypress/runner/cypress_runner.js:18744:23)\n    at Promise.attempt.Promise.try (https://icon.amalitech-dev.net/__cypress/runner/cypress_runner.js:16018:29)\n    at whenStable (https://icon.amalitech-dev.net/__cypress/runner/cypress_runner.js:156168:65)\n    at <unknown> (https://icon.amalitech-dev.net/__cypress/runner/cypress_runner.js:155609:14)\n    at tryCatcher (https://icon.amalitech-dev.net/__cypress/runner/cypress_runner.js:18744:23)\n    at Promise._settlePromiseFromHandler (https://icon.amalitech-dev.net/__cypress/runner/cypress_runner.js:16679:31)\n    at Promise._settlePromise (https://icon.amalitech-dev.net/__cypress/runner/cypress_runner.js:16736:18)\n    at Promise._settlePromise0 (https://icon.amalitech-dev.net/__cypress/runner/cypress_runner.js:16781:10)\n    at Promise._settlePromises (https://icon.amalitech-dev.net/__cypress/runner/cypress_runner.js:16861:18)\n    at Promise._fulfill (https://icon.amalitech-dev.net/__cypress/runner/cypress_runner.js:16805:18)\n    at <unknown> (https://icon.amalitech-dev.net/__cypress/runner/cypress_runner.js:18419:46)\nFrom Your Spec Code:\n    at Context.eval (webpack:///./cypress/e2e/Access/deleteAccess.spec.cy.js:7:63)",
                "diff": null
              },
              "uuid": "ce29aa87-f16f-420f-8951-deee70ce2d89",
              "parentUUID": "6f3b4ec3-e444-4c9c-8b3b-93f5d188e2a4",
              "isHook": false,
              "skipped": false
            }
          ],
          "suites": [],
          "passes": [],
          "failures": [
            "ce29aa87-f16f-420f-8951-deee70ce2d89"
          ],
          "pending": [],
          "skipped": [],
          "duration": 49684,
          "root": false,
          "rootEmpty": false,
          "_timeout": 2000
        }
      ],
      "passes": [],
      "failures": [],
      "pending": [],
      "skipped": [],
      "duration": 0,
      "root": true,
      "rootEmpty": true,
      "_timeout": 2000
    },
    {
      "uuid": "21cf3235-50a5-4ff9-bab2-a2546fbd0526",
      "title": "",
      "fullFile": "cypress\\e2e\\Access\\editAccessRole.spec.cy.js",
      "file": "cypress\\e2e\\Access\\editAccessRole.spec.cy.js",
      "beforeHooks": [],
      "afterHooks": [],
      "tests": [],
      "suites": [
        {
          "uuid": "5c4b95c8-8c1a-43b1-b5fb-1235bcc4db6f",
          "title": "Perform edit actions for access role",
          "fullFile": "",
          "file": "",
          "beforeHooks": [],
          "afterHooks": [],
          "tests": [
            {
              "title": "should delete an access role",
              "fullTitle": "Perform edit actions for access role should delete an access role",
              "timedOut": null,
              "duration": 50632,
              "state": "failed",
              "speed": null,
              "pass": false,
              "fail": true,
              "pending": false,
              "context": null,
              "code": "cy.AdminLogin();\ncy.get(_hrSelectors.HRSelectors.accordionIcon).eq(0).click();\ncy.contains(_hrSelectors.HRSelectors.settingsTab, {\n  matchCase: false\n}).click();\ncy.get(\"div.v-list-item-title\").eq(3).click();\ncy.get(\"svg[data-v-2c033c97]\").last().click();\ncy.get(\".v-list-item\").eq(7).click();\ncy.get('input[placeholder=\"Role Title\"]').clear().type(_faker.faker.person.jobArea() + \" \" + 'Role');\ncy.get(\"button[data-v-50b16f5d]\").click();",
              "err": {
                "message": "CypressError: Timed out retrying after 30050ms: `cy.click()` failed because this element is not visible:\n\n`<div class=\"v-list-item-title\">Settings</div>`\n\nThis element `<div.v-list-item-title>` is not visible because it has an effective width and height of: `0 x 32` pixels.\n\nFix this problem, or use `{force: true}` to disable error checking.\n\nhttps://on.cypress.io/element-cannot-be-interacted-with",
                "estack": "CypressError: Timed out retrying after 30050ms: `cy.click()` failed because this element is not visible:\n\n`<div class=\"v-list-item-title\">Settings</div>`\n\nThis element `<div.v-list-item-title>` is not visible because it has an effective width and height of: `0 x 32` pixels.\n\nFix this problem, or use `{force: true}` to disable error checking.\n\nhttps://on.cypress.io/element-cannot-be-interacted-with\n    at runVisibilityCheck (https://icon.amalitech-dev.net/__cypress/runner/cypress_runner.js:161390:66)\n    at Object.isStrictlyVisible (https://icon.amalitech-dev.net/__cypress/runner/cypress_runner.js:161404:10)\n    at runAllChecks (https://icon.amalitech-dev.net/__cypress/runner/cypress_runner.js:139986:26)\n    at retryActionability (https://icon.amalitech-dev.net/__cypress/runner/cypress_runner.js:140054:16)\n    at tryCatcher (https://icon.amalitech-dev.net/__cypress/runner/cypress_runner.js:18744:23)\n    at Promise.attempt.Promise.try (https://icon.amalitech-dev.net/__cypress/runner/cypress_runner.js:16018:29)\n    at whenStable (https://icon.amalitech-dev.net/__cypress/runner/cypress_runner.js:156168:65)\n    at <unknown> (https://icon.amalitech-dev.net/__cypress/runner/cypress_runner.js:155609:14)\n    at tryCatcher (https://icon.amalitech-dev.net/__cypress/runner/cypress_runner.js:18744:23)\n    at Promise._settlePromiseFromHandler (https://icon.amalitech-dev.net/__cypress/runner/cypress_runner.js:16679:31)\n    at Promise._settlePromise (https://icon.amalitech-dev.net/__cypress/runner/cypress_runner.js:16736:18)\n    at Promise._settlePromise0 (https://icon.amalitech-dev.net/__cypress/runner/cypress_runner.js:16781:10)\n    at Promise._settlePromises (https://icon.amalitech-dev.net/__cypress/runner/cypress_runner.js:16861:18)\n    at Promise._fulfill (https://icon.amalitech-dev.net/__cypress/runner/cypress_runner.js:16805:18)\n    at <unknown> (https://icon.amalitech-dev.net/__cypress/runner/cypress_runner.js:18419:46)\nFrom Your Spec Code:\n    at Context.eval (webpack:///./cypress/e2e/Access/editAccessRole.spec.cy.js:8:63)",
                "diff": null
              },
              "uuid": "ec5df5d4-5e0a-433f-827e-6cb3f236dc91",
              "parentUUID": "5c4b95c8-8c1a-43b1-b5fb-1235bcc4db6f",
              "isHook": false,
              "skipped": false
            }
          ],
          "suites": [],
          "passes": [],
          "failures": [
            "ec5df5d4-5e0a-433f-827e-6cb3f236dc91"
          ],
          "pending": [],
          "skipped": [],
          "duration": 50632,
          "root": false,
          "rootEmpty": false,
          "_timeout": 2000
        }
      ],
      "passes": [],
      "failures": [],
      "pending": [],
      "skipped": [],
      "duration": 0,
      "root": true,
      "rootEmpty": true,
      "_timeout": 2000
    },
    {
      "uuid": "f776ef2c-9ea5-4f13-ac41-01a1102abd0a",
      "title": "",
      "fullFile": "cypress\\e2e\\HR\\createEmployees.spec.cy.js",
      "file": "cypress\\e2e\\HR\\createEmployees.spec.cy.js",
      "beforeHooks": [],
      "afterHooks": [],
      "tests": [],
      "suites": [
        {
          "uuid": "ccd77a07-1020-4e83-8958-f469e5168f34",
          "title": "Add employee to the to the system",
          "fullFile": "",
          "file": "",
          "beforeHooks": [],
          "afterHooks": [],
          "tests": [
            {
              "title": "creates or add employee to the platform",
              "fullTitle": "Add employee to the to the system creates or add employee to the platform",
              "timedOut": null,
              "duration": 58413,
              "state": "failed",
              "speed": null,
              "pass": false,
              "fail": true,
              "pending": false,
              "context": null,
              "code": "// Personal information section\ncy.AdminLogin();\ncy.wait(3000);\ncy.reload();\ncy.get(_hrSelectors.HRSelectors.accordionIcon).eq(0).click();\ncy.get(\".v-list-item-title\").eq(2).click();\ncy.get(\".v-list-item-title\").eq(3).click();\ncy.url().should(\"contain\", \"/employees\");\ncy.get(\"[data-v-50b16f5d]\").eq(0).click();\ncy.get('[name=\"1\"]').type(_faker.faker.person.middleName());\ncy.get('[name=\"2\"]').type(_faker.faker.person.firstName());\ncy.get('[name=\"3\"]').type(_faker.faker.person.lastName());\ncy.get('[name=\"4\"]').type(_faker.faker.person.middleName());\ncy.get('[name=\"5\"]').type(birthday.toString());\ncy.get('[placeholder=\"Select gender\"]').select(gender);\ncy.get('[placeholder=\"Select country\"]').select(country);\ncy.get('[placeholder=\"Select citizenship\"]').select(citizen);\ncy.get('[name=\"6\"]').type(_faker.faker.internet.email());\ncy.get('[placeholder=\"Select civil status\"]').select(maritalstatus);\ncy.get('[type=\"checkbox\"]').check();\ncy.get(\"span[data-v-50b16f5d]\").click();\ncy.contains(\"Personal information created successfully\", {\n  matchCase: false\n}).should(\"exist\");\n// Contact information section\ncy.get('[placeholder=\"0343 1234 23\"]').eq(0).type(_faker.faker.phone.number());\ncy.get('[placeholder=\"0343 1234 23\"]').eq(1).type(_faker.faker.phone.number());\ncy.get('[name=\"6\"]').eq(1).type(_faker.faker.internet.email());\ncy.get('#7').type(_faker.faker.location.streetAddress());\ncy.get('#8').type(_faker.faker.location.zipCode());\ncy.get('#9').type(_faker.faker.location.city());\ncy.get(\"select[data-v-4d86c427]\").select(country);\ncy.get(\"span[data-v-50b16f5d]\").eq(1).click();\n// Employment information section\ncy.get(\"[placeholder='Select employment type']\").select(typeofEmployment);\ncy.get(\"[placeholder='Select probation period']\").select(probationTime);\ncy.get(\"[placeholder='Add access level']\").select(employeeAccess);\ncy.contains('Add Position', {\n  matchCase: false\n}).click();\ncy.get(\"select[data-v-4d86c427]\").eq(1).select(userPosition);\ncy.get(\"select[data-v-4d86c427]\").eq(2).select(company);\ncy.get(\"select[data-v-4d86c427]\").eq(3).select(team);\ncy.get('#input-field').type(hoursWorked);\ncy.get('#start-date').type(startDate.toString());\ncy.get('#end-date').type(endDate.toString());\ncy.get(\"span[data-v-50b16f5d]\").eq(3).click();\ncy.contains(\"Position added successfully\", {\n  matchCase: false\n}).should('exist');\ncy.get(\"span[data-v-50b16f5d]\").eq(2).click();\n// Qualification section\n//  education\ncy.get(\"span[data-v-50b16f5d]\").eq(0).click();\ncy.get('input[id=\"input-field\"]').eq(0).invoke('removeAttr', 'disabled').type(university);\ncy.get('input[id=\"input-field\"]').eq(1).type(course);\ncy.get(\"button[data-v-50b16f5d]\").eq(4).click();\n// language\ncy.get(\"span[data-v-50b16f5d]\").eq(1).click();\ncy.get(\"select[data-v-4d86c427]\").select(language);\ncy.get(\"select[data-v-3a2a3aa8]\").eq(0).select(proficiencyLevel);\ncy.get(\"select[data-v-3a2a3aa8]\").eq(1).select(proficiencyLevel);\ncy.get(\"select[data-v-3a2a3aa8]\").eq(2).select(proficiencyLevel);\ncy.get(\"button[data-v-50b16f5d]\").eq(4).click();\ncy.contains(\"User language added successfully\", {\n  matchCase: false\n}).should(\"exist\");\n//  experience\ncy.get(\"button[data-v-50b16f5d]\").eq(2).click();\ncy.get('input[placeholder=\"ICON\"]').type(_faker.faker.company.name());\ncy.get('input[placeholder=\"Cologne\"]').type(_faker.faker.location.city());\ncy.get('input[placeholder=\"Solution Architect\"]').type(_faker.faker.person.jobTitle());\ncy.get(\"input[data-v-0b993928]\").eq(0).type(startDate.toString());\ncy.get('#end-date').type(endDate.toString());\ncy.get(\"button[data-v-50b16f5d]\").eq(4).click();\ncy.contains(\"User professional experience added successfully\", {\n  matchCase: false\n}).should(\"exist\");",
              "err": {
                "message": "CypressError: Timed out retrying after 30050ms: `cy.click()` failed because this element is not visible:\n\n`<div class=\"v-list-item-title\">Human R...</div>`\n\nThis element `<div.v-list-item-title>` is not visible because it has an effective width and height of: `0 x 32` pixels.\n\nFix this problem, or use `{force: true}` to disable error checking.\n\nhttps://on.cypress.io/element-cannot-be-interacted-with",
                "estack": "CypressError: Timed out retrying after 30050ms: `cy.click()` failed because this element is not visible:\n\n`<div class=\"v-list-item-title\">Human R...</div>`\n\nThis element `<div.v-list-item-title>` is not visible because it has an effective width and height of: `0 x 32` pixels.\n\nFix this problem, or use `{force: true}` to disable error checking.\n\nhttps://on.cypress.io/element-cannot-be-interacted-with\n    at runVisibilityCheck (https://icon.amalitech-dev.net/__cypress/runner/cypress_runner.js:161390:66)\n    at Object.isStrictlyVisible (https://icon.amalitech-dev.net/__cypress/runner/cypress_runner.js:161404:10)\n    at runAllChecks (https://icon.amalitech-dev.net/__cypress/runner/cypress_runner.js:139986:26)\n    at retryActionability (https://icon.amalitech-dev.net/__cypress/runner/cypress_runner.js:140054:16)\n    at tryCatcher (https://icon.amalitech-dev.net/__cypress/runner/cypress_runner.js:18744:23)\n    at Promise.attempt.Promise.try (https://icon.amalitech-dev.net/__cypress/runner/cypress_runner.js:16018:29)\n    at whenStable (https://icon.amalitech-dev.net/__cypress/runner/cypress_runner.js:156168:65)\n    at <unknown> (https://icon.amalitech-dev.net/__cypress/runner/cypress_runner.js:155609:14)\n    at tryCatcher (https://icon.amalitech-dev.net/__cypress/runner/cypress_runner.js:18744:23)\n    at Promise._settlePromiseFromHandler (https://icon.amalitech-dev.net/__cypress/runner/cypress_runner.js:16679:31)\n    at Promise._settlePromise (https://icon.amalitech-dev.net/__cypress/runner/cypress_runner.js:16736:18)\n    at Promise._settlePromise0 (https://icon.amalitech-dev.net/__cypress/runner/cypress_runner.js:16781:10)\n    at Promise._settlePromises (https://icon.amalitech-dev.net/__cypress/runner/cypress_runner.js:16861:18)\n    at Promise._fulfill (https://icon.amalitech-dev.net/__cypress/runner/cypress_runner.js:16805:18)\n    at <unknown> (https://icon.amalitech-dev.net/__cypress/runner/cypress_runner.js:18419:46)\nFrom Your Spec Code:\n    at Context.eval (webpack:///./cypress/e2e/HR/createEmployees.spec.cy.js:40:39)",
                "diff": null
              },
              "uuid": "6f0448fd-f7ae-458c-8a47-dfb66a6d1908",
              "parentUUID": "ccd77a07-1020-4e83-8958-f469e5168f34",
              "isHook": false,
              "skipped": false
            }
          ],
          "suites": [],
          "passes": [],
          "failures": [
            "6f0448fd-f7ae-458c-8a47-dfb66a6d1908"
          ],
          "pending": [],
          "skipped": [],
          "duration": 58413,
          "root": false,
          "rootEmpty": false,
          "_timeout": 2000
        }
      ],
      "passes": [],
      "failures": [],
      "pending": [],
      "skipped": [],
      "duration": 0,
      "root": true,
      "rootEmpty": true,
      "_timeout": 2000
    },
    {
      "uuid": "6ec8d8a3-3ff1-4c5a-81ec-a8783c9cce9e",
      "title": "",
      "fullFile": "cypress\\e2e\\HR\\others.spec.cy.js",
      "file": "cypress\\e2e\\HR\\others.spec.cy.js",
      "beforeHooks": [],
      "afterHooks": [],
      "tests": [],
      "suites": [
        {
          "uuid": "c89f9437-b048-46af-8de7-976dce098891",
          "title": "Other functionalities on employees module",
          "fullFile": "",
          "file": "",
          "beforeHooks": [],
          "afterHooks": [],
          "tests": [
            {
              "title": "deletes an existing employeee",
              "fullTitle": "Other functionalities on employees module deletes an existing employeee",
              "timedOut": null,
              "duration": 54667,
              "state": "failed",
              "speed": null,
              "pass": false,
              "fail": true,
              "pending": false,
              "context": null,
              "code": "cy.AdminLogin();\ncy.wait(3000);\ncy.reload();\ncy.get(_hrSelectors.HRSelectors.accordionIcon).eq(0).click();\ncy.get(\".v-list-item-title\").eq(2).click();\ncy.get(\".v-list-item-title\").eq(3).click();\ncy.url().should(\"contain\", \"/employees\");\ncy.get(\".v-icon--clickable\").eq(3).click();\ncy.contains(\"Delete User\", {\n  matchCase: false\n}).click();\ncy.get(\"button[data-v-2b3c31b6]\").click();",
              "err": {
                "message": "CypressError: Timed out retrying after 30050ms: `cy.click()` failed because this element is not visible:\n\n`<div class=\"v-list-item-title\">Human R...</div>`\n\nThis element `<div.v-list-item-title>` is not visible because it has an effective width and height of: `0 x 32` pixels.\n\nFix this problem, or use `{force: true}` to disable error checking.\n\nhttps://on.cypress.io/element-cannot-be-interacted-with",
                "estack": "CypressError: Timed out retrying after 30050ms: `cy.click()` failed because this element is not visible:\n\n`<div class=\"v-list-item-title\">Human R...</div>`\n\nThis element `<div.v-list-item-title>` is not visible because it has an effective width and height of: `0 x 32` pixels.\n\nFix this problem, or use `{force: true}` to disable error checking.\n\nhttps://on.cypress.io/element-cannot-be-interacted-with\n    at runVisibilityCheck (https://icon.amalitech-dev.net/__cypress/runner/cypress_runner.js:161390:66)\n    at Object.isStrictlyVisible (https://icon.amalitech-dev.net/__cypress/runner/cypress_runner.js:161404:10)\n    at runAllChecks (https://icon.amalitech-dev.net/__cypress/runner/cypress_runner.js:139986:26)\n    at retryActionability (https://icon.amalitech-dev.net/__cypress/runner/cypress_runner.js:140054:16)\n    at tryCatcher (https://icon.amalitech-dev.net/__cypress/runner/cypress_runner.js:18744:23)\n    at Promise.attempt.Promise.try (https://icon.amalitech-dev.net/__cypress/runner/cypress_runner.js:16018:29)\n    at whenStable (https://icon.amalitech-dev.net/__cypress/runner/cypress_runner.js:156168:65)\n    at <unknown> (https://icon.amalitech-dev.net/__cypress/runner/cypress_runner.js:155609:14)\n    at tryCatcher (https://icon.amalitech-dev.net/__cypress/runner/cypress_runner.js:18744:23)\n    at Promise._settlePromiseFromHandler (https://icon.amalitech-dev.net/__cypress/runner/cypress_runner.js:16679:31)\n    at Promise._settlePromise (https://icon.amalitech-dev.net/__cypress/runner/cypress_runner.js:16736:18)\n    at Promise._settlePromise0 (https://icon.amalitech-dev.net/__cypress/runner/cypress_runner.js:16781:10)\n    at Promise._settlePromises (https://icon.amalitech-dev.net/__cypress/runner/cypress_runner.js:16861:18)\n    at Promise._fulfill (https://icon.amalitech-dev.net/__cypress/runner/cypress_runner.js:16805:18)\n    at <unknown> (https://icon.amalitech-dev.net/__cypress/runner/cypress_runner.js:18419:46)\nFrom Your Spec Code:\n    at Context.eval (webpack:///./cypress/e2e/HR/others.spec.cy.js:21:39)",
                "diff": null
              },
              "uuid": "2d99520a-5ffc-43dd-ba8a-657463e5b08d",
              "parentUUID": "c89f9437-b048-46af-8de7-976dce098891",
              "isHook": false,
              "skipped": false
            },
            {
              "title": "deactivates an existing employeee's account",
              "fullTitle": "Other functionalities on employees module deactivates an existing employeee's account",
              "timedOut": null,
              "duration": 39700,
              "state": "failed",
              "speed": null,
              "pass": false,
              "fail": true,
              "pending": false,
              "context": null,
              "code": "cy.AdminLogin();\ncy.wait(3000);\ncy.reload();\ncy.get(_hrSelectors.HRSelectors.accordionIcon).eq(0).click();\ncy.get(\".v-list-item-title\").eq(2).click();\ncy.get(\".v-list-item-title\").eq(3).click();\ncy.url().should(\"contain\", \"/employees\");\ncy.get(\".v-icon--clickable\").eq(6).click();\ncy.contains(\"Deactivate Account\", {\n  matchCase: false\n}).click();\ncy.get(\"button[data-v-2b3c31b6]\").click();\ncy.contains(\"User status updated successfully\", {\n  matchCase: false\n}).should(\"exist\");",
              "err": {
                "message": "CypressError: Timed out retrying after 30050ms: `cy.click()` failed because this element is not visible:\n\n`<div class=\"v-list-item-title\">Human R...</div>`\n\nThis element `<div.v-list-item-title>` is not visible because it has an effective width and height of: `0 x 32` pixels.\n\nFix this problem, or use `{force: true}` to disable error checking.\n\nhttps://on.cypress.io/element-cannot-be-interacted-with",
                "estack": "CypressError: Timed out retrying after 30050ms: `cy.click()` failed because this element is not visible:\n\n`<div class=\"v-list-item-title\">Human R...</div>`\n\nThis element `<div.v-list-item-title>` is not visible because it has an effective width and height of: `0 x 32` pixels.\n\nFix this problem, or use `{force: true}` to disable error checking.\n\nhttps://on.cypress.io/element-cannot-be-interacted-with\n    at runVisibilityCheck (https://icon.amalitech-dev.net/__cypress/runner/cypress_runner.js:161390:66)\n    at Object.isStrictlyVisible (https://icon.amalitech-dev.net/__cypress/runner/cypress_runner.js:161404:10)\n    at runAllChecks (https://icon.amalitech-dev.net/__cypress/runner/cypress_runner.js:139986:26)\n    at retryActionability (https://icon.amalitech-dev.net/__cypress/runner/cypress_runner.js:140054:16)\n    at tryCatcher (https://icon.amalitech-dev.net/__cypress/runner/cypress_runner.js:18744:23)\n    at Promise.attempt.Promise.try (https://icon.amalitech-dev.net/__cypress/runner/cypress_runner.js:16018:29)\n    at whenStable (https://icon.amalitech-dev.net/__cypress/runner/cypress_runner.js:156168:65)\n    at <unknown> (https://icon.amalitech-dev.net/__cypress/runner/cypress_runner.js:155609:14)\n    at tryCatcher (https://icon.amalitech-dev.net/__cypress/runner/cypress_runner.js:18744:23)\n    at Promise._settlePromiseFromHandler (https://icon.amalitech-dev.net/__cypress/runner/cypress_runner.js:16679:31)\n    at Promise._settlePromise (https://icon.amalitech-dev.net/__cypress/runner/cypress_runner.js:16736:18)\n    at Promise._settlePromise0 (https://icon.amalitech-dev.net/__cypress/runner/cypress_runner.js:16781:10)\n    at Promise._settlePromises (https://icon.amalitech-dev.net/__cypress/runner/cypress_runner.js:16861:18)\n    at Promise._fulfill (https://icon.amalitech-dev.net/__cypress/runner/cypress_runner.js:16805:18)\n    at <unknown> (https://icon.amalitech-dev.net/__cypress/runner/cypress_runner.js:18419:46)\nFrom Your Spec Code:\n    at Context.eval (webpack:///./cypress/e2e/HR/others.spec.cy.js:34:39)",
                "diff": null
              },
              "uuid": "e71fb0cf-1c5a-4755-86a8-3b448b2a25f5",
              "parentUUID": "c89f9437-b048-46af-8de7-976dce098891",
              "isHook": false,
              "skipped": false
            },
            {
              "title": "activates a deactivated employeee's account",
              "fullTitle": "Other functionalities on employees module activates a deactivated employeee's account",
              "timedOut": null,
              "duration": 38935,
              "state": "failed",
              "speed": null,
              "pass": false,
              "fail": true,
              "pending": false,
              "context": null,
              "code": "cy.AdminLogin();\ncy.wait(3000);\ncy.reload();\ncy.get(_hrSelectors.HRSelectors.accordionIcon).eq(0).click();\ncy.get(\".v-list-item-title\").eq(2).click();\ncy.get(\".v-list-item-title\").eq(3).click();\ncy.url().should(\"contain\", \"/employees\");\ncy.get(\".v-icon--clickable\").eq(6).click();\ncy.contains(\"Activate\", {\n  matchCase: false\n}).click();\ncy.get(\"button[data-v-2b3c31b6]\").click();\ncy.contains(\"User status updated successfully\", {\n  matchCase: false\n}).should(\"exist\");",
              "err": {
                "message": "CypressError: Timed out retrying after 30050ms: `cy.click()` failed because this element is not visible:\n\n`<div class=\"v-list-item-title\">Human R...</div>`\n\nThis element `<div.v-list-item-title>` is not visible because it has an effective width and height of: `0 x 32` pixels.\n\nFix this problem, or use `{force: true}` to disable error checking.\n\nhttps://on.cypress.io/element-cannot-be-interacted-with",
                "estack": "CypressError: Timed out retrying after 30050ms: `cy.click()` failed because this element is not visible:\n\n`<div class=\"v-list-item-title\">Human R...</div>`\n\nThis element `<div.v-list-item-title>` is not visible because it has an effective width and height of: `0 x 32` pixels.\n\nFix this problem, or use `{force: true}` to disable error checking.\n\nhttps://on.cypress.io/element-cannot-be-interacted-with\n    at runVisibilityCheck (https://icon.amalitech-dev.net/__cypress/runner/cypress_runner.js:161390:66)\n    at Object.isStrictlyVisible (https://icon.amalitech-dev.net/__cypress/runner/cypress_runner.js:161404:10)\n    at runAllChecks (https://icon.amalitech-dev.net/__cypress/runner/cypress_runner.js:139986:26)\n    at retryActionability (https://icon.amalitech-dev.net/__cypress/runner/cypress_runner.js:140054:16)\n    at tryCatcher (https://icon.amalitech-dev.net/__cypress/runner/cypress_runner.js:18744:23)\n    at Promise.attempt.Promise.try (https://icon.amalitech-dev.net/__cypress/runner/cypress_runner.js:16018:29)\n    at whenStable (https://icon.amalitech-dev.net/__cypress/runner/cypress_runner.js:156168:65)\n    at <unknown> (https://icon.amalitech-dev.net/__cypress/runner/cypress_runner.js:155609:14)\n    at tryCatcher (https://icon.amalitech-dev.net/__cypress/runner/cypress_runner.js:18744:23)\n    at Promise._settlePromiseFromHandler (https://icon.amalitech-dev.net/__cypress/runner/cypress_runner.js:16679:31)\n    at Promise._settlePromise (https://icon.amalitech-dev.net/__cypress/runner/cypress_runner.js:16736:18)\n    at Promise._settlePromise0 (https://icon.amalitech-dev.net/__cypress/runner/cypress_runner.js:16781:10)\n    at Promise._settlePromises (https://icon.amalitech-dev.net/__cypress/runner/cypress_runner.js:16861:18)\n    at Promise._fulfill (https://icon.amalitech-dev.net/__cypress/runner/cypress_runner.js:16805:18)\n    at <unknown> (https://icon.amalitech-dev.net/__cypress/runner/cypress_runner.js:18419:46)\nFrom Your Spec Code:\n    at Context.eval (webpack:///./cypress/e2e/HR/others.spec.cy.js:49:39)",
                "diff": null
              },
              "uuid": "de737f25-65db-4810-884c-a457998aaa9e",
              "parentUUID": "c89f9437-b048-46af-8de7-976dce098891",
              "isHook": false,
              "skipped": false
            },
            {
              "title": "reset employee password by admin",
              "fullTitle": "Other functionalities on employees module reset employee password by admin",
              "timedOut": null,
              "duration": 45584,
              "state": "failed",
              "speed": null,
              "pass": false,
              "fail": true,
              "pending": false,
              "context": null,
              "code": "cy.AdminLogin();\ncy.wait(3000);\ncy.reload();\ncy.get(_hrSelectors.HRSelectors.accordionIcon).eq(0).click();\ncy.get(\".v-list-item-title\").eq(2).click();\ncy.get(\".v-list-item-title\").eq(3).click();\ncy.url().should(\"contain\", \"/employees\");\ncy.get(\".v-icon--clickable\").eq(7).click();\ncy.contains(\"Reset password\", {\n  matchCase: false\n}).click();\ncy.get('input[placeholder=\"Set a new password\"]').type(_authdata.default.newPassword);\ncy.get('input[placeholder=\"Confirm password\"]').type(_authdata.default.confirmPassword);\ncy.get(\"button[data-v-50b16f5d]\").eq(1).click();\ncy.contains(\"Reset Password successfully\", {\n  matchCase: false\n}).should(\"exist\");",
              "err": {
                "message": "CypressError: Timed out retrying after 30050ms: `cy.click()` failed because this element is not visible:\n\n`<div class=\"v-list-item-title\">Human R...</div>`\n\nThis element `<div.v-list-item-title>` is not visible because it has an effective width and height of: `0 x 32` pixels.\n\nFix this problem, or use `{force: true}` to disable error checking.\n\nhttps://on.cypress.io/element-cannot-be-interacted-with",
                "estack": "CypressError: Timed out retrying after 30050ms: `cy.click()` failed because this element is not visible:\n\n`<div class=\"v-list-item-title\">Human R...</div>`\n\nThis element `<div.v-list-item-title>` is not visible because it has an effective width and height of: `0 x 32` pixels.\n\nFix this problem, or use `{force: true}` to disable error checking.\n\nhttps://on.cypress.io/element-cannot-be-interacted-with\n    at runVisibilityCheck (https://icon.amalitech-dev.net/__cypress/runner/cypress_runner.js:161390:66)\n    at Object.isStrictlyVisible (https://icon.amalitech-dev.net/__cypress/runner/cypress_runner.js:161404:10)\n    at runAllChecks (https://icon.amalitech-dev.net/__cypress/runner/cypress_runner.js:139986:26)\n    at retryActionability (https://icon.amalitech-dev.net/__cypress/runner/cypress_runner.js:140054:16)\n    at tryCatcher (https://icon.amalitech-dev.net/__cypress/runner/cypress_runner.js:18744:23)\n    at Promise.attempt.Promise.try (https://icon.amalitech-dev.net/__cypress/runner/cypress_runner.js:16018:29)\n    at whenStable (https://icon.amalitech-dev.net/__cypress/runner/cypress_runner.js:156168:65)\n    at <unknown> (https://icon.amalitech-dev.net/__cypress/runner/cypress_runner.js:155609:14)\n    at tryCatcher (https://icon.amalitech-dev.net/__cypress/runner/cypress_runner.js:18744:23)\n    at Promise._settlePromiseFromHandler (https://icon.amalitech-dev.net/__cypress/runner/cypress_runner.js:16679:31)\n    at Promise._settlePromise (https://icon.amalitech-dev.net/__cypress/runner/cypress_runner.js:16736:18)\n    at Promise._settlePromise0 (https://icon.amalitech-dev.net/__cypress/runner/cypress_runner.js:16781:10)\n    at Promise._settlePromises (https://icon.amalitech-dev.net/__cypress/runner/cypress_runner.js:16861:18)\n    at Promise._fulfill (https://icon.amalitech-dev.net/__cypress/runner/cypress_runner.js:16805:18)\n    at <unknown> (https://icon.amalitech-dev.net/__cypress/runner/cypress_runner.js:18419:46)\nFrom Your Spec Code:\n    at Context.eval (webpack:///./cypress/e2e/HR/others.spec.cy.js:65:39)",
                "diff": null
              },
              "uuid": "fc61a0fe-6942-4e58-b0bb-c272f109b14c",
              "parentUUID": "c89f9437-b048-46af-8de7-976dce098891",
              "isHook": false,
              "skipped": false
            },
            {
              "title": "search for employees in the system",
              "fullTitle": "Other functionalities on employees module search for employees in the system",
              "timedOut": null,
              "duration": 46015,
              "state": "failed",
              "speed": null,
              "pass": false,
              "fail": true,
              "pending": false,
              "context": null,
              "code": "cy.AdminLogin();\ncy.wait(3000);\ncy.reload();\ncy.get(_hrSelectors.HRSelectors.accordionIcon).eq(0).click();\ncy.get(\".v-list-item-title\").eq(2).click();\ncy.get(\".v-list-item-title\").eq(3).click();\ncy.url().should(\"contain\", \"/employees\");\ncy.get('input[placeholder=\"Search\"]').type(_authdata.default.defaultname);",
              "err": {
                "message": "CypressError: Timed out retrying after 30050ms: `cy.click()` failed because this element is not visible:\n\n`<div class=\"v-list-item-title\">Human R...</div>`\n\nThis element `<div.v-list-item-title>` is not visible because it has an effective width and height of: `0 x 32` pixels.\n\nFix this problem, or use `{force: true}` to disable error checking.\n\nhttps://on.cypress.io/element-cannot-be-interacted-with",
                "estack": "CypressError: Timed out retrying after 30050ms: `cy.click()` failed because this element is not visible:\n\n`<div class=\"v-list-item-title\">Human R...</div>`\n\nThis element `<div.v-list-item-title>` is not visible because it has an effective width and height of: `0 x 32` pixels.\n\nFix this problem, or use `{force: true}` to disable error checking.\n\nhttps://on.cypress.io/element-cannot-be-interacted-with\n    at runVisibilityCheck (https://icon.amalitech-dev.net/__cypress/runner/cypress_runner.js:161390:66)\n    at Object.isStrictlyVisible (https://icon.amalitech-dev.net/__cypress/runner/cypress_runner.js:161404:10)\n    at runAllChecks (https://icon.amalitech-dev.net/__cypress/runner/cypress_runner.js:139986:26)\n    at retryActionability (https://icon.amalitech-dev.net/__cypress/runner/cypress_runner.js:140054:16)\n    at tryCatcher (https://icon.amalitech-dev.net/__cypress/runner/cypress_runner.js:18744:23)\n    at Promise.attempt.Promise.try (https://icon.amalitech-dev.net/__cypress/runner/cypress_runner.js:16018:29)\n    at whenStable (https://icon.amalitech-dev.net/__cypress/runner/cypress_runner.js:156168:65)\n    at <unknown> (https://icon.amalitech-dev.net/__cypress/runner/cypress_runner.js:155609:14)\n    at tryCatcher (https://icon.amalitech-dev.net/__cypress/runner/cypress_runner.js:18744:23)\n    at Promise._settlePromiseFromHandler (https://icon.amalitech-dev.net/__cypress/runner/cypress_runner.js:16679:31)\n    at Promise._settlePromise (https://icon.amalitech-dev.net/__cypress/runner/cypress_runner.js:16736:18)\n    at Promise._settlePromise0 (https://icon.amalitech-dev.net/__cypress/runner/cypress_runner.js:16781:10)\n    at Promise._settlePromises (https://icon.amalitech-dev.net/__cypress/runner/cypress_runner.js:16861:18)\n    at Promise._fulfill (https://icon.amalitech-dev.net/__cypress/runner/cypress_runner.js:16805:18)\n    at <unknown> (https://icon.amalitech-dev.net/__cypress/runner/cypress_runner.js:18419:46)\nFrom Your Spec Code:\n    at Context.eval (webpack:///./cypress/e2e/HR/others.spec.cy.js:87:39)",
                "diff": null
              },
              "uuid": "b001af6c-3b9f-4e55-96a2-7117c703b6ca",
              "parentUUID": "c89f9437-b048-46af-8de7-976dce098891",
              "isHook": false,
              "skipped": false
            },
            {
              "title": "search by filters",
              "fullTitle": "Other functionalities on employees module search by filters",
              "timedOut": null,
              "duration": 44753,
              "state": "failed",
              "speed": null,
              "pass": false,
              "fail": true,
              "pending": false,
              "context": null,
              "code": "cy.AdminLogin();\ncy.wait(3000);\ncy.reload();\ncy.get(_hrSelectors.HRSelectors.accordionIcon).eq(0).click();\ncy.get(\".v-list-item-title\").eq(2).click();\ncy.get(\".v-list-item-title\").eq(3).click();\ncy.url().should(\"contain\", \"/employees\");\ncy.get(\"select[data-v-4d86c427]\").eq(0).select(userPosition);\ncy.get(\"select[data-v-4d86c427]\").eq(1).select(company);\ncy.get(\"select[data-v-4d86c427]\").eq(2).select(typeofEmployment);\ncy.get(\"select[data-v-4d86c427]\").eq(3).select(team);",
              "err": {
                "message": "CypressError: Timed out retrying after 30050ms: `cy.click()` failed because this element is not visible:\n\n`<div class=\"v-list-item-title\">Human R...</div>`\n\nThis element `<div.v-list-item-title>` is not visible because it has an effective width and height of: `0 x 32` pixels.\n\nFix this problem, or use `{force: true}` to disable error checking.\n\nhttps://on.cypress.io/element-cannot-be-interacted-with",
                "estack": "CypressError: Timed out retrying after 30050ms: `cy.click()` failed because this element is not visible:\n\n`<div class=\"v-list-item-title\">Human R...</div>`\n\nThis element `<div.v-list-item-title>` is not visible because it has an effective width and height of: `0 x 32` pixels.\n\nFix this problem, or use `{force: true}` to disable error checking.\n\nhttps://on.cypress.io/element-cannot-be-interacted-with\n    at runVisibilityCheck (https://icon.amalitech-dev.net/__cypress/runner/cypress_runner.js:161390:66)\n    at Object.isStrictlyVisible (https://icon.amalitech-dev.net/__cypress/runner/cypress_runner.js:161404:10)\n    at runAllChecks (https://icon.amalitech-dev.net/__cypress/runner/cypress_runner.js:139986:26)\n    at retryActionability (https://icon.amalitech-dev.net/__cypress/runner/cypress_runner.js:140054:16)\n    at tryCatcher (https://icon.amalitech-dev.net/__cypress/runner/cypress_runner.js:18744:23)\n    at Promise.attempt.Promise.try (https://icon.amalitech-dev.net/__cypress/runner/cypress_runner.js:16018:29)\n    at whenStable (https://icon.amalitech-dev.net/__cypress/runner/cypress_runner.js:156168:65)\n    at <unknown> (https://icon.amalitech-dev.net/__cypress/runner/cypress_runner.js:155609:14)\n    at tryCatcher (https://icon.amalitech-dev.net/__cypress/runner/cypress_runner.js:18744:23)\n    at Promise._settlePromiseFromHandler (https://icon.amalitech-dev.net/__cypress/runner/cypress_runner.js:16679:31)\n    at Promise._settlePromise (https://icon.amalitech-dev.net/__cypress/runner/cypress_runner.js:16736:18)\n    at Promise._settlePromise0 (https://icon.amalitech-dev.net/__cypress/runner/cypress_runner.js:16781:10)\n    at Promise._settlePromises (https://icon.amalitech-dev.net/__cypress/runner/cypress_runner.js:16861:18)\n    at Promise._fulfill (https://icon.amalitech-dev.net/__cypress/runner/cypress_runner.js:16805:18)\n    at <unknown> (https://icon.amalitech-dev.net/__cypress/runner/cypress_runner.js:18419:46)\nFrom Your Spec Code:\n    at Context.eval (webpack:///./cypress/e2e/HR/others.spec.cy.js:98:39)",
                "diff": null
              },
              "uuid": "9a6a3600-bf51-4ee2-ba43-9055d5ca0bff",
              "parentUUID": "c89f9437-b048-46af-8de7-976dce098891",
              "isHook": false,
              "skipped": false
            }
          ],
          "suites": [],
          "passes": [],
          "failures": [
            "2d99520a-5ffc-43dd-ba8a-657463e5b08d",
            "e71fb0cf-1c5a-4755-86a8-3b448b2a25f5",
            "de737f25-65db-4810-884c-a457998aaa9e",
            "fc61a0fe-6942-4e58-b0bb-c272f109b14c",
            "b001af6c-3b9f-4e55-96a2-7117c703b6ca",
            "9a6a3600-bf51-4ee2-ba43-9055d5ca0bff"
          ],
          "pending": [],
          "skipped": [],
          "duration": 269654,
          "root": false,
          "rootEmpty": false,
          "_timeout": 2000
        }
      ],
      "passes": [],
      "failures": [],
      "pending": [],
      "skipped": [],
      "duration": 0,
      "root": true,
      "rootEmpty": true,
      "_timeout": 2000
    },
    {
      "uuid": "2cb42fea-90af-45ae-859e-6b97cc01aec7",
      "title": "",
      "fullFile": "cypress\\e2e\\HR\\updateEmployees.spec.cy.js",
      "file": "cypress\\e2e\\HR\\updateEmployees.spec.cy.js",
      "beforeHooks": [],
      "afterHooks": [],
      "tests": [],
      "suites": [
        {
          "uuid": "f8c25c32-874a-4028-9967-13948c7ca547",
          "title": "Perform update actions on employees",
          "fullFile": "",
          "file": "",
          "beforeHooks": [],
          "afterHooks": [],
          "tests": [
            {
              "title": "edits employee information",
              "fullTitle": "Perform update actions on employees edits employee information",
              "timedOut": null,
              "duration": 53753,
              "state": "failed",
              "speed": null,
              "pass": false,
              "fail": true,
              "pending": false,
              "context": null,
              "code": "// login and individual employee page\ncy.AdminLogin();\ncy.wait(3000);\ncy.reload();\ncy.get(_hrSelectors.HRSelectors.accordionIcon).eq(0).click();\ncy.get(\".v-list-item-title\").eq(2).click();\ncy.get(\".v-list-item-title\").eq(3).click();\ncy.url().should(\"contain\", \"/employees\");\ncy.get(\"tbody[data-v-5f9f8757]>:nth-child(3)\").click();\n//  Personal Info section\ncy.contains(\"Edit Profile\", {\n  matchCase: false\n}).click({\n  force: true\n});\ncy.get('[name=\"5\"]').type(birthday.toString());\ncy.get('[placeholder=\"Select gender\"]').select(gender);\ncy.get('[placeholder=\"Select country\"]').select(country);\ncy.get('[placeholder=\"Select citizenship\"]').select(citizen);\ncy.get('[placeholder=\"Select civil status\"]').select(maritalstatus);\ncy.get(\"button[data-v-50b16f5d]\").click();\ncy.contains(\"Employee information updated successfully\", {\n  matchCase: false\n}).should(\"exist\");\n// contact section\ncy.get(\"button.tab-button\").eq(1).click();\ncy.get(\"input#5\").clear().type(_faker.faker.phone.number());\ncy.get(\"input#6\").clear().type(_faker.faker.internet.email());\ncy.get(\"input#8\").clear().type(_faker.faker.location.zipCode());\ncy.get(\"button[data-v-50b16f5d]\").click();\n// employment section\ncy.get(\"button.tab-button\").eq(2).click();\ncy.get(\"[placeholder='Select employment type']\").select(typeofEmployment);\ncy.get(\"[placeholder='Select probation period']\").select(probationTime);\ncy.get(\"[placeholder='Add access level']\").select(employeeAccess);\ncy.get(\"span[data-v-50b16f5d]\").eq(0).click();\ncy.get(\"button[data-v-50b16f5d]\").eq(2).click();\n// Qualification section\n//  education\ncy.get(\"span[data-v-50b16f5d]\").eq(0).click();\ncy.get('input[id=\"input-field\"]').eq(0).invoke(\"removeAttr\", \"disabled\").type(university);\ncy.get('input[id=\"input-field\"]').eq(1).type(course);\ncy.get(\"button[data-v-50b16f5d]\").eq(4).click();\n// language\ncy.get(\"span[data-v-50b16f5d]\").eq(1).click();\ncy.get(\"select[data-v-4d86c427]\").select(language);\ncy.get(\"select[data-v-3a2a3aa8]\").eq(0).select(proficiencyLevel);\ncy.get(\"select[data-v-3a2a3aa8]\").eq(1).select(proficiencyLevel);\ncy.get(\"select[data-v-3a2a3aa8]\").eq(2).select(proficiencyLevel);\ncy.get(\"button[data-v-50b16f5d]\").eq(4).click();\ncy.contains(\"User language added successfully\", {\n  matchCase: false\n}).should(\"exist\");\n//  experience\ncy.get(\"button[data-v-50b16f5d]\").eq(2).click();\ncy.get('input[placeholder=\"ICON\"]').type(_faker.faker.company.name());\ncy.get('input[placeholder=\"Cologne\"]').type(_faker.faker.location.city());\ncy.get('input[placeholder=\"Solution Architect\"]').type(_faker.faker.person.jobTitle());\ncy.get(\"input[data-v-0b993928]\").eq(0).type(startDate.toString());\ncy.get(\"#end-date\").type(endDate.toString());\ncy.get(\"button[data-v-50b16f5d]\").eq(4).click();\ncy.contains(\"User professional experience added successfully\", {\n  matchCase: false\n}).should(\"exist\");",
              "err": {
                "message": "CypressError: Timed out retrying after 30050ms: `cy.click()` failed because this element is not visible:\n\n`<div class=\"v-list-item-title\">Human R...</div>`\n\nThis element `<div.v-list-item-title>` is not visible because it has an effective width and height of: `0 x 32` pixels.\n\nFix this problem, or use `{force: true}` to disable error checking.\n\nhttps://on.cypress.io/element-cannot-be-interacted-with",
                "estack": "CypressError: Timed out retrying after 30050ms: `cy.click()` failed because this element is not visible:\n\n`<div class=\"v-list-item-title\">Human R...</div>`\n\nThis element `<div.v-list-item-title>` is not visible because it has an effective width and height of: `0 x 32` pixels.\n\nFix this problem, or use `{force: true}` to disable error checking.\n\nhttps://on.cypress.io/element-cannot-be-interacted-with\n    at runVisibilityCheck (https://icon.amalitech-dev.net/__cypress/runner/cypress_runner.js:161390:66)\n    at Object.isStrictlyVisible (https://icon.amalitech-dev.net/__cypress/runner/cypress_runner.js:161404:10)\n    at runAllChecks (https://icon.amalitech-dev.net/__cypress/runner/cypress_runner.js:139986:26)\n    at retryActionability (https://icon.amalitech-dev.net/__cypress/runner/cypress_runner.js:140054:16)\n    at tryCatcher (https://icon.amalitech-dev.net/__cypress/runner/cypress_runner.js:18744:23)\n    at Promise.attempt.Promise.try (https://icon.amalitech-dev.net/__cypress/runner/cypress_runner.js:16018:29)\n    at whenStable (https://icon.amalitech-dev.net/__cypress/runner/cypress_runner.js:156168:65)\n    at <unknown> (https://icon.amalitech-dev.net/__cypress/runner/cypress_runner.js:155609:14)\n    at tryCatcher (https://icon.amalitech-dev.net/__cypress/runner/cypress_runner.js:18744:23)\n    at Promise._settlePromiseFromHandler (https://icon.amalitech-dev.net/__cypress/runner/cypress_runner.js:16679:31)\n    at Promise._settlePromise (https://icon.amalitech-dev.net/__cypress/runner/cypress_runner.js:16736:18)\n    at Promise._settlePromise0 (https://icon.amalitech-dev.net/__cypress/runner/cypress_runner.js:16781:10)\n    at Promise._settlePromises (https://icon.amalitech-dev.net/__cypress/runner/cypress_runner.js:16861:18)\n    at Promise._fulfill (https://icon.amalitech-dev.net/__cypress/runner/cypress_runner.js:16805:18)\n    at <unknown> (https://icon.amalitech-dev.net/__cypress/runner/cypress_runner.js:18419:46)\nFrom Your Spec Code:\n    at Context.eval (webpack:///./cypress/e2e/HR/updateEmployees.spec.cy.js:46:39)",
                "diff": null
              },
              "uuid": "1fadb28b-379c-4f38-b8b5-7458a2b97446",
              "parentUUID": "f8c25c32-874a-4028-9967-13948c7ca547",
              "isHook": false,
              "skipped": false
            }
          ],
          "suites": [],
          "passes": [],
          "failures": [
            "1fadb28b-379c-4f38-b8b5-7458a2b97446"
          ],
          "pending": [],
          "skipped": [],
          "duration": 53753,
          "root": false,
          "rootEmpty": false,
          "_timeout": 2000
        }
      ],
      "passes": [],
      "failures": [],
      "pending": [],
      "skipped": [],
      "duration": 0,
      "root": true,
      "rootEmpty": true,
      "_timeout": 2000
    },
    {
      "uuid": "6abfb9b6-1f98-466f-91a2-74e37cfa8fb0",
      "title": "",
      "fullFile": "cypress\\e2e\\Auth\\auth.spec.cy.js",
      "file": "cypress\\e2e\\Auth\\auth.spec.cy.js",
      "beforeHooks": [],
      "afterHooks": [],
      "tests": [],
      "suites": [
        {
          "uuid": "e51ef122-43c2-45ee-8047-8ff5f9ec489c",
          "title": "login page tests",
          "fullFile": "",
          "file": "",
          "beforeHooks": [],
          "afterHooks": [],
          "tests": [
            {
              "title": "it should successfully visit the login page",
              "fullTitle": "login page tests it should successfully visit the login page",
              "timedOut": null,
              "duration": 17993,
              "state": "passed",
              "speed": "slow",
              "pass": true,
              "fail": false,
              "pending": false,
              "context": null,
              "code": "cy.visit('/');\ncy.contains(_authSelectors.authSelectors.loginHeading).should(\"exist\");\ncy.get(_authSelectors.authSelectors.welcomeText).should(\"exist\");",
              "err": {},
              "uuid": "cecc0488-5b35-463f-91f4-def7943428d9",
              "parentUUID": "e51ef122-43c2-45ee-8047-8ff5f9ec489c",
              "isHook": false,
              "skipped": false
            },
            {
              "title": "it should successfully sign in a registered user with valid email and password",
              "fullTitle": "login page tests it should successfully sign in a registered user with valid email and password",
              "timedOut": null,
              "duration": 32971,
              "state": "failed",
              "speed": null,
              "pass": false,
              "fail": true,
              "pending": false,
              "context": null,
              "code": "cy.visit('/');\ncy.get(_authSelectors.authSelectors.emailId).type(_authdata.default.email);\ncy.get(_authSelectors.authSelectors.passwordId).type(_authdata.default.password);\ncy.get(_authSelectors.authSelectors.signInbutton).click();\ncy.get(_authSelectors.authSelectors.welcomeUser).should('exist');\ncy.contains(_authSelectors.authSelectors.welcomeMsg1, {\n  matchCase: false\n}).should(\"exist\");\ncy.contains(_authSelectors.authSelectors.welcomeMsg2, {\n  matchCase: false\n}).should(\"exist\");",
              "err": {
                "message": "AssertionError: Timed out retrying after 30000ms: Expected to find element: `label.v-label:nth(1)`, but never found it.",
                "estack": "AssertionError: Timed out retrying after 30000ms: Expected to find element: `label.v-label:nth(1)`, but never found it.\n    at Context.eval (webpack:///./cypress/e2e/Auth/auth.spec.cy.js:16:38)",
                "diff": null
              },
              "uuid": "c1dac1c7-5bf4-4ccb-8a22-a97f767ccd0c",
              "parentUUID": "e51ef122-43c2-45ee-8047-8ff5f9ec489c",
              "isHook": false,
              "skipped": false
            },
            {
              "title": "it should successfully sign in a registered user with valid username and password",
              "fullTitle": "login page tests it should successfully sign in a registered user with valid username and password",
              "timedOut": null,
              "duration": 32528,
              "state": "failed",
              "speed": null,
              "pass": false,
              "fail": true,
              "pending": false,
              "context": null,
              "code": "cy.visit('/');\ncy.get(_authSelectors.authSelectors.emailId).type(_authdata.default.username);\ncy.get(_authSelectors.authSelectors.passwordId).type(_authdata.default.password);\ncy.get(_authSelectors.authSelectors.signInbutton).click();\ncy.get(_authSelectors.authSelectors.welcomeUser).should('exist');\ncy.contains(_authSelectors.authSelectors.welcomeMsg1, {\n  matchCase: false\n}).should(\"exist\");\ncy.contains(_authSelectors.authSelectors.welcomeMsg2, {\n  matchCase: false\n}).should(\"exist\");",
              "err": {
                "message": "AssertionError: Timed out retrying after 30000ms: Expected to find element: `label.v-label:nth(1)`, but never found it.",
                "estack": "AssertionError: Timed out retrying after 30000ms: Expected to find element: `label.v-label:nth(1)`, but never found it.\n    at Context.eval (webpack:///./cypress/e2e/Auth/auth.spec.cy.js:27:38)",
                "diff": null
              },
              "uuid": "ac9e53f8-896f-4340-8efa-f40e655d75a0",
              "parentUUID": "e51ef122-43c2-45ee-8047-8ff5f9ec489c",
              "isHook": false,
              "skipped": false
            },
            {
              "title": "should prompt for required field for the username or email input field",
              "fullTitle": "login page tests should prompt for required field for the username or email input field",
              "timedOut": null,
              "duration": 2347,
              "state": "passed",
              "speed": "fast",
              "pass": true,
              "fail": false,
              "pending": false,
              "context": null,
              "code": "cy.visit('/');\ncy.get(_authSelectors.authSelectors.passwordId).type(_authdata.default.password);\ncy.get(_authSelectors.authSelectors.signInbutton).click();\ncy.get(_authSelectors.authSelectors.requiredEmailError).next().should(\"have.text\", \"This field is required\", {\n  matchCase: false\n}).and(\"have.css\", \"color\", \"rgb(239, 68, 68)\");",
              "err": {},
              "uuid": "4d7f280e-7bdd-40a9-a6af-e7975aac81e6",
              "parentUUID": "e51ef122-43c2-45ee-8047-8ff5f9ec489c",
              "isHook": false,
              "skipped": false
            },
            {
              "title": "should prompt for required field for the password input field",
              "fullTitle": "login page tests should prompt for required field for the password input field",
              "timedOut": null,
              "duration": 1616,
              "state": "passed",
              "speed": "fast",
              "pass": true,
              "fail": false,
              "pending": false,
              "context": null,
              "code": "cy.visit('/');\ncy.get(_authSelectors.authSelectors.emailId).type(_authdata.default.email);\ncy.get(_authSelectors.authSelectors.signInbutton).click();\ncy.get(_authSelectors.authSelectors.requiredPasswordError).should(\"have.text\", \"This field is required\", {\n  matchCase: false\n}).and(\"have.css\", \"color\", \"rgb(239, 68, 68)\");",
              "err": {},
              "uuid": "273afa10-e476-42c9-85ef-872dc36410dd",
              "parentUUID": "e51ef122-43c2-45ee-8047-8ff5f9ec489c",
              "isHook": false,
              "skipped": false
            },
            {
              "title": "should prompt for Invalid credentials error when an unregistered email is used with a valid password",
              "fullTitle": "login page tests should prompt for Invalid credentials error when an unregistered email is used with a valid password",
              "timedOut": null,
              "duration": 4900,
              "state": "passed",
              "speed": "fast",
              "pass": true,
              "fail": false,
              "pending": false,
              "context": null,
              "code": "cy.visit('/');\ncy.get(_authSelectors.authSelectors.emailId).type(_authdata.default.invalidEmail);\ncy.get(_authSelectors.authSelectors.passwordId).type(_authdata.default.password);\ncy.get(_authSelectors.authSelectors.signInbutton).click();\ncy.contains(_authSelectors.authSelectors.credentialError, {\n  matchCase: false\n}).should(\"exist\").and(\"have.css\", \"color\", \"rgb(239, 68, 68)\");",
              "err": {},
              "uuid": "dc99a129-5e1e-48a9-b9fd-c04ad5c8dfa2",
              "parentUUID": "e51ef122-43c2-45ee-8047-8ff5f9ec489c",
              "isHook": false,
              "skipped": false
            },
            {
              "title": "should prompt for Invalid credentials error when a registered email is used with an invalid password",
              "fullTitle": "login page tests should prompt for Invalid credentials error when a registered email is used with an invalid password",
              "timedOut": null,
              "duration": 2986,
              "state": "passed",
              "speed": "fast",
              "pass": true,
              "fail": false,
              "pending": false,
              "context": null,
              "code": "cy.visit('/');\ncy.get(_authSelectors.authSelectors.emailId).type(_authdata.default.email);\ncy.get(_authSelectors.authSelectors.passwordId).type(_authdata.default.invalidPassword);\ncy.get(_authSelectors.authSelectors.signInbutton).click();\ncy.contains(_authSelectors.authSelectors.credentialError, {\n  matchCase: false\n}).should(\"exist\").and(\"have.css\", \"color\", \"rgb(239, 68, 68)\");",
              "err": {},
              "uuid": "66201893-b840-4f4c-814c-b56c40b89ada",
              "parentUUID": "e51ef122-43c2-45ee-8047-8ff5f9ec489c",
              "isHook": false,
              "skipped": false
            }
          ],
          "suites": [],
          "passes": [
            "cecc0488-5b35-463f-91f4-def7943428d9",
            "4d7f280e-7bdd-40a9-a6af-e7975aac81e6",
            "273afa10-e476-42c9-85ef-872dc36410dd",
            "dc99a129-5e1e-48a9-b9fd-c04ad5c8dfa2",
            "66201893-b840-4f4c-814c-b56c40b89ada"
          ],
          "failures": [
            "c1dac1c7-5bf4-4ccb-8a22-a97f767ccd0c",
            "ac9e53f8-896f-4340-8efa-f40e655d75a0"
          ],
          "pending": [],
          "skipped": [],
          "duration": 95341,
          "root": false,
          "rootEmpty": false,
          "_timeout": 2000
        }
      ],
      "passes": [],
      "failures": [],
      "pending": [],
      "skipped": [],
      "duration": 0,
      "root": true,
      "rootEmpty": true,
      "_timeout": 2000
    },
    {
      "uuid": "34a22374-e519-4242-a7d6-026c556f37bf",
      "title": "",
      "fullFile": "cypress\\e2e\\HR-Config\\taskareas.spec.cy.js",
      "file": "cypress\\e2e\\HR-Config\\taskareas.spec.cy.js",
      "beforeHooks": [],
      "afterHooks": [],
      "tests": [],
      "suites": [
        {
          "uuid": "670ce359-6349-4e8f-ada6-2423882f425c",
          "title": "HR configuration Task Areas tests",
          "fullFile": "",
          "file": "",
          "beforeHooks": [],
          "afterHooks": [],
          "tests": [
            {
              "title": "adds a task area to the HR Configuration page by the admin",
              "fullTitle": "HR configuration Task Areas tests adds a task area to the HR Configuration page by the admin",
              "timedOut": null,
              "duration": 57267,
              "state": "failed",
              "speed": null,
              "pass": false,
              "fail": true,
              "pending": false,
              "context": null,
              "code": "cy.AdminLogin();\ncy.get(_hrSelectors.HRSelectors.accordionIcon).eq(0).click();\ncy.contains(_hrSelectors.HRSelectors.settingsTab, {\n  matchCase: false\n}).click();\ncy.contains(_hrSelectors.HRSelectors.hrconfigTab, {\n  matchCase: false\n}).click();\ncy.get(_hrSelectors.HRSelectors.addButton).eq(0).click();\ncy.contains(\"Add Task Area\", {\n  matchCase: false\n}).should('exist');\ncy.get(_hrSelectors.HRSelectors.taskInput).type(_faker.faker.word.noun());\ncy.get(_hrSelectors.HRSelectors.addTaskButton).eq(3).click();\ncy.contains('Task Area added successfully', {\n  matchCase: false\n}).should('exist');",
              "err": {
                "message": "CypressError: Timed out retrying after 30050ms: `cy.click()` failed because this element is not visible:\n\n`<div class=\"v-list-item-title\">Settings</div>`\n\nThis element `<div.v-list-item-title>` is not visible because it has an effective width and height of: `0 x 32` pixels.\n\nFix this problem, or use `{force: true}` to disable error checking.\n\nhttps://on.cypress.io/element-cannot-be-interacted-with",
                "estack": "CypressError: Timed out retrying after 30050ms: `cy.click()` failed because this element is not visible:\n\n`<div class=\"v-list-item-title\">Settings</div>`\n\nThis element `<div.v-list-item-title>` is not visible because it has an effective width and height of: `0 x 32` pixels.\n\nFix this problem, or use `{force: true}` to disable error checking.\n\nhttps://on.cypress.io/element-cannot-be-interacted-with\n    at runVisibilityCheck (https://icon.amalitech-dev.net/__cypress/runner/cypress_runner.js:161390:66)\n    at Object.isStrictlyVisible (https://icon.amalitech-dev.net/__cypress/runner/cypress_runner.js:161404:10)\n    at runAllChecks (https://icon.amalitech-dev.net/__cypress/runner/cypress_runner.js:139986:26)\n    at retryActionability (https://icon.amalitech-dev.net/__cypress/runner/cypress_runner.js:140054:16)\n    at tryCatcher (https://icon.amalitech-dev.net/__cypress/runner/cypress_runner.js:18744:23)\n    at Promise.attempt.Promise.try (https://icon.amalitech-dev.net/__cypress/runner/cypress_runner.js:16018:29)\n    at whenStable (https://icon.amalitech-dev.net/__cypress/runner/cypress_runner.js:156168:65)\n    at <unknown> (https://icon.amalitech-dev.net/__cypress/runner/cypress_runner.js:155609:14)\n    at tryCatcher (https://icon.amalitech-dev.net/__cypress/runner/cypress_runner.js:18744:23)\n    at Promise._settlePromiseFromHandler (https://icon.amalitech-dev.net/__cypress/runner/cypress_runner.js:16679:31)\n    at Promise._settlePromise (https://icon.amalitech-dev.net/__cypress/runner/cypress_runner.js:16736:18)\n    at Promise._settlePromise0 (https://icon.amalitech-dev.net/__cypress/runner/cypress_runner.js:16781:10)\n    at Promise._settlePromises (https://icon.amalitech-dev.net/__cypress/runner/cypress_runner.js:16861:18)\n    at Promise._fulfill (https://icon.amalitech-dev.net/__cypress/runner/cypress_runner.js:16805:18)\n    at <unknown> (https://icon.amalitech-dev.net/__cypress/runner/cypress_runner.js:18419:46)\nFrom Your Spec Code:\n    at Context.eval (webpack:///./cypress/e2e/HR-Config/taskareas.spec.cy.js:8:60)",
                "diff": null
              },
              "uuid": "169f53b0-9272-46ed-955d-2386adc2534f",
              "parentUUID": "670ce359-6349-4e8f-ada6-2423882f425c",
              "isHook": false,
              "skipped": false
            },
            {
              "title": "edits a task area",
              "fullTitle": "HR configuration Task Areas tests edits a task area",
              "timedOut": null,
              "duration": 40869,
              "state": "failed",
              "speed": null,
              "pass": false,
              "fail": true,
              "pending": false,
              "context": null,
              "code": "cy.AdminLogin();\ncy.get(_hrSelectors.HRSelectors.accordionIcon).eq(0).click();\ncy.contains(_hrSelectors.HRSelectors.settingsTab, {\n  matchCase: false\n}).click();\ncy.contains(_hrSelectors.HRSelectors.hrconfigTab, {\n  matchCase: false\n}).click();\ncy.get(_hrSelectors.HRSelectors.editIcon).first().click();\ncy.contains('Edit', {\n  matchCase: false\n}).click();\ncy.get(_hrSelectors.HRSelectors.taskInput).clear().type(_faker.faker.word.noun());\ncy.contains('button', 'Update', {\n  matchCase: false\n}).click();\ncy.contains('Task Area updated successfully', {\n  matchCase: false\n}).should('exist');",
              "err": {
                "message": "CypressError: Timed out retrying after 30050ms: `cy.click()` failed because this element is not visible:\n\n`<div class=\"v-list-item-title\">Settings</div>`\n\nThis element `<div.v-list-item-title>` is not visible because it has an effective width and height of: `0 x 32` pixels.\n\nFix this problem, or use `{force: true}` to disable error checking.\n\nhttps://on.cypress.io/element-cannot-be-interacted-with",
                "estack": "CypressError: Timed out retrying after 30050ms: `cy.click()` failed because this element is not visible:\n\n`<div class=\"v-list-item-title\">Settings</div>`\n\nThis element `<div.v-list-item-title>` is not visible because it has an effective width and height of: `0 x 32` pixels.\n\nFix this problem, or use `{force: true}` to disable error checking.\n\nhttps://on.cypress.io/element-cannot-be-interacted-with\n    at runVisibilityCheck (https://icon.amalitech-dev.net/__cypress/runner/cypress_runner.js:161390:66)\n    at Object.isStrictlyVisible (https://icon.amalitech-dev.net/__cypress/runner/cypress_runner.js:161404:10)\n    at runAllChecks (https://icon.amalitech-dev.net/__cypress/runner/cypress_runner.js:139986:26)\n    at retryActionability (https://icon.amalitech-dev.net/__cypress/runner/cypress_runner.js:140054:16)\n    at tryCatcher (https://icon.amalitech-dev.net/__cypress/runner/cypress_runner.js:18744:23)\n    at Promise.attempt.Promise.try (https://icon.amalitech-dev.net/__cypress/runner/cypress_runner.js:16018:29)\n    at whenStable (https://icon.amalitech-dev.net/__cypress/runner/cypress_runner.js:156168:65)\n    at <unknown> (https://icon.amalitech-dev.net/__cypress/runner/cypress_runner.js:155609:14)\n    at tryCatcher (https://icon.amalitech-dev.net/__cypress/runner/cypress_runner.js:18744:23)\n    at Promise._settlePromiseFromHandler (https://icon.amalitech-dev.net/__cypress/runner/cypress_runner.js:16679:31)\n    at Promise._settlePromise (https://icon.amalitech-dev.net/__cypress/runner/cypress_runner.js:16736:18)\n    at Promise._settlePromise0 (https://icon.amalitech-dev.net/__cypress/runner/cypress_runner.js:16781:10)\n    at Promise._settlePromises (https://icon.amalitech-dev.net/__cypress/runner/cypress_runner.js:16861:18)\n    at Promise._fulfill (https://icon.amalitech-dev.net/__cypress/runner/cypress_runner.js:16805:18)\n    at <unknown> (https://icon.amalitech-dev.net/__cypress/runner/cypress_runner.js:18419:46)\nFrom Your Spec Code:\n    at Context.eval (webpack:///./cypress/e2e/HR-Config/taskareas.spec.cy.js:20:60)",
                "diff": null
              },
              "uuid": "a76db7f8-7641-4d1d-bb53-31c15630eeab",
              "parentUUID": "670ce359-6349-4e8f-ada6-2423882f425c",
              "isHook": false,
              "skipped": false
            },
            {
              "title": "delete a task area",
              "fullTitle": "HR configuration Task Areas tests delete a task area",
              "timedOut": null,
              "duration": 39254,
              "state": "failed",
              "speed": null,
              "pass": false,
              "fail": true,
              "pending": false,
              "context": null,
              "code": "cy.AdminLogin();\ncy.get(_hrSelectors.HRSelectors.accordionIcon).eq(0).click();\ncy.contains(_hrSelectors.HRSelectors.settingsTab, {\n  matchCase: false\n}).click();\ncy.contains(_hrSelectors.HRSelectors.hrconfigTab, {\n  matchCase: false\n}).click();\ncy.get(_hrSelectors.HRSelectors.editIcon).first().click();\ncy.contains(\"Delete\", {\n  matchCase: false\n}).click();\ncy.contains(\"button\", \"Replace and delete\", {\n  matchCase: false\n}).click();\ncy.contains('Task Area deleted successfully', {\n  matchCase: false\n}).should('exist');",
              "err": {
                "message": "CypressError: Timed out retrying after 30050ms: `cy.click()` failed because this element is not visible:\n\n`<div class=\"v-list-item-title\">Settings</div>`\n\nThis element `<div.v-list-item-title>` is not visible because it has an effective width and height of: `0 x 32` pixels.\n\nFix this problem, or use `{force: true}` to disable error checking.\n\nhttps://on.cypress.io/element-cannot-be-interacted-with",
                "estack": "CypressError: Timed out retrying after 30050ms: `cy.click()` failed because this element is not visible:\n\n`<div class=\"v-list-item-title\">Settings</div>`\n\nThis element `<div.v-list-item-title>` is not visible because it has an effective width and height of: `0 x 32` pixels.\n\nFix this problem, or use `{force: true}` to disable error checking.\n\nhttps://on.cypress.io/element-cannot-be-interacted-with\n    at runVisibilityCheck (https://icon.amalitech-dev.net/__cypress/runner/cypress_runner.js:161390:66)\n    at Object.isStrictlyVisible (https://icon.amalitech-dev.net/__cypress/runner/cypress_runner.js:161404:10)\n    at runAllChecks (https://icon.amalitech-dev.net/__cypress/runner/cypress_runner.js:139986:26)\n    at retryActionability (https://icon.amalitech-dev.net/__cypress/runner/cypress_runner.js:140054:16)\n    at tryCatcher (https://icon.amalitech-dev.net/__cypress/runner/cypress_runner.js:18744:23)\n    at Promise.attempt.Promise.try (https://icon.amalitech-dev.net/__cypress/runner/cypress_runner.js:16018:29)\n    at whenStable (https://icon.amalitech-dev.net/__cypress/runner/cypress_runner.js:156168:65)\n    at <unknown> (https://icon.amalitech-dev.net/__cypress/runner/cypress_runner.js:155609:14)\n    at tryCatcher (https://icon.amalitech-dev.net/__cypress/runner/cypress_runner.js:18744:23)\n    at Promise._settlePromiseFromHandler (https://icon.amalitech-dev.net/__cypress/runner/cypress_runner.js:16679:31)\n    at Promise._settlePromise (https://icon.amalitech-dev.net/__cypress/runner/cypress_runner.js:16736:18)\n    at Promise._settlePromise0 (https://icon.amalitech-dev.net/__cypress/runner/cypress_runner.js:16781:10)\n    at Promise._settlePromises (https://icon.amalitech-dev.net/__cypress/runner/cypress_runner.js:16861:18)\n    at Promise._fulfill (https://icon.amalitech-dev.net/__cypress/runner/cypress_runner.js:16805:18)\n    at <unknown> (https://icon.amalitech-dev.net/__cypress/runner/cypress_runner.js:18419:46)\nFrom Your Spec Code:\n    at Context.eval (webpack:///./cypress/e2e/HR-Config/taskareas.spec.cy.js:32:62)",
                "diff": null
              },
              "uuid": "bd1b9147-196b-4354-b862-fbf7e7cf05c0",
              "parentUUID": "670ce359-6349-4e8f-ada6-2423882f425c",
              "isHook": false,
              "skipped": false
            }
          ],
          "suites": [],
          "passes": [],
          "failures": [
            "169f53b0-9272-46ed-955d-2386adc2534f",
            "a76db7f8-7641-4d1d-bb53-31c15630eeab",
            "bd1b9147-196b-4354-b862-fbf7e7cf05c0"
          ],
          "pending": [],
          "skipped": [],
          "duration": 137390,
          "root": false,
          "rootEmpty": false,
          "_timeout": 2000
        }
      ],
      "passes": [],
      "failures": [],
      "pending": [],
      "skipped": [],
      "duration": 0,
      "root": true,
      "rootEmpty": true,
      "_timeout": 2000
    },
    {
      "uuid": "004fd85b-4645-4127-84f2-769bb96a4998",
      "title": "",
      "fullFile": "cypress\\e2e\\Access\\addAccess.spec.cy.js",
      "file": "cypress\\e2e\\Access\\addAccess.spec.cy.js",
      "beforeHooks": [],
      "afterHooks": [],
      "tests": [],
      "suites": [
        {
          "uuid": "130936db-1572-454f-8985-766ed921347d",
          "title": "Create a new access role",
          "fullFile": "",
          "file": "",
          "beforeHooks": [],
          "afterHooks": [],
          "tests": [
            {
              "title": "add a new access role to the system by admin",
              "fullTitle": "Create a new access role add a new access role to the system by admin",
              "timedOut": null,
              "duration": 43254,
              "state": "failed",
              "speed": null,
              "pass": false,
              "fail": true,
              "pending": false,
              "context": null,
              "code": "cy.AdminLogin();\ncy.get(_hrSelectors.HRSelectors.accordionIcon).eq(0).click();\ncy.contains(_hrSelectors.HRSelectors.settingsTab, {\n  matchCase: false\n}).click();\ncy.get(\"div.v-list-item-title\").eq(3).click();\ncy.get(\"button[data-v-50b16f5d]\").click();\ncy.get('input[placeholder=\"Role Title\"]').type(_faker.faker.person.jobArea());\n// Employee module roles\ncy.get(\".access_level>:nth-child(1)>:nth-child(3)\").eq(0).click();\ncy.get(\".access_level>:nth-child(1)>:nth-child(2)\").eq(1).click();\ncy.get(\".access_level>:nth-child(1)>:nth-child(2)\").eq(2).click();\ncy.get(\".access_level>:nth-child(1)>:nth-child(2)\").eq(3).click();\ncy.get(\".access_level>:nth-child(1)>:nth-child(2)\").eq(4).click();\ncy.get(\".access_level>:nth-child(1)>:nth-child(2)\").eq(5).click();\n// // Leave module roles\ncy.get(\".access_level>:nth-child(1)>:nth-child(3)\").eq(6).click();\ncy.get(\".access_level>:nth-child(1)>:nth-child(2)\").eq(7).click();\ncy.get(\".access_level>:nth-child(1)>:nth-child(2)\").eq(8).click();\ncy.get(\".access_level>:nth-child(1)>:nth-child(2)\").eq(9).click();\n// Experts & Partners module\n// Experts\ncy.get(\".access_level>:nth-child(1)>:nth-child(3)\").eq(10).click();\ncy.get(\".access_level>:nth-child(1)>:nth-child(3)\").eq(11).click();\ncy.get(\".access_level>:nth-child(1)>:nth-child(2)\").eq(12).click();\ncy.get(\".access_level>:nth-child(1)>:nth-child(2)\").eq(13).click();\ncy.get(\".access_level>:nth-child(1)>:nth-child(2)\").eq(14).click();\ncy.get(\".access_level>:nth-child(1)>:nth-child(2)\").eq(15).click();\n// Partners\ncy.get(\".access_level>:nth-child(1)>:nth-child(3)\").eq(16).click();\ncy.get(\".access_level>:nth-child(1)>:nth-child(2)\").eq(17).click();\ncy.get(\".access_level>:nth-child(1)>:nth-child(2)\").eq(18).click();\ncy.get(\".access_level>:nth-child(1)>:nth-child(2)\").eq(19).click();\ncy.get(\".access_level>:nth-child(1)>:nth-child(2)\").eq(20).click();\ncy.get(\".access_level>:nth-child(1)>:nth-child(2)\").eq(21).click();\n// Projects\ncy.get(\".access_level>:nth-child(1)>:nth-child(3)\").eq(22).click();\ncy.get(\".access_level>:nth-child(1)>:nth-child(2)\").eq(23).click();\ncy.get(\".access_level>:nth-child(1)>:nth-child(2)\").eq(24).click();\ncy.get(\".access_level>:nth-child(1)>:nth-child(2)\").eq(25).click();\ncy.get(\"button[data-v-50b16f5d]\").click();",
              "err": {
                "message": "CypressError: Timed out retrying after 30050ms: `cy.click()` failed because this element is not visible:\n\n`<div class=\"v-list-item-title\">Settings</div>`\n\nThis element `<div.v-list-item-title>` is not visible because it has an effective width and height of: `0 x 32` pixels.\n\nFix this problem, or use `{force: true}` to disable error checking.\n\nhttps://on.cypress.io/element-cannot-be-interacted-with",
                "estack": "CypressError: Timed out retrying after 30050ms: `cy.click()` failed because this element is not visible:\n\n`<div class=\"v-list-item-title\">Settings</div>`\n\nThis element `<div.v-list-item-title>` is not visible because it has an effective width and height of: `0 x 32` pixels.\n\nFix this problem, or use `{force: true}` to disable error checking.\n\nhttps://on.cypress.io/element-cannot-be-interacted-with\n    at runVisibilityCheck (https://icon.amalitech-dev.net/__cypress/runner/cypress_runner.js:161390:66)\n    at Object.isStrictlyVisible (https://icon.amalitech-dev.net/__cypress/runner/cypress_runner.js:161404:10)\n    at runAllChecks (https://icon.amalitech-dev.net/__cypress/runner/cypress_runner.js:139986:26)\n    at retryActionability (https://icon.amalitech-dev.net/__cypress/runner/cypress_runner.js:140054:16)\n    at tryCatcher (https://icon.amalitech-dev.net/__cypress/runner/cypress_runner.js:18744:23)\n    at Promise.attempt.Promise.try (https://icon.amalitech-dev.net/__cypress/runner/cypress_runner.js:16018:29)\n    at whenStable (https://icon.amalitech-dev.net/__cypress/runner/cypress_runner.js:156168:65)\n    at <unknown> (https://icon.amalitech-dev.net/__cypress/runner/cypress_runner.js:155609:14)\n    at tryCatcher (https://icon.amalitech-dev.net/__cypress/runner/cypress_runner.js:18744:23)\n    at Promise._settlePromiseFromHandler (https://icon.amalitech-dev.net/__cypress/runner/cypress_runner.js:16679:31)\n    at Promise._settlePromise (https://icon.amalitech-dev.net/__cypress/runner/cypress_runner.js:16736:18)\n    at Promise._settlePromise0 (https://icon.amalitech-dev.net/__cypress/runner/cypress_runner.js:16781:10)\n    at Promise._settlePromises (https://icon.amalitech-dev.net/__cypress/runner/cypress_runner.js:16861:18)\n    at Promise._fulfill (https://icon.amalitech-dev.net/__cypress/runner/cypress_runner.js:16805:18)\n    at <unknown> (https://icon.amalitech-dev.net/__cypress/runner/cypress_runner.js:18419:46)\nFrom Your Spec Code:\n    at Context.eval (webpack:///./cypress/e2e/Access/addAccess.spec.cy.js:8:63)",
                "diff": null
              },
              "uuid": "49486926-5a32-4584-ae9c-9b3e2a1f2437",
              "parentUUID": "130936db-1572-454f-8985-766ed921347d",
              "isHook": false,
              "skipped": false
            }
          ],
          "suites": [],
          "passes": [],
          "failures": [
            "49486926-5a32-4584-ae9c-9b3e2a1f2437"
          ],
          "pending": [],
          "skipped": [],
          "duration": 43254,
          "root": false,
          "rootEmpty": false,
          "_timeout": 2000
        }
      ],
      "passes": [],
      "failures": [],
      "pending": [],
      "skipped": [],
      "duration": 0,
      "root": true,
      "rootEmpty": true,
      "_timeout": 2000
    }
  ],
  "meta": {
    "mocha": {
      "version": "7.0.1"
    },
    "mochawesome": {
      "options": {
        "quiet": false,
        "reportFilename": "mochawesome",
        "saveHtml": false,
        "saveJson": true,
        "consoleReporter": "spec",
        "useInlineDiffs": false,
        "code": true
      },
      "version": "7.1.3"
    },
    "marge": {
      "options": {
        "reportDir": "cypress\\reports\\mochawesome\\.jsons",
        "overwrite": false,
        "html": false,
        "json": true
      },
      "version": "6.2.0"
    }
  }
}