{
  "stats": {
    "suites": 1,
    "tests": 7,
    "passes": 7,
    "pending": 0,
    "failures": 0,
    "start": "2023-05-26T11:36:57.597Z",
    "end": "2023-05-26T11:37:18.835Z",
    "duration": 21238,
    "testsRegistered": 7,
    "passPercent": 100,
    "pendingPercent": 0,
    "other": 0,
    "hasOther": false,
    "skipped": 0,
    "hasSkipped": false
  },
  "results": [
    {
      "uuid": "8b714a99-7d67-467e-8d3e-b58ab1133413",
      "title": "",
      "fullFile": "cypress\\e2e\\auth.spec.cy.js",
      "file": "cypress\\e2e\\auth.spec.cy.js",
      "beforeHooks": [],
      "afterHooks": [],
      "tests": [],
      "suites": [
        {
          "uuid": "8d6dfd0d-b94e-4095-9b87-d7da7f818cb0",
          "title": "login page tests",
          "fullFile": "",
          "file": "",
          "beforeHooks": [],
          "afterHooks": [],
          "tests": [
            {
              "title": "it should successfully visit the login page",
              "fullTitle": "login page tests it should successfully visit the login page",
              "timedOut": null,
              "duration": 4989,
              "state": "passed",
              "speed": "fast",
              "pass": true,
              "fail": false,
              "pending": false,
              "context": null,
              "code": "cy.visit('/');\ncy.contains(_authSelectors.authSelectors.loginHeading).should(\"be.visible\");\ncy.get(_authSelectors.authSelectors.welcomeText).should(\"exist\");",
              "err": {},
              "uuid": "47c909a2-3608-4f32-be70-856bd6b1d366",
              "parentUUID": "8d6dfd0d-b94e-4095-9b87-d7da7f818cb0",
              "isHook": false,
              "skipped": false
            },
            {
              "title": "it should successfully sign in a registered user with valid username and password",
              "fullTitle": "login page tests it should successfully sign in a registered user with valid username and password",
              "timedOut": null,
              "duration": 4217,
              "state": "passed",
              "speed": "fast",
              "pass": true,
              "fail": false,
              "pending": false,
              "context": null,
              "code": "cy.visit('/');\ncy.get(_authSelectors.authSelectors.emailId).type(_authdata.default.email);\ncy.get(_authSelectors.authSelectors.passwordId).type(_authdata.default.password);\ncy.get(_authSelectors.authSelectors.signInbutton).click();\ncy.get(_authSelectors.authSelectors.welcomeUser).should('be.visible');\ncy.contains(_authSelectors.authSelectors.welcomeMsg1, {\n  matchCase: false\n}).should(\"be.visible\");\ncy.contains(_authSelectors.authSelectors.welcomeMsg2, {\n  matchCase: false\n}).should(\"be.visible\");",
              "err": {},
              "uuid": "02ca43d4-ebf8-4802-8577-d2c769611d74",
              "parentUUID": "8d6dfd0d-b94e-4095-9b87-d7da7f818cb0",
              "isHook": false,
              "skipped": false
            },
            {
              "title": "it should successfully sign in a registered user with valid username and password",
              "fullTitle": "login page tests it should successfully sign in a registered user with valid username and password",
              "timedOut": null,
              "duration": 3444,
              "state": "passed",
              "speed": "fast",
              "pass": true,
              "fail": false,
              "pending": false,
              "context": null,
              "code": "cy.visit('/');\ncy.get(_authSelectors.authSelectors.emailId).type(_authdata.default.username);\ncy.get(_authSelectors.authSelectors.passwordId).type(_authdata.default.password);\ncy.get(_authSelectors.authSelectors.signInbutton).click();\ncy.get(_authSelectors.authSelectors.welcomeUser).should('be.visible');\ncy.contains(_authSelectors.authSelectors.welcomeMsg1, {\n  matchCase: false\n}).should(\"be.visible\");\ncy.contains(_authSelectors.authSelectors.welcomeMsg2, {\n  matchCase: false\n}).should(\"be.visible\");",
              "err": {},
              "uuid": "b83ff4da-b6c6-4b24-8715-aef5b4badfc0",
              "parentUUID": "8d6dfd0d-b94e-4095-9b87-d7da7f818cb0",
              "isHook": false,
              "skipped": false
            },
            {
              "title": "should prompt for required field for the username or email input field",
              "fullTitle": "login page tests should prompt for required field for the username or email input field",
              "timedOut": null,
              "duration": 1797,
              "state": "passed",
              "speed": "fast",
              "pass": true,
              "fail": false,
              "pending": false,
              "context": null,
              "code": "cy.visit('/');\ncy.get(_authSelectors.authSelectors.passwordId).type(_authdata.default.password);\ncy.get(_authSelectors.authSelectors.signInbutton).click();\ncy.get(_authSelectors.authSelectors.requiredEmailError).next().should(\"have.text\", \"This field is required\", {\n  matchCase: false\n}).and(\"have.css\", \"color\", \"rgb(239, 68, 68)\");",
              "err": {},
              "uuid": "a113d99a-3f7a-4385-8128-320e3bc7e3a5",
              "parentUUID": "8d6dfd0d-b94e-4095-9b87-d7da7f818cb0",
              "isHook": false,
              "skipped": false
            },
            {
              "title": "should prompt for required field for the password input field",
              "fullTitle": "login page tests should prompt for required field for the password input field",
              "timedOut": null,
              "duration": 1502,
              "state": "passed",
              "speed": "fast",
              "pass": true,
              "fail": false,
              "pending": false,
              "context": null,
              "code": "cy.visit('/');\ncy.get(_authSelectors.authSelectors.emailId).type(_authdata.default.email);\ncy.get(_authSelectors.authSelectors.signInbutton).click();\ncy.get(_authSelectors.authSelectors.requiredPasswordError).should(\"have.text\", \"This field is required\", {\n  matchCase: false\n}).and(\"have.css\", \"color\", \"rgb(239, 68, 68)\");",
              "err": {},
              "uuid": "0266fdbb-3072-4c20-b4ca-14533f3dcd9a",
              "parentUUID": "8d6dfd0d-b94e-4095-9b87-d7da7f818cb0",
              "isHook": false,
              "skipped": false
            },
            {
              "title": "should prompt for Invalid credentials error when an unregistered email is used with a valid password",
              "fullTitle": "login page tests should prompt for Invalid credentials error when an unregistered email is used with a valid password",
              "timedOut": null,
              "duration": 2369,
              "state": "passed",
              "speed": "fast",
              "pass": true,
              "fail": false,
              "pending": false,
              "context": null,
              "code": "cy.visit('/');\ncy.get(_authSelectors.authSelectors.emailId).type(_authdata.default.invalidEmail);\ncy.get(_authSelectors.authSelectors.passwordId).type(_authdata.default.password);\ncy.get(_authSelectors.authSelectors.signInbutton).click();\ncy.contains(_authSelectors.authSelectors.credentialError, {\n  matchCase: false\n}).should(\"be.visible\").and(\"have.css\", \"color\", \"rgb(239, 68, 68)\");",
              "err": {},
              "uuid": "fc27d71b-3bcd-4e57-8eb4-ec2e4b977b28",
              "parentUUID": "8d6dfd0d-b94e-4095-9b87-d7da7f818cb0",
              "isHook": false,
              "skipped": false
            },
            {
              "title": "should prompt for Invalid credentials error when a registered email is used with an invalid password",
              "fullTitle": "login page tests should prompt for Invalid credentials error when a registered email is used with an invalid password",
              "timedOut": null,
              "duration": 2674,
              "state": "passed",
              "speed": "fast",
              "pass": true,
              "fail": false,
              "pending": false,
              "context": null,
              "code": "cy.visit('/');\ncy.get(_authSelectors.authSelectors.emailId).type(_authdata.default.email);\ncy.get(_authSelectors.authSelectors.passwordId).type(_authdata.default.invalidPassword);\ncy.get(_authSelectors.authSelectors.signInbutton).click();\ncy.contains(_authSelectors.authSelectors.credentialError, {\n  matchCase: false\n}).should(\"be.visible\").and(\"have.css\", \"color\", \"rgb(239, 68, 68)\");",
              "err": {},
              "uuid": "e5abdce1-ebd6-4557-871f-5c64d96a8375",
              "parentUUID": "8d6dfd0d-b94e-4095-9b87-d7da7f818cb0",
              "isHook": false,
              "skipped": false
            }
          ],
          "suites": [],
          "passes": [
            "47c909a2-3608-4f32-be70-856bd6b1d366",
            "02ca43d4-ebf8-4802-8577-d2c769611d74",
            "b83ff4da-b6c6-4b24-8715-aef5b4badfc0",
            "a113d99a-3f7a-4385-8128-320e3bc7e3a5",
            "0266fdbb-3072-4c20-b4ca-14533f3dcd9a",
            "fc27d71b-3bcd-4e57-8eb4-ec2e4b977b28",
            "e5abdce1-ebd6-4557-871f-5c64d96a8375"
          ],
          "failures": [],
          "pending": [],
          "skipped": [],
          "duration": 20992,
          "root": false,
          "rootEmpty": false,
          "_timeout": 2000
        }
      ],
      "passes": [],
      "failures": [],
      "pending": [],
      "skipped": [],
      "duration": 0,
      "root": true,
      "rootEmpty": true,
      "_timeout": 2000
    }
  ],
  "meta": {
    "mocha": {
      "version": "7.0.1"
    },
    "mochawesome": {
      "options": {
        "quiet": false,
        "reportFilename": "mochawesome",
        "saveHtml": true,
        "saveJson": true,
        "consoleReporter": "spec",
        "useInlineDiffs": false,
        "code": true
      },
      "version": "7.1.3"
    },
    "marge": {
      "options": null,
      "version": "6.2.0"
    }
  }
}